[1] "/oak/stanford/groups/omramom/group_members/aminaly/mountain_biodiversity"
Reading layer `clipped_KBAsGlobal_2020_September_02_POL' from data source `/oak/stanford/groups/omramom/group_members/aminaly/mountain_biodiversity/data/KBA/KBA2020/clipped_KBAsGlobal_2020_September_02_POL.shp' using driver `ESRI Shapefile'
Simple feature collection with 565 features and 16 fields
geometry type:  MULTIPOLYGON
dimension:      XY
bbox:           xmin: -180 ymin: -19.37969 xmax: 180 ymax: 54.22228
CRS:            4326
Reading layer `clipped_WDPA_May2021_Public_shp-polygons' from data source `/oak/stanford/groups/omramom/group_members/aminaly/mountain_biodiversity/data/WDPA/WDPA_May2021_Public_shp/WDPA_May2021_Public/clipped_WDPA_May2021_Public_shp-polygons.shp' using driver `ESRI Shapefile'
Simple feature collection with 3882 features and 30 fields
geometry type:  MULTIPOLYGON
dimension:      XY
bbox:           xmin: -179.9999 ymin: -19.19017 xmax: 179.9999 ymax: 55.64639
CRS:            4326
[1] "MULTIPOLYGON"
Classes ‘sf’ and 'data.frame':	3882 obs. of  31 variables:
 $ WDPAID    : num  156 157 161 163 164 165 166 167 168 169 ...
 $ WDPA_PID  : chr  "156" "157" "161" "163" ...
 $ PA_DEF    : chr  "1" "1" "1" "1" ...
 $ NAME      : chr  "Hitoy Cerere" "Carara" "Isla Guayabo" "Chirripo" ...
 $ ORIG_NAME : chr  "Hitoy Cerere" "Carara" "Isla Guayabo" "Chirripo" ...
 $ DESIG     : chr  "Reserva Biologica" "Parque Nacional" "Reserva Biologica" "Parque Nacional" ...
 $ DESIG_ENG : chr  "Biological Reserve" "National Park" "Biological Reserve" "National Park" ...
 $ DESIG_TYPE: chr  "National" "National" "National" "National" ...
 $ IUCN_CAT  : chr  "Ia" "II" "Ia" "II" ...
 $ INT_CRIT  : chr  "Not Applicable" "Not Applicable" "Not Applicable" "Not Applicable" ...
 $ MARINE    : chr  "0" "0" "0" "0" ...
 $ REP_M_AREA: num  0 0 0 0 422 ...
 $ GIS_M_AREA: num  0 0 0 0 0.024 ...
 $ REP_AREA  : num  99.785 53.3009 0.0627 501.24 422.263 ...
 $ GIS_AREA  : num  100.1899 53.525 0.0629 503.5791 424.0938 ...
 $ NO_TAKE   : chr  "Not Applicable" "Not Applicable" "Not Applicable" "Not Applicable" ...
 $ NO_TK_AREA: num  0 0 0 0 0 0 0 0 0 0 ...
 $ STATUS    : chr  "Designated" "Designated" "Designated" "Designated" ...
 $ STATUS_YR : num  1978 1998 1973 1975 1975 ...
 $ GOV_TYPE  : chr  "Federal or national ministry or agency" "Federal or national ministry or agency" "Federal or national ministry or agency" "Federal or national ministry or agency" ...
 $ OWN_TYPE  : chr  "State" "State" "State" "State" ...
 $ MANG_AUTH : chr  "Not Reported" "Federal or national ministry or agency" "Not Reported" "Federal or national ministry or agency" ...
 $ MANG_PLAN : chr  "Not Reported" "Not Reported" "Not Reported" "Not Reported" ...
 $ VERIF     : chr  "State Verified" "State Verified" "State Verified" "State Verified" ...
 $ METADATAID: num  811 811 811 811 811 811 811 811 811 811 ...
 $ SUB_LOC   : chr  "CR-L" "CR-P" "CR-P" "CR-C" ...
 $ PARENT_ISO: chr  "CRI" "CRI" "CRI" "CRI" ...
 $ ISO3      : chr  "CRI" "CRI" "CRI" "CRI" ...
 $ SUPP_INFO : chr  "Not Applicable" "Not Applicable" "Not Applicable" "Not Applicable" ...
 $ CONS_OBJ  : chr  "Not Applicable" "Not Applicable" "Not Applicable" "Not Applicable" ...
 $ geometry  :sfc_MULTIPOLYGON of length 3882; first list element: List of 1
  ..$ :List of 1
  .. ..$ : num [1:546, 1:2] -83 -83 -83 -83 -83 ...
  ..- attr(*, "class")= chr  "XY" "MULTIPOLYGON" "sfg"
 - attr(*, "sf_column")= chr "geometry"
 - attr(*, "agr")= Factor w/ 3 levels "constant","aggregate",..: NA NA NA NA NA NA NA NA NA NA ...
  ..- attr(*, "names")= chr  "WDPAID" "WDPA_PID" "PA_DEF" "NAME" ...
 [1] "AGO" "DZA" "GHA" "SDN" "NPL" "KOR" "CRI" "NIC" "SLV" "KHM" "JAM" "GRD"
[13] "NLD" "FJI" "MLT"
character(0)
character(0)
character(0)
[1] ISO3   nchart
<0 rows> (or 0-length row.names)
[1] 15
1 	 AGO 	 Angola 
2 	 DZA 	 Algeria 
3 	 GHA 	 Ghana 
4 	 SDN 	 Sudan 
5 	 NPL 	 Nepal 
6 	 KOR 	 South Korea 
7 	 CRI 	 Costa Rica 
8 	 NIC 	 Nicaragua 
9 	 SLV 	 El Salvador 
10 	 KHM 	 Cambodia 
11 	 JAM 	 Jamaica 
12 	 GRD 	 Grenada 
13 	 NLD 	 Netherlands 
14 	 FJI 	 Fiji 
15 	 MLT 	 Malta 
user.self 
 15.19145 
  SitRecID         kba         ovl year random nPAs    percPA ISO COUNTRY
1     6000  7727913641  7727883959 1964  FALSE    1 0.9999962 AGO  Angola
2     6001   811974363           0    0  FALSE    0 0.0000000 AGO  Angola
3     6002   573524985           0    0  FALSE    0 0.0000000 AGO  Angola
4     6003  1276314046           0    0  FALSE    0 0.0000000 AGO  Angola
5     6004 14185097316 14185055334 1938  FALSE    1 0.9999970 AGO  Angola
6     6005   990012372   450477620 1970  FALSE    1 0.4550222 AGO  Angola
'data.frame':	1095 obs. of  9 variables:
 $ SitRecID: num  6000 6001 6002 6003 6004 ...
 $ kba     : num  7.73e+09 8.12e+08 5.74e+08 1.28e+09 1.42e+10 ...
 $ ovl     : num  7.73e+09 0.00 0.00 0.00 1.42e+10 ...
 $ year    : num  1964 0 0 0 1938 ...
 $ random  : logi  FALSE FALSE FALSE FALSE FALSE FALSE ...
 $ nPAs    : num  1 0 0 0 1 1 0 0 0 0 ...
 $ percPA  : num  1 0 0 0 1 ...
 $ ISO     : chr  "AGO" "AGO" "AGO" "AGO" ...
 $ COUNTRY : chr  "Angola" "Angola" "Angola" "Angola" ...
[1] 0
