[1] "/oak/stanford/groups/omramom/group_members/aminaly/mountain_biodiversity"
Reading layer `WDPA_poly_Nov2020_filtered' from data source 
  `/oak/stanford/groups/omramom/group_members/aminaly/mountain_biodiversity/data/WDPA/WDPA_Nov2020_Public_shp/WDPA_poly_Nov2020_filtered.gdb' 
  using driver `OpenFileGDB'
Simple feature collection with 239004 features and 30 fields
Geometry type: MULTIPOLYGON
Dimension:     XY
Bounding box:  xmin: -180 ymin: -85.41189 xmax: 180 ymax: 86.45372
Geodetic CRS:  WGS 84
Reading layer `GMBA_Inventory_v2.0_broad_basic' from data source 
  `/oak/stanford/groups/omramom/group_members/aminaly/mountain_biodiversity/data/GMBA/GMBA_Inventory_v2.0_broad_basic.shp' 
  using driver `ESRI Shapefile'
Simple feature collection with 6991 features and 40 fields
Geometry type: MULTIPOLYGON
Dimension:     XY
Bounding box:  xmin: -180 ymin: -55.91467 xmax: 180 ymax: 83.62797
Geodetic CRS:  WGS 84
Reading layer `world' from data source 
  `/oak/stanford/groups/omramom/group_members/aminaly/mountain_biodiversity/data/World/world_shp/world.shp' 
  using driver `ESRI Shapefile'
Simple feature collection with 251 features and 2 fields
Geometry type: MULTIPOLYGON
Dimension:     XY
Bounding box:  xmin: -180 ymin: -90 xmax: 180 ymax: 83.6236
Geodetic CRS:  WGS 84
Reading layer `KBAsGlobal_2020_September_02_POL_noOverlaps' from data source 
  `/oak/stanford/groups/omramom/group_members/aminaly/mountain_biodiversity/data/KBA/KBA2020/KBAsGlobal_2020_September_02_POL_noOverlaps.shp' 
  using driver `ESRI Shapefile'
Simple feature collection with 15816 features and 19 fields
Geometry type: MULTIPOLYGON
Dimension:     XY
Bounding box:  xmin: -180 ymin: -79.21161 xmax: 180 ymax: 81.36814
Geodetic CRS:  WGS 84
[1] "MULTIPOLYGON"
Classes ‘sf’ and 'data.frame':	239004 obs. of  32 variables:
 $ WDPAID      : num  5.56e+08 3.05e+05 3.07e+05 3.05e+05 5.56e+08 ...
 $ WDPA_PID    : chr  "555564161" "304827" "307492" "304829" ...
 $ PA_DEF      : chr  "1" "1" "1" "1" ...
 $ NAME        : chr  "Hollis Road" "Wairakau" "Waihou Forest" "Wairere Falls" ...
 $ ORIG_NAME   : chr  "Hollis Road" "Wairakau" "Waihou Forest" "Wairere Falls" ...
 $ DESIG       : chr  "Stewardship Area" "Scenic Reserve" "Stewardship Area" "Scenic Reserve" ...
 $ DESIG_ENG   : chr  "Stewardship Area" "Scenic Reserve" "Stewardship Area" "Scenic Reserve" ...
 $ DESIG_TYPE  : chr  "National" "National" "National" "National" ...
 $ IUCN_CAT    : chr  "III" "III" "III" "III" ...
 $ INT_CRIT    : chr  "Not Applicable" "Not Applicable" "Not Applicable" "Not Applicable" ...
 $ MARINE      : chr  "0" "0" "0" "0" ...
 $ REP_M_AREA  : num  0 0 0 0 0 0 0 0 0 0 ...
 $ GIS_M_AREA  : num  0 0 0 0 0 0 0 0 0 0 ...
 $ REP_AREA    : num  0.0375 1.3146 0.2735 0.9079 0.0267 ...
 $ GIS_AREA    : num  0.0375 1.316 1.136 0.9088 0.0268 ...
 $ NO_TAKE     : chr  "Not Applicable" "Not Applicable" "Not Applicable" "Not Applicable" ...
 $ NO_TK_AREA  : num  0 0 0 0 0 0 0 0 0 0 ...
 $ STATUS      : chr  "Designated" "Designated" "Designated" "Designated" ...
 $ STATUS_YR   : int  1988 1936 1981 1908 1987 1987 1987 1987 1987 1971 ...
 $ GOV_TYPE    : chr  "Federal or national ministry or agency" "Federal or national ministry or agency" "Federal or national ministry or agency" "Federal or national ministry or agency" ...
 $ OWN_TYPE    : chr  "Not Reported" "Not Reported" "Not Reported" "Not Reported" ...
 $ MANG_AUTH   : chr  "Department of Conservation" "Department of Conservation" "Department of Conservation" "Department of Conservation" ...
 $ MANG_PLAN   : chr  "Not Reported" "Not Reported" "Not Reported" "Not Reported" ...
 $ VERIF       : chr  "State Verified" "State Verified" "State Verified" "State Verified" ...
 $ METADATAID  : int  1773 1773 1773 1773 1773 1773 1773 1773 1773 1773 ...
 $ SUB_LOC     : chr  "NZ-WKO" "NZ-WKO" "NZ-WKO;NZ-BOP" "NZ-WKO" ...
 $ PARENT_ISO3 : chr  "NZL" "NZL" "NZL" "NZL" ...
 $ ISO3        : chr  "NZL" "NZL" "NZL" "NZL" ...
 $ Shape_Length: num  0.00911 0.05396 0.10669 0.08185 0.01582 ...
 $ Shape_Area  : num  3.81e-06 1.34e-04 1.16e-04 9.27e-05 2.73e-06 ...
 $ geometry    :sfc_MULTIPOLYGON of length 239004; first list element: List of 1
  ..$ :List of 1
  .. ..$ : num [1:107, 1:2] 176 176 176 176 176 ...
  ..- attr(*, "class")= chr [1:3] "XY" "MULTIPOLYGON" "sfg"
 $ PARENT_ISO  : chr  "NZL" "NZL" "NZL" "NZL" ...
 - attr(*, "sf_column")= chr "geometry"
 - attr(*, "agr")= Factor w/ 3 levels "constant","aggregate",..: NA NA NA NA NA NA NA NA NA NA ...
  ..- attr(*, "names")= chr [1:31] "WDPAID" "WDPA_PID" "PA_DEF" "NAME" ...
  [1] "JPN" "PSE" "IND" "KAZ" "CHL" "MEX" "ITA" "BLM" "CHN" "USA" "ARG" "ECU"
 [13] "COL" "ATA" "FJI" "BOL" "PRT" "SLE" "NER" "VEN" "BRA" "FSM" "COK" "AUS"
 [25] "ETH" "BVT" "MNE" "IDN" "NAM" "SRB" "PNG" "SHN" "PAN" "SVN" "NCL" "FLK"
 [37] "MDG" "KWT" "GIN" "GBR" "PRK" "GRL" "IRL" "POL" "ESP" "SPM" "CAN" "BGD"
 [49] "DOM" "BTN" "NZL" "YEM" "COD" "TLS" "TZA" "JAM" "HTI" "BHS" "ZWE" "VIR"
 [61] "PRI" "GRD" "ATG" "LCA" "VCT" "DMA" "BRB" "VUT" "MOZ" "MWI" "VNM" "LAO"
 [73] "KHM" "THA" "ZAF" "RWA" "LBR" "CMR" "TUR" "KIR" "PER" "SYC" "TTO" "CUB"
 [85] "MSR" "UKR" "GTM" "KEN" "AGO" "CRI" "SLV" "NGA" "IRQ" "UGA" "CIV" "HND"
 [97] "BMU" "LKA" "MYS" "SOM" "PHL" "CYM" "GRC" "COM" "MAR" "DZA" "MUS" "MMR"
[109] "SSD" "PYF" "MNP" "WSM" "PCN" "REU" "SLB" "CPV" "CXR" "ATF" "STP" "TWN"
[121] "IRN" "ARM" "AUT" "URY" "PRY" "AFG" "RUS" "NFK" "GAB" "COG" "ISR" "HKG"
[133] "GLP" "BLZ" "GNQ" "ABW" "GHA" "SGS" "BLR" "---" NA    "NPL" "HUN" "BWA"
[145] "BDI" "DEU" "NLD" "ZMB" "JOR" "TUN" "MKD" "ALB" "PLW" "LBN" "SYR" "LBY"
[157] "EGY" "MLT" "TGO" "BEN" "UZB" "TJK" "KGZ" "PAK" "TKM" "ARE" "AZE" "GEO"
[169] "BIH" "HRV" "FRA" "CYP" "GIB" "NOR" "GMB" "SEN" "GNB" "MRT" "SWE" "NRU"
[181] "GUM" "BEL" "SWZ" "UMI" "WLF" "TKL" "ASM" "TON" "MHL" "NIU" "MYT" "FIN"
[193] "SGP" "GUY" "SJM" "DNK" "SAU" "AIA" "VGB" "KNA" "TCA" "BES" "CUW" "MTQ"
[205] "MAF" "SXM" "MAC" "NIC" "MDV" "LVA" "LUX" "GUF" "ERI" "MNG" "ROU" "SVK"
[217] "CCK" "HMD" "SUR" "LTU" "CZE" "BGR" "EST" "IOT" "KOR" "BRN" "QAT" "OMN"
[229] "BHR" "TCD" "SDN" "MLI" "LSO" "DJI" "CAF" "BFA" "CHE" "MDA" "ISL" "LIE"
[241] "FRO" "AND"
[1] "High Seas" NA         
[1] NA
[1] "Philippines"
                                               ISO3 nchart
21                                  BLM;GLP;MAF;MTQ     15
23                                          BLR;POL      7
32                                          CAN;USA      7
34                                          CHE;ITA      7
36                                          CIV;GIN      7
40                                          CRI;PAN      7
56                                          FIN;SWE      7
61                                          FRA;ESP      7
62                                      FRA;ITA;MCO     11
106                                         MNG;RUS      7
117                                     NLD;DEU;DNK     11
139                                         SVK;HUN      7
154                                     UZB;KGZ;KAZ     11
163                                         ZMB;ZWE      7
175 DEU;SVK;ALB;AUT;BEL;BGR;ESP;HRV;ITA;ROU;SVN;UKR     47
205                                     COG;CMR;CAF     11
213                                         MKD;ALB      7
218                                     BFA;NER;BEN     11
236                                         LSO;ZAF      7
1 	 11695 	 JPN 
[1] "made it here"
2 	 20818 	 JPN 
[1] "made it here"
3 	 14099 	 PSE ISR LBN JOR 
[1] "made it here"
4 	 19497 	 IND 
[1] "made it here"
5 	 21014 	 CHL 
[1] "made it here"
6 	 14776 	 ITA 
[1] "made it here"
7 	 19471 	 ITA 
[1] "made it here"
8 	 19556 	 USA 
9 	 12928 	 USA 
[1] "made it here"
10 	 13083 	 MEX 
[1] "made it here"
11 	 14556 	 MEX 
[1] "made it here"
12 	 15626 	 ECU 
[1] "made it here"
13 	 12386 	 ECU 
[1] "made it here"
14 	 17731 	 MEX 
[1] "made it here"
15 	 17732 	 MEX 
[1] "made it here"
16 	 18773 	 ECU 
[1] "made it here"
17 	 18775 	 ECU 
[1] "made it here"
18 	 21005 	 MEX 
[1] "made it here"
19 	 17735 	 MEX 
[1] "made it here"
20 	 20033 	 PRT ESP 
[1] "made it here"
21 	 15602 	 VEN 
22 	 18840 	 FSM 
23 	 20944 	 AUS 
[1] "made it here"
24 	 14868 	 MNE 
25 	 14871 	 MNE 
[1] "made it here"
26 	 15784 	 USA 
[1] "made it here"
27 	 15605 	 VEN 
[1] "made it here"
28 	 14774 	 IND 
[1] "made it here"
29 	 17737 	 MEX 
[1] "made it here"
30 	 17745 	 MEX 
[1] "made it here"
31 	 19763 	 MEX 
[1] "made it here"
32 	 19764 	 MEX 
[1] "made it here"
33 	 20806 	 SRB 
34 	 15160 	 SRB 
35 	 19487 	 SRB 
36 	 19875 	 SRB 
37 	 20059 	 SRB ROU 
[1] "made it here"
38 	 20190 	 SRB ROU 
[1] "made it here"
39 	 20191 	 SRB 
[1] "made it here"
40 	 14478 	 SRB 
[1] "made it here"
41 	 13909 	 IND 
[1] "made it here"
42 	 19187 	 IND 
43 	 18093 	 IND 
[1] "made it here"
44 	 15746 	 IND 
45 	 18369 	 IND 
[1] "made it here"
46 	 19502 	 IND 
[1] "made it here"
47 	 18854 	 IDN 
[1] "made it here"
48 	 11253 	 PAN CRI 
[1] "made it here"
49 	 14828 	 SVN HRV 
[1] "made it here"
50 	 19344 	 MDG 
[1] "made it here"
51 	 19011 	 IRL 
[1] "made it here"
52 	 18977 	 IRL 
[1] "made it here"
53 	 19007 	 IRL 
[1] "made it here"
54 	 19716 	 CHL 
55 	 13061 	 CHL 
[1] "made it here"
56 	 19316 	 CHL 
[1] "made it here"
57 	 12566 	 CHL 
[1] "made it here"
58 	 21008 	 COL 
[1] "made it here"
59 	 11743 	 MDG 
60 	 12226 	 MDG 
61 	 15335 	 MDG 
62 	 15334 	 MDG 
63 	 12678 	 MDG 
[1] "made it here"
64 	 12225 	 MDG 
[1] "made it here"
65 	 15332 	 MDG 
[1] "made it here"
66 	 18996 	 GBR IRL 
[1] "made it here"
67 	 19470 	 GBR IRL 
[1] "made it here"
68 	 20995 	 GBR 
[1] "made it here"
69 	 18992 	 GBR 
[1] "made it here"
70 	 18998 	 GBR IRL 
[1] "made it here"
71 	 18995 	 GBR IRL 
[1] "made it here"
72 	 18990 	 GBR IRL 
[1] "made it here"
73 	 19020 	 GBR 
[1] "made it here"
74 	 19467 	 GBR 
[1] "made it here"
75 	 19468 	 GBR 
[1] "made it here"
76 	 19018 	 GBR 
[1] "made it here"
77 	 11678 	 GBR 
[1] "made it here"
78 	 20992 	 GBR 
[1] "made it here"
79 	 12454 	 GBR 
[1] "made it here"
80 	 18972 	 GBR 
[1] "made it here"
81 	 19055 	 GBR 
[1] "made it here"
82 	 18971 	 GBR 
[1] "made it here"
83 	 18973 	 GBR 
[1] "made it here"
84 	 21037 	 GBR 
[1] "made it here"
85 	 18974 	 GBR 
[1] "made it here"
86 	 19469 	 GBR 
[1] "made it here"
87 	 18999 	 GBR 
[1] "made it here"
88 	 19054 	 GBR 
[1] "made it here"
89 	 20006 	 GBR 
[1] "made it here"
90 	 20991 	 GBR 
[1] "made it here"
91 	 20886 	 GBR 
[1] "made it here"
92 	 19000 	 GBR 
[1] "made it here"
93 	 19001 	 GBR 
[1] "made it here"
94 	 19003 	 GBR 
[1] "made it here"
95 	 19006 	 GBR 
[1] "made it here"
96 	 17851 	 PRT 
[1] "made it here"
97 	 15357 	 MEX 
[1] "made it here"
98 	 15353 	 MEX 
[1] "made it here"
99 	 12579 	 CHL 
100 	 16805 	 CAN 
[1] "made it here"
101 	 19667 	 CAN 
102 	 14510 	 SLE 
[1] "made it here"
103 	 12187 	 IND MMR 
104 	 18358 	 IND BGD 
105 	 13826 	 NZL 
[1] "made it here"
106 	 19760 	 IND 
107 	 19499 	 IND 
[1] "made it here"
108 	 19267 	 IND 
[1] "made it here"
109 	 11912 	 MEX 
[1] "made it here"
110 	 11898 	 MEX 
[1] "made it here"
111 	 17752 	 MEX 
[1] "made it here"
112 	 21004 	 MEX 
[1] "made it here"
113 	 18981 	 IRL 
[1] "made it here"
114 	 18986 	 IRL 
[1] "made it here"
115 	 20003 	 IRL 
[1] "made it here"
116 	 12589 	 YEM 
[1] "made it here"
117 	 12733 	 TZA 
[1] "made it here"
118 	 14360 	 IND 
119 	 18425 	 IND 
[1] "made it here"
120 	 19501 	 IND 
[1] "made it here"
121 	 11137 	 IND 
122 	 18364 	 IND 
123 	 19761 	 IND 
[1] "made it here"
124 	 14585 	 HTI DOM 
[1] "made it here"
125 	 18747 	 VIR 
[1] "made it here"
126 	 14591 	 PRI 
[1] "made it here"
127 	 11992 	 JAM 
[1] "made it here"
128 	 14594 	 JAM 
[1] "made it here"
129 	 14595 	 JAM 
[1] "made it here"
130 	 11609 	 HTI 
[1] "made it here"
131 	 13950 	 GRD 
[1] "made it here"
132 	 14597 	 ATG 
[1] "made it here"
133 	 14604 	 LCA 
[1] "made it here"
134 	 18745 	 VIR 
[1] "made it here"
135 	 14605 	 VCT 
[1] "made it here"
136 	 14603 	 DMA 
[1] "made it here"
137 	 18767 	 BRB 
[1] "made it here"
138 	 14692 	 DOM 
[1] "made it here"
139 	 11892 	 DOM HTI 
[1] "made it here"
140 	 14582 	 DOM HTI 
[1] "made it here"
141 	 19653 	 DOM 
[1] "made it here"
142 	 15063 	 ESP 
[1] "made it here"
143 	 18697 	 ESP 
[1] "made it here"
144 	 15042 	 ESP 
[1] "made it here"
145 	 18706 	 ESP 
[1] "made it here"
146 	 17846 	 ESP PRT 
[1] "made it here"
147 	 17847 	 ESP 
[1] "made it here"
148 	 17845 	 ESP PRT 
[1] "made it here"
149 	 15096 	 ESP 
[1] "made it here"
150 	 18514 	 MWI 
[1] "made it here"
151 	 19042 	 MWI 
152 	 20330 	 MWI 
153 	 19364 	 MWI 
154 	 19183 	 MWI 
155 	 18189 	 MWI 
156 	 14079 	 MWI 
157 	 13123 	 MWI 
158 	 11181 	 THA LAO KHM 
[1] "made it here"
159 	 20347 	 RWA BDI 
[1] "made it here"
160 	 20348 	 RWA 
161 	 19423 	 CHN 
162 	 20578 	 FSM 
163 	 12567 	 CHL 
[1] "made it here"
164 	 14444 	 VEN 
[1] "made it here"
165 	 15646 	 VEN 
166 	 20951 	 VEN 
[1] "made it here"
167 	 15180 	 VEN 
[1] "made it here"
168 	 18719 	 SYC 
[1] "made it here"
169 	 11774 	 NZL 
[1] "made it here"
170 	 14608 	 TTO 
[1] "made it here"
171 	 19513 	 VNM KHM LAO THA 
[1] "made it here"
172 	 19994 	 BRA 
173 	 18250 	 BRA 
174 	 11850 	 BRA 
[1] "made it here"
175 	 11462 	 BRA GUY 
[1] "made it here"
176 	 19311 	 BRA 
[1] "made it here"
177 	 19312 	 BRA GUY 
[1] "made it here"
178 	 19307 	 BRA 
[1] "made it here"
179 	 17722 	 MEX 
[1] "made it here"
180 	 17727 	 MEX 
181 	 17728 	 MEX 
[1] "made it here"
182 	 21039 	 KEN 
[1] "made it here"
183 	 19332 	 ETH 
184 	 19338 	 ETH 
185 	 11722 	 IDN 
[1] "made it here"
186 	 12109 	 IDN 
[1] "made it here"
187 	 11716 	 IDN 
[1] "made it here"
188 	 12219 	 IDN 
189 	 18816 	 PNG 
190 	 19525 	 PNG 
[1] "made it here"
191 	 12710 	 PNG 
192 	 12662 	 PNG 
193 	 11815 	 PNG 
194 	 13052 	 BRA 
[1] "made it here"
195 	 18240 	 BRA 
[1] "made it here"
196 	 18184 	 CIV LBR 
[1] "made it here"
197 	 12820 	 LKA 
[1] "made it here"
198 	 20362 	 LKA 
[1] "made it here"
199 	 14632 	 TUR SYR 
200 	 12751 	 PHL 
[1] "made it here"
201 	 12487 	 MYS THA 
[1] "made it here"
202 	 18778 	 ECU 
[1] "made it here"
203 	 14276 	 SHN 
204 	 17750 	 MEX 
[1] "made it here"
205 	 17756 	 MEX 
206 	 18723 	 PHL 
207 	 14584 	 HTI 
[1] "made it here"
208 	 20586 	 IDN 
[1] "made it here"
209 	 15191 	 AUS 
[1] "made it here"
210 	 19027 	 PCN 
[1] "made it here"
211 	 11929 	 COL 
[1] "made it here"
212 	 18844 	 SLB 
213 	 18890 	 IDN 
214 	 11653 	 CHN 
[1] "made it here"
215 	 20876 	 CHN 
[1] "made it here"
216 	 13048 	 BRA 
[1] "made it here"
217 	 19308 	 BRA 
218 	 14255 	 BRA 
[1] "made it here"
219 	 19723 	 BRA 
[1] "made it here"
220 	 18196 	 STP 
[1] "made it here"
221 	 15259 	 PHL 
[1] "made it here"
222 	 19530 	 PHL 
[1] "made it here"
223 	 19352 	 ZAF 
[1] "made it here"
224 	 15930 	 USA 
[1] "made it here"
225 	 18238 	 BRA 
[1] "made it here"
226 	 14578 	 CUB 
227 	 14579 	 CUB 
[1] "made it here"
228 	 18241 	 BRA 
[1] "made it here"
229 	 19167 	 JPN 
[1] "made it here"
230 	 13050 	 BRA 
231 	 18239 	 BRA 
[1] "made it here"
232 	 12281 	 MDG 
[1] "made it here"
233 	 15333 	 MDG 
[1] "made it here"
234 	 21018 	 MUS 
235 	 19722 	 BRA 
[1] "made it here"
236 	 14438 	 COL 
237 	 14566 	 GTM 
238 	 11273 	 BRA 
239 	 18311 	 CHN 
240 	 12948 	 MYS THA 
[1] "made it here"
241 	 17751 	 MEX 
242 	 12606 	 NCL 
[1] "made it here"
243 	 11856 	 BRA 
244 	 11885 	 CHN VNM 
245 	 18495 	 CHN 
246 	 19424 	 CHN 
247 	 14441 	 COL 
248 	 11926 	 CUB 
[1] "made it here"
249 	 14425 	 AUS 
[1] "made it here"
250 	 19157 	 NFK 
[1] "made it here"
251 	 19686 	 AUS 
[1] "made it here"
252 	 15261 	 PHL 
253 	 14459 	 GAB 
[1] "made it here"
254 	 14297 	 IND 
[1] "made it here"
255 	 11755 	 USA 
[1] "made it here"
256 	 18878 	 USA 
[1] "made it here"
257 	 18879 	 USA 
258 	 11457 	 USA 
[1] "made it here"
259 	 18882 	 USA 
[1] "made it here"
260 	 19711 	 ECU 
261 	 14398 	 AUS 
[1] "made it here"
262 	 15142 	 MYS 
[1] "made it here"
263 	 19531 	 MYS 
[1] "made it here"
264 	 19899 	 GRC 
[1] "made it here"
265 	 19900 	 GRC 
[1] "made it here"
266 	 19901 	 GRC 
[1] "made it here"
267 	 11301 	 PHL 
[1] "made it here"
268 	 19551 	 ISR SYR JOR PSE 
[1] "made it here"
269 	 11882 	 IND 
270 	 19195 	 IND 
[1] "made it here"
271 	 19654 	 PRI 
[1] "made it here"
272 	 14392 	 AUS 
[1] "made it here"
273 	 19831 	 AUS 
[1] "made it here"
274 	 19726 	 BRA 
[1] "made it here"
275 	 11629 	 MMR 
[1] "made it here"
276 	 15749 	 MMR 
[1] "made it here"
277 	 11659 	 MMR 
[1] "made it here"
278 	 18257 	 BRA 
279 	 18258 	 BRA 
280 	 20044 	 IDN 
281 	 15201 	 AUS 
[1] "made it here"
282 	 13110 	 ARG 
283 	 19713 	 ARG 
284 	 11626 	 JPN 
[1] "made it here"
285 	 18782 	 CHL 
[1] "made it here"
286 	 19120 	 VNM 
287 	 19518 	 VNM 
[1] "made it here"
288 	 12298 	 IDN 
289 	 12711 	 IDN 
290 	 18855 	 PHL 
[1] "made it here"
291 	 11840 	 BRA 
[1] "made it here"
292 	 12069 	 CHN 
293 	 19979 	 BRA 
294 	 15340 	 MDG 
[1] "made it here"
295 	 21044 	 MDG 
[1] "made it here"
296 	 13167 	 NZL 
[1] "made it here"
297 	 14553 	 BLZ 
[1] "made it here"
298 	 20367 	 AUS 
[1] "made it here"
299 	 14440 	 COL 
300 	 11890 	 ARG 
301 	 11237 	 PER 
302 	 20041 	 ZAF 
303 	 11696 	 ZAF 
[1] "made it here"
304 	 12013 	 ZAF 
[1] "made it here"
305 	 18278 	 ZAF 
[1] "made it here"
306 	 19351 	 ZAF 
[1] "made it here"
307 	 13026 	 ZAF 
[1] "made it here"
308 	 15582 	 ZAF 
[1] "made it here"
309 	 15596 	 ZAF 
[1] "made it here"
310 	 18277 	 ZAF 
[1] "made it here"
311 	 13024 	 ZAF 
[1] "made it here"
312 	 20040 	 NAM 
[1] "made it here"
313 	 15237 	 PHL 
[1] "made it here"
314 	 15238 	 PHL 
315 	 15239 	 PHL 
316 	 15242 	 PHL 
[1] "made it here"
317 	 15244 	 PHL 
[1] "made it here"
318 	 15260 	 PHL 
319 	 18863 	 PHL 
320 	 15258 	 PHL 
[1] "made it here"
321 	 11238 	 PHL 
322 	 11628 	 PHL 
[1] "made it here"
323 	 15254 	 PHL 
324 	 15241 	 PHL 
325 	 19528 	 PHL 
[1] "made it here"
326 	 11921 	 PHL 
327 	 12095 	 PHL 
328 	 18696 	 IDN 
[1] "made it here"
329 	 13008 	 KEN 
[1] "made it here"
330 	 13012 	 KEN 
[1] "made it here"
331 	 18142 	 KEN 
[1] "made it here"
332 	 20352 	 KEN 
[1] "made it here"
333 	 14074 	 KEN TZA 
[1] "made it here"
334 	 12839 	 NPL IND 
[1] "made it here"
335 	 18694 	 IDN 
[1] "made it here"
336 	 14357 	 MDG 
[1] "made it here"
337 	 19329 	 UGA TZA 
[1] "made it here"
338 	 19747 	 UGA TZA KEN 
[1] "made it here"
339 	 18198 	 TZA 
340 	 21043 	 TZA 
[1] "made it here"
341 	 19283 	 IND 
[1] "made it here"
342 	 20608 	 KEN 
343 	 20364 	 LKA 
[1] "made it here"
344 	 19347 	 TUN 
[1] "made it here"
345 	 19368 	 CPV 
[1] "made it here"
346 	 15765 	 MAR 
[1] "made it here"
347 	 15158 	 ALB MNE 
[1] "made it here"
348 	 19483 	 ALB 
[1] "made it here"
349 	 14893 	 ALB MNE 
[1] "made it here"
350 	 20888 	 ALB MNE 
[1] "made it here"
351 	 10087 	 DZA MAR 
[1] "made it here"
352 	 11430 	 SYR TUR 
353 	 11438 	 SYR LBN 
[1] "made it here"
354 	 14633 	 SYR 
[1] "no PAs"
355 	 15750 	 TUN DZA 
[1] "made it here"
356 	 15751 	 TUN 
[1] "made it here"
357 	 11775 	 MAR ESP 
[1] "made it here"
358 	 11625 	 MAR 
[1] "made it here"
359 	 14874 	 ALB MNE 
[1] "made it here"
360 	 18947 	 GNQ 
[1] "made it here"
361 	 18211 	 LBR 
362 	 18213 	 LBR 
[1] "made it here"
363 	 18212 	 LBR 
[1] "made it here"
364 	 15173 	 SLE 
[1] "made it here"
365 	 18210 	 SLE 
[1] "made it here"
366 	 20620 	 SLE 
[1] "made it here"
367 	 14503 	 SLE 
368 	 19953 	 NGA 
[1] "made it here"
369 	 19327 	 NGA 
[1] "made it here"
370 	 12274 	 GIN 
[1] "made it here"
371 	 14355 	 GIN 
[1] "made it here"
372 	 19366 	 GIN SLE 
[1] "made it here"
373 	 18152 	 GHA 
[1] "made it here"
374 	 15171 	 CMR 
375 	 19264 	 CMR 
376 	 19791 	 CMR 
377 	 15172 	 GHA 
[1] "made it here"
378 	 19395 	 CHN 
379 	 11325 	 CHN 
380 	 11487 	 CHN 
381 	 15720 	 CHN 
382 	 11216 	 UZB 
383 	 19928 	 CHN 
384 	 11280 	 CHN 
385 	 12175 	 CHN 
386 	 11543 	 UZB TKM 
387 	 12217 	 UZB 
388 	 11502 	 UZB 
389 	 14501 	 ARE OMN 
[1] "made it here"
390 	 14499 	 ARE OMN 
[1] "made it here"
391 	 19540 	 RUS 
392 	 15673 	 RUS 
393 	 20914 	 IRN AZE 
[1] "made it here"
394 	 19545 	 IRN 
[1] "made it here"
395 	 12491 	 IRN 
[1] "made it here"
396 	 19541 	 AZE 
397 	 14621 	 TUR 
398 	 15669 	 AZE 
399 	 19544 	 AZE 
[1] "made it here"
400 	 15668 	 AZE 
[1] "made it here"
401 	 12687 	 GEO 
[1] "made it here"
402 	 15662 	 GEO 
403 	 15670 	 GEO 
404 	 11121 	 GEO TUR 
[1] "made it here"
405 	 15657 	 GEO 
[1] "made it here"
406 	 15666 	 GEO 
[1] "made it here"
407 	 12691 	 AZE 
[1] "made it here"
408 	 19485 	 ALB GRC 
[1] "made it here"
409 	 11368 	 ALB 
[1] "made it here"
410 	 12960 	 ALB 
411 	 12959 	 ALB 
[1] "made it here"
412 	 18554 	 CPV 
[1] "made it here"
413 	 12999 	 DZA 
[1] "made it here"
414 	 10088 	 DZA 
[1] "made it here"
415 	 14839 	 BIH HRV 
[1] "made it here"
416 	 14833 	 BIH HRV 
[1] "made it here"
417 	 14855 	 BIH 
418 	 14857 	 BIH 
419 	 10096 	 DZA 
[1] "made it here"
420 	 15770 	 DZA 
[1] "made it here"
421 	 11160 	 MKD GRC 
[1] "made it here"
422 	 14892 	 MNE 
423 	 18683 	 TUR 
424 	 14672 	 TUR 
[1] "made it here"
425 	 14687 	 TUR 
426 	 11348 	 TUR 
[1] "made it here"
427 	 11165 	 TUR 
428 	 12083 	 TUR 
429 	 11292 	 TUR 
430 	 14654 	 TUR 
431 	 11182 	 TUR 
432 	 14306 	 LBY 
[1] "no PAs"
433 	 15754 	 DZA 
[1] "made it here"
434 	 10084 	 DZA 
435 	 14689 	 TUR 
436 	 19345 	 MAR 
[1] "made it here"
437 	 15767 	 MAR 
438 	 14728 	 TUR 
[1] "made it here"
439 	 19738 	 TUR 
[1] "made it here"
440 	 11142 	 TUR 
441 	 14711 	 TUR 
[1] "made it here"
442 	 14616 	 TUR GRC 
[1] "made it here"
443 	 14759 	 TUR 
444 	 12993 	 TUR 
445 	 14772 	 TUR 
446 	 18710 	 TUR 
447 	 14769 	 TUR 
448 	 11594 	 TUR 
449 	 12778 	 TUR 
[1] "made it here"
450 	 13032 	 TUN 
[1] "made it here"
451 	 20916 	 TUR 
452 	 14837 	 MNE 
[1] "made it here"
453 	 18680 	 TUR GRC 
[1] "made it here"
454 	 10086 	 MAR 
455 	 10089 	 DZA 
[1] "made it here"
456 	 20614 	 DZA 
[1] "made it here"
457 	 10090 	 DZA 
[1] "made it here"
458 	 11605 	 TUR 
459 	 14714 	 TUR 
460 	 12081 	 TUR 
[1] "made it here"
461 	 12028 	 TUR 
[1] "made it here"
462 	 14729 	 TUR 
[1] "made it here"
463 	 14763 	 TUR 
[1] "made it here"
464 	 14657 	 TUR 
[1] "made it here"
465 	 14834 	 HRV 
[1] "made it here"
466 	 15060 	 ESP 
[1] "made it here"
467 	 15061 	 ESP GIB 
[1] "made it here"
468 	 15062 	 ESP GIB 
[1] "made it here"
469 	 15064 	 ESP 
[1] "made it here"
470 	 19066 	 ESP 
[1] "made it here"
471 	 19067 	 ESP 
[1] "made it here"
472 	 19068 	 ESP 
[1] "made it here"
473 	 12527 	 ESP 
[1] "made it here"
474 	 12529 	 ESP 
[1] "made it here"
475 	 19069 	 ESP 
[1] "made it here"
476 	 11566 	 ESP 
[1] "made it here"
477 	 12528 	 ESP 
[1] "made it here"
478 	 11361 	 ESP 
[1] "made it here"
479 	 12800 	 ESP 
480 	 20032 	 ESP 
[1] "made it here"
481 	 15015 	 ESP 
[1] "made it here"
482 	 15017 	 ESP 
[1] "made it here"
483 	 15111 	 ESP 
[1] "made it here"
484 	 19917 	 ESP 
[1] "made it here"
485 	 15110 	 ESP 
[1] "made it here"
486 	 17994 	 ESP 
[1] "made it here"
487 	 17990 	 ESP 
[1] "made it here"
488 	 19925 	 ESP 
[1] "made it here"
489 	 12798 	 ESP 
490 	 14991 	 ESP 
491 	 15035 	 ESP 
[1] "made it here"
492 	 15076 	 ESP 
493 	 17832 	 ESP 
[1] "made it here"
494 	 15034 	 ESP 
[1] "made it here"
495 	 19922 	 ESP 
[1] "made it here"
496 	 15030 	 ESP 
497 	 20997 	 ESP 
[1] "made it here"
498 	 15010 	 ESP 
[1] "made it here"
499 	 19495 	 ESP 
[1] "made it here"
500 	 20051 	 ESP 
[1] "made it here"
501 	 15136 	 ESP 
[1] "made it here"
502 	 15137 	 ESP 
[1] "made it here"
503 	 15138 	 ESP 
[1] "made it here"
504 	 15141 	 ESP 
[1] "made it here"
505 	 19040 	 ESP 
[1] "made it here"
506 	 15054 	 ESP 
[1] "made it here"
507 	 15058 	 ESP FRA 
[1] "made it here"
508 	 15048 	 ESP 
[1] "made it here"
509 	 15052 	 ESP 
510 	 15043 	 ESP 
[1] "made it here"
511 	 15044 	 ESP 
[1] "made it here"
512 	 15046 	 ESP 
[1] "made it here"
513 	 15047 	 ESP 
[1] "made it here"
514 	 18707 	 ESP 
[1] "made it here"
515 	 18708 	 ESP 
[1] "made it here"
516 	 17991 	 ESP 
[1] "made it here"
517 	 17852 	 ESP 
[1] "made it here"
518 	 17854 	 ESP 
[1] "made it here"
519 	 12817 	 ESP 
[1] "made it here"
520 	 17855 	 ESP 
[1] "made it here"
521 	 17856 	 ESP 
[1] "made it here"
522 	 15066 	 ESP 
[1] "made it here"
523 	 15070 	 ESP 
[1] "made it here"
524 	 18698 	 ESP 
[1] "made it here"
525 	 18660 	 ESP 
[1] "made it here"
526 	 19926 	 ESP 
[1] "made it here"
527 	 20037 	 ESP 
[1] "made it here"
528 	 15091 	 ESP 
529 	 19496 	 ESP PRT 
[1] "made it here"
530 	 12813 	 ESP 
[1] "made it here"
531 	 19916 	 ESP 
532 	 15068 	 ESP 
[1] "made it here"
533 	 19920 	 ESP 
534 	 15098 	 ESP 
[1] "made it here"
535 	 15099 	 ESP 
[1] "made it here"
536 	 15094 	 ESP 
537 	 15095 	 ESP 
[1] "made it here"
538 	 18657 	 ESP 
539 	 18663 	 ESP 
[1] "made it here"
540 	 15097 	 ESP 
[1] "made it here"
541 	 15104 	 ESP 
542 	 12819 	 ESP 
[1] "made it here"
543 	 17853 	 ESP 
[1] "made it here"
544 	 19918 	 ESP 
[1] "made it here"
545 	 17993 	 ESP 
[1] "made it here"
546 	 14996 	 ESP 
[1] "made it here"
547 	 14994 	 ESP 
[1] "made it here"
548 	 19924 	 ESP 
[1] "made it here"
549 	 15009 	 ESP 
[1] "made it here"
550 	 15002 	 ESP 
551 	 12799 	 ESP 
[1] "made it here"
552 	 17844 	 ESP 
[1] "made it here"
553 	 14978 	 ESP 
[1] "made it here"
554 	 14981 	 ESP 
[1] "made it here"
555 	 12964 	 HRV 
[1] "made it here"
556 	 14894 	 HRV 
[1] "made it here"
557 	 19480 	 HRV 
[1] "made it here"
558 	 14829 	 HRV 
[1] "made it here"
559 	 14842 	 HRV 
[1] "made it here"
560 	 12965 	 HRV 
[1] "made it here"
561 	 12972 	 HRV 
[1] "made it here"
562 	 14781 	 ITA 
[1] "made it here"
563 	 14778 	 ITA 
[1] "made it here"
564 	 14783 	 ITA 
[1] "made it here"
565 	 12461 	 ITA 
[1] "made it here"
566 	 17711 	 ITA 
[1] "made it here"
567 	 19207 	 ITA 
[1] "made it here"
568 	 19205 	 ITA 
[1] "made it here"
569 	 19461 	 ITA 
[1] "made it here"
570 	 14782 	 ITA 
[1] "made it here"
571 	 12462 	 ITA 
[1] "made it here"
572 	 14784 	 ITA 
[1] "made it here"
573 	 12432 	 ITA 
[1] "made it here"
574 	 14786 	 ITA 
[1] "made it here"
575 	 12433 	 ITA 
[1] "made it here"
576 	 19462 	 ITA 
[1] "made it here"
577 	 12434 	 ITA 
[1] "made it here"
578 	 19039 	 ITA 
[1] "made it here"
579 	 19459 	 ITA 
[1] "made it here"
580 	 12429 	 ITA 
[1] "made it here"
581 	 15774 	 ITA 
[1] "made it here"
582 	 15779 	 ITA 
[1] "made it here"
583 	 19479 	 ITA 
[1] "made it here"
584 	 18167 	 ITA 
[1] "made it here"
585 	 19472 	 ITA 
[1] "made it here"
586 	 19206 	 ITA 
[1] "made it here"
587 	 19060 	 ITA 
[1] "made it here"
588 	 19062 	 ITA 
[1] "made it here"
589 	 19063 	 ITA 
[1] "made it here"
590 	 19064 	 ITA 
[1] "made it here"
591 	 18169 	 ITA 
[1] "made it here"
592 	 19481 	 ITA SVN 
[1] "made it here"
593 	 15131 	 FRA 
[1] "made it here"
594 	 10014 	 FRA 
[1] "made it here"
595 	 15132 	 FRA 
[1] "made it here"
596 	 10016 	 FRA 
[1] "made it here"
597 	 15503 	 FRA 
[1] "made it here"
598 	 15368 	 FRA 
[1] "made it here"
599 	 15375 	 FRA 
[1] "made it here"
600 	 15376 	 FRA 
[1] "made it here"
601 	 15484 	 FRA 
[1] "made it here"
602 	 17920 	 FRA 
603 	 18678 	 FRA 
[1] "made it here"
604 	 17918 	 FRA 
[1] "made it here"
605 	 12468 	 FRA 
[1] "made it here"
606 	 12469 	 FRA 
[1] "made it here"
607 	 12464 	 FRA 
[1] "made it here"
608 	 12465 	 FRA 
[1] "made it here"
609 	 12466 	 FRA 
[1] "made it here"
610 	 12467 	 FRA 
[1] "made it here"
611 	 12463 	 FRA 
[1] "made it here"
612 	 11651 	 CYP 
[1] "made it here"
613 	 19457 	 CYP 
614 	 18709 	 CYP 
615 	 19075 	 PRT 
[1] "made it here"
616 	 18684 	 GRC 
[1] "made it here"
617 	 19454 	 GRC 
[1] "made it here"
618 	 14796 	 GRC 
[1] "made it here"
619 	 19908 	 GRC 
[1] "made it here"
620 	 18690 	 GRC 
[1] "made it here"
621 	 19969 	 GRC 
[1] "made it here"
622 	 18689 	 GRC 
[1] "made it here"
623 	 11707 	 GRC 
[1] "made it here"
624 	 14803 	 GRC 
[1] "made it here"
625 	 18691 	 GRC 
[1] "made it here"
626 	 19893 	 GRC 
[1] "made it here"
627 	 19071 	 PRT 
[1] "made it here"
628 	 19070 	 PRT 
[1] "made it here"
629 	 19076 	 PRT 
[1] "made it here"
630 	 19073 	 PRT 
[1] "made it here"
631 	 19072 	 PRT 
[1] "made it here"
632 	 19074 	 PRT 
[1] "made it here"
633 	 19077 	 PRT 
[1] "made it here"
634 	 19078 	 PRT 
[1] "made it here"
635 	 17849 	 PRT 
[1] "made it here"
636 	 17848 	 PRT 
[1] "made it here"
637 	 20880 	 GRC 
[1] "made it here"
638 	 14801 	 GRC 
[1] "made it here"
639 	 15392 	 ITA 
[1] "made it here"
640 	 18168 	 ITA 
[1] "made it here"
641 	 12314 	 ITA 
[1] "made it here"
642 	 19477 	 ITA 
[1] "made it here"
643 	 14779 	 ITA 
[1] "made it here"
644 	 18598 	 ITA 
[1] "made it here"
645 	 19476 	 ITA 
[1] "made it here"
646 	 19452 	 ITA 
[1] "made it here"
647 	 18946 	 GRC 
[1] "made it here"
648 	 15149 	 GRC 
[1] "made it here"
649 	 19458 	 GRC 
[1] "made it here"
650 	 14790 	 GRC 
[1] "made it here"
651 	 19456 	 GRC 
[1] "made it here"
652 	 14787 	 GRC 
[1] "made it here"
653 	 19885 	 GRC 
[1] "made it here"
654 	 12705 	 GRC 
[1] "made it here"
655 	 19888 	 GRC 
[1] "made it here"
656 	 14807 	 GRC 
[1] "made it here"
657 	 11693 	 GRC 
[1] "made it here"
658 	 18416 	 GRC 
[1] "made it here"
659 	 19896 	 GRC 
[1] "made it here"
660 	 19897 	 GRC 
[1] "made it here"
661 	 19902 	 GRC 
[1] "made it here"
662 	 19455 	 GRC 
[1] "made it here"
663 	 19889 	 GRC 
[1] "made it here"
664 	 19890 	 GRC 
[1] "made it here"
665 	 19891 	 GRC 
[1] "made it here"
666 	 18681 	 GRC 
[1] "made it here"
667 	 19894 	 GRC 
[1] "made it here"
668 	 18682 	 GRC 
[1] "made it here"
669 	 11710 	 GRC 
[1] "made it here"
670 	 11973 	 GRC 
[1] "made it here"
671 	 11535 	 GRC 
[1] "made it here"
672 	 19963 	 GRC 
[1] "made it here"
673 	 20895 	 GRC 
[1] "made it here"
674 	 20355 	 GRC 
[1] "made it here"
675 	 20777 	 GRC 
[1] "made it here"
676 	 20779 	 GRC 
[1] "made it here"
677 	 19887 	 GRC 
[1] "made it here"
678 	 19482 	 GRC 
[1] "made it here"
679 	 14815 	 GRC 
[1] "made it here"
680 	 19486 	 GRC 
[1] "made it here"
681 	 17843 	 PRT 
[1] "made it here"
682 	 11592 	 PRT 
[1] "made it here"
683 	 11456 	 NZL 
[1] "made it here"
684 	 13574 	 NZL 
[1] "made it here"
685 	 13579 	 NZL 
[1] "made it here"
686 	 14430 	 NZL 
[1] "made it here"
687 	 20433 	 NOR 
[1] "made it here"
688 	 20881 	 NOR 
[1] "made it here"
689 	 12483 	 NOR 
[1] "made it here"
690 	 20382 	 NOR 
[1] "made it here"
691 	 19463 	 NOR FIN 
[1] "made it here"
692 	 20427 	 NOR 
[1] "made it here"
693 	 20551 	 NOR 
[1] "made it here"
694 	 11624 	 CHN 
695 	 20966 	 CHN 
696 	 19870 	 CHN RUS MNG 
[1] "made it here"
697 	 12074 	 CHN RUS 
[1] "made it here"
698 	 11291 	 CHN 
699 	 11442 	 CHN 
700 	 11375 	 CHN 
701 	 11179 	 CHN 
702 	 11761 	 CHN 
703 	 14496 	 CHN 
704 	 20719 	 CHN 
705 	 20715 	 CHN 
706 	 12073 	 CHN 
707 	 18320 	 CHN 
708 	 18310 	 CHN 
709 	 15735 	 CHN 
710 	 19812 	 CHN 
711 	 11290 	 CHN 
712 	 12090 	 CHN MAC 
713 	 20714 	 CHN 
714 	 18309 	 CHN HKG 
[1] "made it here"
715 	 19422 	 CHN TWN 
[1] "made it here"
716 	 18431 	 CHN 
717 	 19408 	 CHN 
718 	 19811 	 CHN 
719 	 12006 	 CHN 
720 	 19731 	 CHN 
721 	 19412 	 CHN 
722 	 12670 	 CHN 
[1] "made it here"
723 	 18742 	 CHN 
724 	 12256 	 CHN 
725 	 19410 	 CHN 
726 	 11283 	 CHN 
727 	 11447 	 CHN 
728 	 19413 	 CHN 
729 	 19872 	 CHN 
730 	 19868 	 CHN 
731 	 19813 	 CHN 
732 	 11392 	 CHN 
733 	 19873 	 CHN 
734 	 18505 	 CHN 
735 	 18379 	 CHN 
736 	 11408 	 CHN 
737 	 11561 	 CHN 
738 	 19414 	 CHN 
[1] "made it here"
739 	 20326 	 CHN 
740 	 15698 	 CHN RUS 
741 	 19156 	 CHN 
742 	 11461 	 CHN PRK 
743 	 11584 	 CHN 
744 	 19416 	 CHN 
745 	 11663 	 CHN RUS PRK 
[1] "made it here"
746 	 20800 	 CHN RUS 
[1] "made it here"
747 	 15715 	 CHN 
748 	 18314 	 CHN 
749 	 20726 	 RUS 
[1] "made it here"
750 	 19510 	 RUS 
[1] "made it here"
751 	 19511 	 RUS 
752 	 13987 	 RUS 
[1] "made it here"
753 	 19437 	 RUS 
754 	 20733 	 RUS 
[1] "made it here"
755 	 19507 	 RUS 
[1] "made it here"
756 	 12096 	 RUS 
[1] "made it here"
757 	 12043 	 RUS 
[1] "made it here"
758 	 19168 	 RUS JPN 
[1] "made it here"
759 	 19098 	 RUS 
[1] "made it here"
760 	 18020 	 RUS 
761 	 19435 	 RUS 
[1] "made it here"
762 	 20724 	 RUS 
[1] "made it here"
763 	 18023 	 RUS 
[1] "made it here"
764 	 15714 	 RUS 
765 	 11145 	 RUS 
766 	 11478 	 RUS 
[1] "made it here"
767 	 20707 	 RUS 
[1] "made it here"
768 	 20708 	 RUS 
769 	 18406 	 RUS 
[1] "made it here"
770 	 11689 	 RUS 
771 	 20725 	 RUS 
[1] "made it here"
772 	 11500 	 RUS 
773 	 18704 	 RUS 
774 	 20709 	 RUS 
775 	 11484 	 RUS 
[1] "made it here"
776 	 11122 	 RUS 
777 	 18705 	 RUS 
778 	 19430 	 RUS 
[1] "made it here"
779 	 13994 	 RUS 
[1] "made it here"
780 	 18019 	 RUS 
781 	 15683 	 RUS 
[1] "made it here"
782 	 18059 	 RUS 
[1] "made it here"
783 	 15681 	 RUS 
784 	 15680 	 RUS 
785 	 19428 	 RUS 
786 	 18054 	 RUS 
787 	 19429 	 RUS 
788 	 11317 	 RUS 
789 	 18056 	 RUS 
790 	 15597 	 RUS 
[1] "made it here"
791 	 18024 	 RUS 
[1] "made it here"
792 	 18025 	 RUS 
793 	 13958 	 RUS 
[1] "made it here"
794 	 18065 	 RUS 
795 	 18033 	 RUS 
[1] "made it here"
796 	 19443 	 RUS 
[1] "made it here"
797 	 18062 	 RUS 
798 	 19200 	 RUS 
[1] "made it here"
799 	 19201 	 RUS 
[1] "made it here"
800 	 11956 	 RUS 
[1] "made it here"
801 	 11489 	 RUS 
802 	 11730 	 RUS 
[1] "made it here"
803 	 13982 	 RUS 
[1] "made it here"
804 	 13992 	 RUS 
[1] "made it here"
805 	 18405 	 RUS 
[1] "made it here"
806 	 18017 	 RUS 
807 	 18064 	 RUS 
808 	 19436 	 RUS 
809 	 19508 	 RUS 
810 	 13907 	 RUS 
811 	 18002 	 RUS MNG 
[1] "made it here"
812 	 15697 	 RUS 
813 	 20765 	 RUS 
814 	 11518 	 RUS 
[1] "made it here"
815 	 17996 	 RUS 
816 	 15709 	 RUS MNG 
[1] "made it here"
817 	 20967 	 RUS 
[1] "made it here"
818 	 11101 	 RUS 
[1] "made it here"
819 	 17827 	 ESP 
[1] "made it here"
820 	 17829 	 ESP 
[1] "made it here"
821 	 17861 	 ESP 
[1] "made it here"
822 	 17824 	 ESP 
[1] "made it here"
823 	 19491 	 ESP PRT 
[1] "made it here"
824 	 17838 	 ESP PRT 
[1] "made it here"
825 	 14956 	 ESP 
[1] "made it here"
826 	 14935 	 ESP 
[1] "made it here"
827 	 19492 	 ESP FRA 
[1] "made it here"
828 	 19490 	 ESP 
[1] "made it here"
829 	 17881 	 ESP 
[1] "made it here"
830 	 17957 	 ESP 
[1] "made it here"
831 	 17880 	 ESP 
[1] "made it here"
832 	 14955 	 ESP 
[1] "made it here"
833 	 17820 	 ESP 
[1] "made it here"
834 	 17875 	 ESP 
[1] "made it here"
835 	 17816 	 ESP 
[1] "made it here"
836 	 17835 	 ESP 
[1] "made it here"
837 	 17863 	 ESP 
[1] "made it here"
838 	 18667 	 ESP 
[1] "made it here"
839 	 18828 	 FSM 
[1] "made it here"
840 	 20832 	 HRV 
[1] "made it here"
841 	 20833 	 HRV 
[1] "made it here"
842 	 15470 	 HRV 
[1] "made it here"
843 	 20834 	 HRV 
[1] "made it here"
844 	 14489 	 HRV 
[1] "made it here"
845 	 14493 	 HRV BIH 
[1] "made it here"
846 	 14844 	 HRV 
[1] "made it here"
847 	 14878 	 HRV SVN 
[1] "made it here"
848 	 14492 	 HRV 
[1] "made it here"
849 	 20889 	 HRV 
[1] "made it here"
850 	 18835 	 GUM 
851 	 19355 	 ZAF 
[1] "made it here"
852 	 13106 	 ZAF 
[1] "made it here"
853 	 11372 	 ZAF 
[1] "made it here"
854 	 11541 	 ZAF 
855 	 18792 	 WLF 
[1] "no PAs"
856 	 18793 	 WLF 
[1] "no PAs"
857 	 18802 	 ASM 
858 	 18803 	 ASM 
[1] "made it here"
859 	 18785 	 PYF 
[1] "no PAs"
860 	 18786 	 PYF 
[1] "no PAs"
861 	 12599 	 PYF 
[1] "no PAs"
862 	 21066 	 PYF 
[1] "no PAs"
863 	 12598 	 PYF 
[1] "no PAs"
864 	 21063 	 PYF 
[1] "no PAs"
865 	 21064 	 PYF 
[1] "no PAs"
866 	 18783 	 PYF 
[1] "no PAs"
867 	 18784 	 PYF 
[1] "no PAs"
868 	 18794 	 FJI 
[1] "made it here"
869 	 18795 	 FJI 
870 	 12596 	 FJI 
[1] "made it here"
871 	 12595 	 FJI 
[1] "made it here"
872 	 18837 	 MNP 
873 	 18801 	 ASM 
[1] "made it here"
874 	 18832 	 MNP 
[1] "made it here"
875 	 18800 	 WSM 
[1] "made it here"
876 	 18787 	 PYF 
[1] "no PAs"
877 	 18791 	 TON 
[1] "made it here"
878 	 11468 	 USA 
[1] "made it here"
879 	 18881 	 USA 
[1] "made it here"
880 	 15625 	 ECU 
881 	 12720 	 ECU 
[1] "made it here"
882 	 20946 	 COL 
883 	 19708 	 COL 
884 	 13080 	 COL 
[1] "made it here"
885 	 14154 	 COL 
886 	 11870 	 COL 
887 	 12575 	 PER 
[1] "made it here"
888 	 19701 	 PER 
[1] "made it here"
889 	 19702 	 PER 
890 	 19700 	 PER 
[1] "made it here"
891 	 19705 	 PER 
[1] "made it here"
892 	 19318 	 ARG 
[1] "made it here"
893 	 19309 	 ARG PRY BRA 
[1] "made it here"
894 	 18902 	 ARG 
[1] "made it here"
895 	 19717 	 ARG 
[1] "made it here"
896 	 14210 	 ARG 
897 	 19280 	 ARG 
898 	 19720 	 ARG 
899 	 20948 	 ARG 
900 	 19319 	 ARG 
[1] "made it here"
901 	 11918 	 ARG 
[1] "made it here"
902 	 19712 	 ARG 
[1] "made it here"
903 	 19783 	 ARG 
[1] "made it here"
904 	 20753 	 ARG 
[1] "made it here"
905 	 20743 	 ARG 
[1] "made it here"
906 	 19321 	 ARG 
907 	 11247 	 ARG 
908 	 19706 	 ARG 
909 	 19305 	 BOL 
[1] "made it here"
910 	 12571 	 CHL 
[1] "made it here"
911 	 19317 	 CHL 
[1] "made it here"
912 	 20952 	 CHL 
[1] "made it here"
913 	 12573 	 CHL 
[1] "made it here"
914 	 12568 	 CHL 
915 	 12569 	 CHL 
916 	 11704 	 CHL 
[1] "made it here"
917 	 19718 	 CHL 
[1] "made it here"
918 	 18905 	 CHL 
[1] "made it here"
919 	 18906 	 CHL 
[1] "made it here"
920 	 18907 	 CHL 
[1] "made it here"
921 	 18909 	 CHL 
[1] "made it here"
922 	 18910 	 CHL 
[1] "made it here"
923 	 18911 	 CHL 
[1] "made it here"
924 	 18912 	 CHL 
[1] "made it here"
925 	 14436 	 CHL 
[1] "made it here"
926 	 11919 	 VEN 
927 	 21007 	 VEN 
928 	 14612 	 VEN 
[1] "made it here"
929 	 18768 	 VEN 
[1] "made it here"
930 	 11951 	 VEN 
[1] "made it here"
931 	 15603 	 VEN 
[1] "made it here"
932 	 11899 	 VEN 
[1] "made it here"
933 	 14292 	 SYC 
[1] "made it here"
934 	 18718 	 SYC 
[1] "made it here"
935 	 14293 	 SYC 
[1] "made it here"
936 	 14082 	 REU 
[1] "made it here"
937 	 14083 	 REU 
[1] "made it here"
938 	 14290 	 MYT 
[1] "made it here"
939 	 14261 	 MUS 
[1] "made it here"
940 	 13018 	 MUS 
[1] "made it here"
941 	 14263 	 MUS 
[1] "made it here"
942 	 12285 	 MDG 
[1] "made it here"
943 	 18144 	 MDG 
[1] "made it here"
944 	 15336 	 MDG 
[1] "made it here"
945 	 12289 	 MDG 
[1] "made it here"
946 	 15473 	 MDG 
947 	 20860 	 MDG 
948 	 15338 	 MDG 
949 	 12223 	 MDG 
950 	 15339 	 MDG 
951 	 19342 	 MDG 
952 	 12288 	 MDG 
[1] "made it here"
953 	 14287 	 COM 
[1] "made it here"
954 	 14288 	 COM 
[1] "made it here"
955 	 14289 	 COM 
[1] "made it here"
956 	 11673 	 IND 
[1] "made it here"
957 	 12117 	 NER 
[1] "made it here"
958 	 11564 	 JPN 
[1] "made it here"
959 	 20811 	 JPN 
[1] "made it here"
960 	 18941 	 JPN 
[1] "made it here"
961 	 20978 	 JPN 
[1] "made it here"
962 	 20810 	 JPN 
[1] "made it here"
963 	 11524 	 JPN 
[1] "made it here"
964 	 19164 	 JPN 
[1] "made it here"
965 	 11786 	 JPN 
[1] "made it here"
966 	 11884 	 JPN 
[1] "made it here"
967 	 11224 	 JPN 
[1] "made it here"
968 	 20822 	 JPN 
[1] "made it here"
969 	 18944 	 JPN 
[1] "made it here"
970 	 20825 	 JPN 
[1] "made it here"
971 	 15712 	 JPN 
[1] "made it here"
972 	 20979 	 JPN 
[1] "made it here"
973 	 20815 	 JPN 
[1] "made it here"
974 	 20816 	 JPN 
[1] "made it here"
975 	 18942 	 JPN 
[1] "made it here"
976 	 19202 	 JPN 
[1] "made it here"
977 	 19204 	 JPN 
[1] "made it here"
978 	 20975 	 JPN 
[1] "made it here"
979 	 20976 	 JPN 
[1] "made it here"
980 	 19415 	 JPN 
[1] "made it here"
981 	 20823 	 JPN 
[1] "made it here"
982 	 20824 	 JPN 
[1] "made it here"
983 	 11398 	 JPN 
[1] "made it here"
984 	 11139 	 JPN 
[1] "made it here"
985 	 12608 	 VUT 
986 	 15497 	 VUT 
987 	 19694 	 VUT 
988 	 18823 	 SLB 
989 	 12057 	 PNG 
[1] "made it here"
990 	 12221 	 PNG 
[1] "made it here"
991 	 15224 	 PNG 
992 	 19693 	 PNG 
993 	 18846 	 PNG 
[1] "made it here"
994 	 18847 	 PNG 
995 	 18810 	 SLB 
996 	 15496 	 SLB 
[1] "made it here"
997 	 18821 	 SLB 
[1] "made it here"
998 	 18820 	 SLB 
999 	 11322 	 SLB 
1000 	 18826 	 SLB 
[1] "made it here"
1001 	 12614 	 VUT 
1002 	 12615 	 VUT 
1003 	 11384 	 PNG 
1004 	 12037 	 PNG 
1005 	 12772 	 IDN 
1006 	 12769 	 IDN 
[1] "made it here"
1007 	 12770 	 IDN 
[1] "made it here"
1008 	 12771 	 IDN 
1009 	 12763 	 IDN 
[1] "made it here"
1010 	 18883 	 IDN 
[1] "made it here"
1011 	 18884 	 IDN 
[1] "made it here"
1012 	 18848 	 IDN 
[1] "made it here"
1013 	 18849 	 IDN 
[1] "made it here"
1014 	 18851 	 IDN 
[1] "made it here"
1015 	 12760 	 IDN 
[1] "made it here"
1016 	 12764 	 IDN 
[1] "made it here"
1017 	 12765 	 IDN TLS 
[1] "made it here"
1018 	 18852 	 IDN 
[1] "made it here"
1019 	 18853 	 IDN 
[1] "made it here"
1020 	 18888 	 IDN 
[1] "made it here"
1021 	 18850 	 IDN 
1022 	 20908 	 IDN 
[1] "made it here"
1023 	 19291 	 TLS 
[1] "made it here"
1024 	 20585 	 IDN 
1025 	 18894 	 IDN 
[1] "made it here"
1026 	 20768 	 IDN 
[1] "made it here"
1027 	 20769 	 IDN 
[1] "made it here"
1028 	 18893 	 IDN 
1029 	 15233 	 IDN 
[1] "made it here"
1030 	 15234 	 IDN 
[1] "made it here"
1031 	 12747 	 IDN 
[1] "made it here"
1032 	 12746 	 IDN 
[1] "made it here"
1033 	 15235 	 IDN 
[1] "made it here"
1034 	 18925 	 IDN 
[1] "made it here"
1035 	 18892 	 IDN 
[1] "made it here"
1036 	 20584 	 IDN 
1037 	 18920 	 IDN 
[1] "made it here"
1038 	 18921 	 IDN 
[1] "made it here"
1039 	 18922 	 IDN 
[1] "made it here"
1040 	 12745 	 IDN 
[1] "made it here"
1041 	 15232 	 IDN 
1042 	 18919 	 IDN 
[1] "made it here"
1043 	 14274 	 SHN 
1044 	 14275 	 SHN 
[1] "made it here"
1045 	 15808 	 CAN 
[1] "made it here"
1046 	 16850 	 CAN 
[1] "made it here"
1047 	 19670 	 CAN 
[1] "made it here"
1048 	 16014 	 CAN 
[1] "made it here"
1049 	 16012 	 CAN 
[1] "made it here"
1050 	 11883 	 CAN 
[1] "made it here"
1051 	 20934 	 CAN 
[1] "made it here"
1052 	 16795 	 CAN 
[1] "made it here"
1053 	 20939 	 CAN 
[1] "made it here"
1054 	 16807 	 CAN 
[1] "made it here"
1055 	 15811 	 CAN 
1056 	 15819 	 CAN 
1057 	 16016 	 CAN 
[1] "made it here"
1058 	 16018 	 CAN 
1059 	 16010 	 CAN 
[1] "made it here"
1060 	 16006 	 CAN 
[1] "made it here"
1061 	 16007 	 CAN 
1062 	 11766 	 CAN 
[1] "made it here"
1063 	 19580 	 CAN 
1064 	 17157 	 CAN 
1065 	 12033 	 CAN 
[1] "made it here"
1066 	 17153 	 CAN 
[1] "made it here"
1067 	 17113 	 CAN 
1068 	 17115 	 CAN 
1069 	 17129 	 CAN 
[1] "made it here"
1070 	 17130 	 CAN 
[1] "made it here"
1071 	 17132 	 CAN 
1072 	 16995 	 CAN 
1073 	 17154 	 CAN 
[1] "made it here"
1074 	 19672 	 CAN 
[1] "made it here"
1075 	 17152 	 CAN 
[1] "made it here"
1076 	 20428 	 NOR 
[1] "made it here"
1077 	 20544 	 NOR 
1078 	 19106 	 SJM 
[1] "made it here"
1079 	 19108 	 SJM 
[1] "made it here"
1080 	 20426 	 NOR 
[1] "made it here"
1081 	 20429 	 NOR 
1082 	 19103 	 SJM 
[1] "made it here"
1083 	 20882 	 NOR 
[1] "made it here"
1084 	 14877 	 SVN 
[1] "made it here"
1085 	 15460 	 SVN 
[1] "made it here"
1086 	 15461 	 SVN 
[1] "made it here"
1087 	 15370 	 SVN AUT 
[1] "made it here"
1088 	 20910 	 SAU 
[1] "made it here"
1089 	 11391 	 SAU 
1090 	 11431 	 SAU 
[1] "made it here"
1091 	 20909 	 SAU 
[1] "made it here"
1092 	 11982 	 NZL 
[1] "made it here"
1093 	 12868 	 NZL 
[1] "made it here"
1094 	 12871 	 NZL 
[1] "made it here"
1095 	 12881 	 NZL 
[1] "made it here"
1096 	 13789 	 NZL 
[1] "made it here"
1097 	 13793 	 NZL 
[1] "made it here"
1098 	 13814 	 NZL 
[1] "made it here"
1099 	 13818 	 NZL 
[1] "made it here"
1100 	 13829 	 NZL 
[1] "made it here"
1101 	 13830 	 NZL 
[1] "made it here"
1102 	 13831 	 NZL 
[1] "made it here"
1103 	 13833 	 NZL 
[1] "made it here"
1104 	 13883 	 NZL 
1105 	 13900 	 NZL 
[1] "made it here"
1106 	 13799 	 NZL 
[1] "made it here"
1107 	 13781 	 NZL 
1108 	 13791 	 NZL 
1109 	 13876 	 NZL 
[1] "made it here"
1110 	 13749 	 NZL 
[1] "made it here"
1111 	 13754 	 NZL 
1112 	 14431 	 NZL 
[1] "made it here"
1113 	 13554 	 NZL 
[1] "made it here"
1114 	 13541 	 NZL 
[1] "made it here"
1115 	 13542 	 NZL 
[1] "made it here"
1116 	 13545 	 NZL 
[1] "made it here"
1117 	 13870 	 NZL 
[1] "made it here"
1118 	 13536 	 NZL 
[1] "made it here"
1119 	 13537 	 NZL 
[1] "made it here"
1120 	 13538 	 NZL 
[1] "made it here"
1121 	 13539 	 NZL 
[1] "made it here"
1122 	 13540 	 NZL 
[1] "made it here"
1123 	 13552 	 NZL 
[1] "made it here"
1124 	 11196 	 NZL 
[1] "made it here"
1125 	 11473 	 NZL 
[1] "made it here"
1126 	 12873 	 NZL 
[1] "made it here"
1127 	 13140 	 NZL 
[1] "made it here"
1128 	 13141 	 NZL 
[1] "made it here"
1129 	 13142 	 NZL 
[1] "made it here"
1130 	 13149 	 NZL 
[1] "made it here"
1131 	 13150 	 NZL 
[1] "made it here"
1132 	 13153 	 NZL 
[1] "made it here"
1133 	 13559 	 NZL 
[1] "made it here"
1134 	 13563 	 NZL 
[1] "made it here"
1135 	 13565 	 NZL 
[1] "made it here"
1136 	 13568 	 NZL 
[1] "made it here"
1137 	 13571 	 NZL 
[1] "made it here"
1138 	 13573 	 NZL 
[1] "made it here"
1139 	 13575 	 NZL 
[1] "made it here"
1140 	 13578 	 NZL 
[1] "made it here"
1141 	 13580 	 NZL 
[1] "made it here"
1142 	 13584 	 NZL 
[1] "made it here"
1143 	 13585 	 NZL 
[1] "made it here"
1144 	 13586 	 NZL 
[1] "made it here"
1145 	 13588 	 NZL 
[1] "made it here"
1146 	 13590 	 NZL 
[1] "made it here"
1147 	 13591 	 NZL 
[1] "made it here"
1148 	 13593 	 NZL 
[1] "made it here"
1149 	 13867 	 NZL 
[1] "made it here"
1150 	 13901 	 NZL 
[1] "made it here"
1151 	 20803 	 NZL 
[1] "made it here"
1152 	 13610 	 NZL 
[1] "made it here"
1153 	 13615 	 NZL 
[1] "made it here"
1154 	 13620 	 NZL 
[1] "made it here"
1155 	 13627 	 NZL 
[1] "made it here"
1156 	 13630 	 NZL 
[1] "made it here"
1157 	 13631 	 NZL 
[1] "made it here"
1158 	 13632 	 NZL 
[1] "made it here"
1159 	 13633 	 NZL 
[1] "made it here"
1160 	 13634 	 NZL 
[1] "made it here"
1161 	 13636 	 NZL 
1162 	 13639 	 NZL 
[1] "made it here"
1163 	 13644 	 NZL 
[1] "made it here"
1164 	 13651 	 NZL 
[1] "made it here"
1165 	 13663 	 NZL 
[1] "made it here"
1166 	 13667 	 NZL 
[1] "made it here"
1167 	 13672 	 NZL 
[1] "made it here"
1168 	 13677 	 NZL 
[1] "made it here"
1169 	 13683 	 NZL 
[1] "made it here"
1170 	 13695 	 NZL 
[1] "made it here"
1171 	 13698 	 NZL 
1172 	 13704 	 NZL 
[1] "made it here"
1173 	 13708 	 NZL 
[1] "made it here"
1174 	 13718 	 NZL 
[1] "made it here"
1175 	 13725 	 NZL 
[1] "made it here"
1176 	 13871 	 NZL 
1177 	 11827 	 NZL 
[1] "made it here"
1178 	 11708 	 NZL 
[1] "made it here"
1179 	 13165 	 NZL 
[1] "made it here"
1180 	 11752 	 NZL 
[1] "made it here"
1181 	 11993 	 NZL 
[1] "made it here"
1182 	 13715 	 NZL 
[1] "made it here"
1183 	 13738 	 NZL 
[1] "made it here"
1184 	 13890 	 NZL 
[1] "made it here"
1185 	 13856 	 NZL 
[1] "made it here"
1186 	 13897 	 NZL 
1187 	 13898 	 NZL 
[1] "made it here"
1188 	 13899 	 NZL 
[1] "made it here"
1189 	 13903 	 NZL 
[1] "made it here"
1190 	 19696 	 NZL 
[1] "made it here"
1191 	 11770 	 NZL 
[1] "made it here"
1192 	 13850 	 NZL 
[1] "made it here"
1193 	 13852 	 NZL 
[1] "made it here"
1194 	 13855 	 NZL 
1195 	 13857 	 NZL 
1196 	 13858 	 NZL 
[1] "made it here"
1197 	 13860 	 NZL 
[1] "made it here"
1198 	 13866 	 NZL 
1199 	 13888 	 NZL 
[1] "made it here"
1200 	 19235 	 NZL 
[1] "made it here"
1201 	 13859 	 NZL 
[1] "made it here"
1202 	 19695 	 NZL 
[1] "made it here"
1203 	 11415 	 NZL 
1204 	 13875 	 NZL 
1205 	 13601 	 NZL 
1206 	 13577 	 NZL 
1207 	 13551 	 NZL 
1208 	 13555 	 NZL 
[1] "made it here"
1209 	 13569 	 NZL 
[1] "made it here"
1210 	 13802 	 NZL 
1211 	 13806 	 NZL 
1212 	 19233 	 NZL 
[1] "made it here"
1213 	 11974 	 NZL 
[1] "made it here"
1214 	 13558 	 NZL 
[1] "made it here"
1215 	 13560 	 NZL 
[1] "made it here"
1216 	 13561 	 NZL 
1217 	 13868 	 NZL 
[1] "made it here"
1218 	 13646 	 NZL 
1219 	 13895 	 NZL 
1220 	 19586 	 USA 
[1] "made it here"
1221 	 16671 	 USA 
[1] "made it here"
1222 	 20924 	 USA 
[1] "made it here"
1223 	 17054 	 USA 
[1] "made it here"
1224 	 16608 	 USA 
[1] "made it here"
1225 	 11735 	 USA 
1226 	 16697 	 USA 
[1] "made it here"
1227 	 16699 	 USA 
[1] "made it here"
1228 	 16701 	 USA 
[1] "made it here"
1229 	 16706 	 USA 
[1] "made it here"
1230 	 16700 	 USA 
1231 	 16707 	 USA 
1232 	 19571 	 USA 
[1] "made it here"
1233 	 20928 	 USA 
[1] "made it here"
1234 	 17196 	 USA 
[1] "made it here"
1235 	 17194 	 USA 
1236 	 17195 	 USA 
1237 	 17199 	 USA 
[1] "made it here"
1238 	 17200 	 USA 
1239 	 16975 	 USA 
[1] "made it here"
1240 	 17001 	 USA 
[1] "made it here"
1241 	 17156 	 USA 
[1] "made it here"
1242 	 17172 	 USA 
[1] "made it here"
1243 	 12930 	 USA 
[1] "made it here"
1244 	 17053 	 USA 
[1] "made it here"
1245 	 11811 	 USA 
[1] "made it here"
1246 	 17064 	 USA 
[1] "made it here"
1247 	 17069 	 USA 
[1] "made it here"
1248 	 11806 	 USA 
[1] "made it here"
1249 	 17050 	 USA 
[1] "made it here"
1250 	 19576 	 USA 
[1] "made it here"
1251 	 17159 	 USA 
[1] "made it here"
1252 	 11804 	 USA 
[1] "made it here"
1253 	 11808 	 USA 
[1] "made it here"
1254 	 17173 	 USA 
[1] "made it here"
1255 	 15799 	 USA 
[1] "made it here"
1256 	 15796 	 USA 
[1] "made it here"
1257 	 15798 	 USA 
[1] "made it here"
1258 	 15505 	 USA 
[1] "made it here"
1259 	 15800 	 USA 
[1] "made it here"
1260 	 15840 	 USA 
1261 	 15842 	 USA 
[1] "made it here"
1262 	 21045 	 USA 
[1] "made it here"
1263 	 11532 	 USA 
[1] "made it here"
1264 	 12911 	 USA 
[1] "made it here"
1265 	 19591 	 USA 
[1] "made it here"
1266 	 15801 	 USA 
[1] "made it here"
1267 	 15838 	 USA 
[1] "made it here"
1268 	 17071 	 USA 
1269 	 17072 	 USA 
[1] "made it here"
1270 	 21055 	 USA 
[1] "made it here"
1271 	 11472 	 USA 
[1] "made it here"
1272 	 15794 	 USA 
[1] "made it here"
1273 	 15806 	 USA 
[1] "made it here"
1274 	 21046 	 USA 
[1] "made it here"
1275 	 12494 	 USA 
[1] "made it here"
1276 	 15797 	 USA 
[1] "made it here"
1277 	 15832 	 USA 
[1] "made it here"
1278 	 15828 	 USA 
[1] "made it here"
1279 	 15830 	 USA 
[1] "made it here"
1280 	 15831 	 USA 
[1] "made it here"
1281 	 21054 	 USA 
[1] "made it here"
1282 	 17206 	 USA 
1283 	 17155 	 USA 
[1] "made it here"
1284 	 16865 	 USA 
[1] "made it here"
1285 	 16866 	 USA 
[1] "made it here"
1286 	 16863 	 USA 
[1] "made it here"
1287 	 11446 	 USA 
1288 	 12373 	 USA 
1289 	 17438 	 USA 
[1] "made it here"
1290 	 19597 	 USA 
1291 	 19555 	 USA 
[1] "made it here"
1292 	 17078 	 USA 
[1] "made it here"
1293 	 19677 	 USA 
[1] "made it here"
1294 	 16892 	 USA 
[1] "made it here"
1295 	 16881 	 USA 
[1] "made it here"
1296 	 15931 	 USA 
[1] "made it here"
1297 	 19636 	 USA 
1298 	 12927 	 USA 
[1] "made it here"
1299 	 16914 	 USA 
[1] "made it here"
1300 	 19680 	 USA 
1301 	 17074 	 USA 
[1] "made it here"
1302 	 15790 	 USA 
[1] "made it here"
1303 	 12493 	 USA 
[1] "made it here"
1304 	 16042 	 USA 
1305 	 11115 	 USA 
1306 	 17693 	 USA 
[1] "made it here"
1307 	 17605 	 USA 
[1] "made it here"
1308 	 17610 	 USA 
[1] "made it here"
1309 	 19113 	 USA 
[1] "made it here"
1310 	 16871 	 USA 
1311 	 15982 	 USA 
1312 	 15988 	 USA 
1313 	 17185 	 USA 
[1] "made it here"
1314 	 17189 	 USA 
[1] "made it here"
1315 	 16335 	 USA 
[1] "made it here"
1316 	 19117 	 USA 
[1] "made it here"
1317 	 15355 	 USA 
[1] "made it here"
1318 	 19587 	 USA 
[1] "made it here"
1319 	 16334 	 USA 
[1] "made it here"
1320 	 17251 	 USA 
1321 	 17254 	 USA 
1322 	 17046 	 USA 
[1] "made it here"
1323 	 17175 	 USA 
[1] "made it here"
1324 	 11799 	 USA 
1325 	 19592 	 USA 
1326 	 11569 	 USA 
[1] "made it here"
1327 	 17226 	 USA 
1328 	 17228 	 USA 
[1] "made it here"
1329 	 17259 	 USA 
[1] "made it here"
1330 	 17170 	 USA 
[1] "made it here"
1331 	 17684 	 USA 
1332 	 17686 	 USA 
1333 	 19359 	 ZWE 
[1] "made it here"
1334 	 12452 	 RUS 
1335 	 20042 	 RUS 
[1] "made it here"
1336 	 19213 	 RUS 
[1] "made it here"
1337 	 11679 	 RUS 
1338 	 12449 	 RUS 
1339 	 12450 	 RUS 
1340 	 15711 	 RUS 
1341 	 12348 	 RUS 
1342 	 20462 	 NOR 
[1] "made it here"
1343 	 20542 	 NOR 
[1] "made it here"
1344 	 20543 	 NOR 
[1] "made it here"
1345 	 20548 	 NOR 
[1] "made it here"
1346 	 20408 	 NOR 
[1] "made it here"
1347 	 20477 	 NOR 
[1] "made it here"
1348 	 20432 	 NOR 
[1] "made it here"
1349 	 20567 	 NOR 
[1] "made it here"
1350 	 20538 	 NOR 
[1] "made it here"
1351 	 20572 	 NOR 
[1] "made it here"
1352 	 20494 	 NOR 
[1] "made it here"
1353 	 20386 	 NOR 
[1] "made it here"
1354 	 15539 	 NOR 
[1] "made it here"
1355 	 20388 	 NOR 
1356 	 12980 	 NOR 
[1] "made it here"
1357 	 20412 	 NOR 
[1] "made it here"
1358 	 20485 	 NOR 
[1] "made it here"
1359 	 20400 	 NOR 
[1] "made it here"
1360 	 20383 	 NOR 
[1] "made it here"
1361 	 20401 	 NOR 
1362 	 20540 	 NOR 
[1] "made it here"
1363 	 20406 	 NOR 
[1] "made it here"
1364 	 20407 	 NOR 
[1] "made it here"
1365 	 20413 	 NOR 
[1] "made it here"
1366 	 20475 	 NOR 
[1] "made it here"
1367 	 20487 	 NOR 
[1] "made it here"
1368 	 20556 	 NOR 
[1] "made it here"
1369 	 20539 	 NOR 
[1] "made it here"
1370 	 20496 	 NOR 
[1] "made it here"
1371 	 15129 	 FRA 
[1] "made it here"
1372 	 11448 	 FRA DEU CHE 
[1] "made it here"
1373 	 15128 	 FRA 
[1] "made it here"
1374 	 17926 	 FRA 
[1] "made it here"
1375 	 20011 	 FRA 
[1] "made it here"
1376 	 20012 	 FRA 
[1] "made it here"
1377 	 15127 	 FRA 
[1] "made it here"
1378 	 15121 	 FRA 
[1] "made it here"
1379 	 11175 	 FRA DEU 
[1] "made it here"
1380 	 12042 	 FRA 
[1] "made it here"
1381 	 15478 	 FRA DEU 
[1] "made it here"
1382 	 15564 	 ZAF 
[1] "made it here"
1383 	 18285 	 ZAF 
[1] "made it here"
1384 	 15589 	 ZAF 
[1] "made it here"
1385 	 13017 	 ZAF 
[1] "made it here"
1386 	 11684 	 ZAF 
[1] "made it here"
1387 	 11572 	 ZAF 
[1] "made it here"
1388 	 13079 	 ZAF 
1389 	 19350 	 ZAF ZWE 
[1] "made it here"
1390 	 15226 	 PNG 
1391 	 18755 	 KNA 
[1] "made it here"
1392 	 18764 	 GLP 
[1] "made it here"
1393 	 18757 	 VGB 
[1] "made it here"
1394 	 18758 	 VGB 
[1] "made it here"
1395 	 14471 	 DOM 
[1] "made it here"
1396 	 12877 	 JAM 
[1] "made it here"
1397 	 19655 	 VGB 
[1] "made it here"
1398 	 14588 	 PRI 
[1] "made it here"
1399 	 14602 	 GLP 
[1] "made it here"
1400 	 19651 	 HTI DOM 
[1] "made it here"
1401 	 11638 	 HTI 
1402 	 14586 	 HTI 
1403 	 20830 	 HTI 
1404 	 18756 	 KNA 
[1] "made it here"
1405 	 18746 	 VIR 
[1] "made it here"
1406 	 20933 	 MTQ 
[1] "made it here"
1407 	 11677 	 TTO 
[1] "made it here"
1408 	 14607 	 TTO 
[1] "made it here"
1409 	 14596 	 MTQ 
[1] "made it here"
1410 	 18754 	 BES 
[1] "made it here"
1411 	 18751 	 MAF SXM 
[1] "made it here"
1412 	 18753 	 BES 
[1] "made it here"
1413 	 20829 	 DOM 
[1] "made it here"
1414 	 14581 	 CUB 
1415 	 18759 	 VGB 
1416 	 14599 	 MSR 
1417 	 11170 	 MMR THA 
[1] "made it here"
1418 	 12949 	 MMR THA 
[1] "made it here"
1419 	 19521 	 MMR 
[1] "made it here"
1420 	 11711 	 MMR IND 
1421 	 19516 	 MMR 
[1] "made it here"
1422 	 11343 	 MMR 
1423 	 11469 	 MMR 
1424 	 11746 	 MMR 
1425 	 11345 	 MMR 
1426 	 11994 	 MMR 
1427 	 14775 	 MMR 
[1] "made it here"
1428 	 11714 	 MMR 
[1] "made it here"
1429 	 19514 	 MMR 
[1] "made it here"
1430 	 15748 	 MMR 
1431 	 12946 	 MMR 
[1] "made it here"
1432 	 15245 	 MMR THA 
1433 	 13139 	 MMR BGD 
[1] "made it here"
1434 	 13131 	 THA 
1435 	 12936 	 THA 
1436 	 12531 	 THA 
1437 	 19517 	 THA KHM 
[1] "made it here"
1438 	 12941 	 KHM 
[1] "made it here"
1439 	 12937 	 THA 
1440 	 12947 	 THA 
1441 	 19520 	 THA 
[1] "made it here"
1442 	 19522 	 THA 
1443 	 19519 	 KHM LAO 
[1] "made it here"
1444 	 13099 	 VNM 
[1] "made it here"
1445 	 19290 	 KHM 
[1] "made it here"
1446 	 14563 	 NIC HND SLV 
[1] "made it here"
1447 	 15347 	 NIC 
[1] "made it here"
1448 	 12774 	 UKR 
[1] "made it here"
1449 	 12944 	 LKA 
[1] "made it here"
1450 	 12587 	 ISR EGY 
[1] "made it here"
1451 	 11327 	 ISR 
[1] "made it here"
1452 	 15493 	 LUX DEU 
[1] "made it here"
1453 	 15487 	 LUX DEU 
[1] "made it here"
1454 	 20235 	 POL 
[1] "made it here"
1455 	 20907 	 MNG 
1456 	 19874 	 SRB 
1457 	 14889 	 SRB 
[1] "made it here"
1458 	 11527 	 KGZ 
1459 	 15189 	 AUS 
[1] "made it here"
1460 	 15208 	 AUS 
[1] "made it here"
1461 	 15204 	 AUS 
[1] "made it here"
1462 	 19685 	 AUS 
[1] "made it here"
1463 	 19827 	 AUS 
[1] "made it here"
1464 	 19684 	 AUS 
[1] "made it here"
1465 	 15202 	 AUS 
[1] "made it here"
1466 	 12633 	 AUS 
[1] "made it here"
1467 	 15176 	 AUS 
[1] "made it here"
1468 	 19821 	 AUS 
[1] "made it here"
1469 	 12628 	 AUS 
[1] "made it here"
1470 	 20972 	 AUS 
[1] "made it here"
1471 	 11336 	 AUS 
[1] "made it here"
1472 	 19159 	 AUS 
[1] "made it here"
1473 	 20973 	 AUS 
[1] "made it here"
1474 	 20974 	 AUS 
[1] "made it here"
1475 	 19297 	 AUS 
[1] "made it here"
1476 	 19823 	 AUS 
[1] "made it here"
1477 	 19824 	 AUS 
[1] "made it here"
1478 	 14412 	 AUS 
[1] "made it here"
1479 	 20772 	 AUS 
[1] "made it here"
1480 	 19692 	 AUS 
[1] "made it here"
1481 	 19688 	 AUS 
[1] "made it here"
1482 	 15200 	 AUS 
[1] "made it here"
1483 	 20236 	 POL 
[1] "made it here"
1484 	 20964 	 ROU BGR 
[1] "made it here"
1485 	 21036 	 ROU 
[1] "made it here"
1486 	 20172 	 ROU 
[1] "made it here"
1487 	 20176 	 ROU 
[1] "made it here"
1488 	 20612 	 ROU 
[1] "made it here"
1489 	 21035 	 ROU UKR MDA 
[1] "made it here"
1490 	 20160 	 ROU 
[1] "made it here"
1491 	 20166 	 ROU 
[1] "made it here"
1492 	 20196 	 ROU 
[1] "made it here"
1493 	 20197 	 ROU 
[1] "made it here"
1494 	 20206 	 ROU 
[1] "made it here"
1495 	 20203 	 ROU 
[1] "made it here"
1496 	 20205 	 ROU 
[1] "made it here"
1497 	 20137 	 ROU 
[1] "made it here"
1498 	 20143 	 ROU 
[1] "made it here"
1499 	 19740 	 TUR 
1500 	 11965 	 TUR 
1501 	 13000 	 GHA TGO 
[1] "made it here"
1502 	 19802 	 ZMB 
1503 	 20234 	 POL 
[1] "made it here"
1504 	 14721 	 TUR 
1505 	 11326 	 TUR 
1506 	 20224 	 SVK HUN 
[1] "made it here"
1507 	 20294 	 SVK 
[1] "made it here"
1508 	 20879 	 SVK AUT 
[1] "made it here"
1509 	 20297 	 SVK 
[1] "made it here"
1510 	 20299 	 SVK 
[1] "made it here"
1511 	 20315 	 SVK HUN 
[1] "made it here"
1512 	 19161 	 AUS 
[1] "made it here"
1513 	 14417 	 AUS 
[1] "made it here"
1514 	 19293 	 AUS 
[1] "made it here"
1515 	 19690 	 AUS 
[1] "made it here"
1516 	 12511 	 AUS 
[1] "made it here"
1517 	 14428 	 AUS 
[1] "made it here"
1518 	 12525 	 AUS 
[1] "made it here"
1519 	 19691 	 AUS 
[1] "made it here"
1520 	 19846 	 AUS 
[1] "made it here"
1521 	 15118 	 AUS 
[1] "made it here"
1522 	 14450 	 GUF 
[1] "made it here"
1523 	 14449 	 GUF 
[1] "made it here"
1524 	 15520 	 GUF BRA 
[1] "made it here"
1525 	 19314 	 GUF BRA 
[1] "made it here"
1526 	 19987 	 BRA 
[1] "made it here"
1527 	 18224 	 BRA 
[1] "made it here"
1528 	 14228 	 BRA 
1529 	 18225 	 BRA 
[1] "made it here"
1530 	 15654 	 BRA 
[1] "made it here"
1531 	 14408 	 AUS 
[1] "made it here"
1532 	 14411 	 AUS 
[1] "made it here"
1533 	 20942 	 AUS 
[1] "made it here"
1534 	 14445 	 SUR 
[1] "made it here"
1535 	 14446 	 SUR 
[1] "made it here"
1536 	 15523 	 SUR 
1537 	 19315 	 SUR 
[1] "made it here"
1538 	 11262 	 HND 
[1] "made it here"
1539 	 15349 	 HND 
[1] "made it here"
1540 	 11257 	 HND 
[1] "made it here"
1541 	 15351 	 HND SLV 
[1] "made it here"
1542 	 17714 	 HND NIC 
[1] "made it here"
1543 	 19534 	 IDN 
1544 	 21040 	 TZA 
[1] "made it here"
1545 	 12025 	 TZA 
[1] "made it here"
1546 	 14254 	 BRA 
1547 	 11858 	 BRA 
1548 	 11845 	 BRA 
[1] "made it here"
1549 	 20950 	 BRA 
[1] "made it here"
1550 	 20754 	 BRA 
[1] "made it here"
1551 	 14247 	 BRA 
[1] "made it here"
1552 	 19727 	 BRA 
[1] "made it here"
1553 	 18229 	 BRA 
[1] "made it here"
1554 	 18244 	 BRA 
1555 	 14227 	 BRA PRY 
[1] "made it here"
1556 	 18245 	 BRA 
1557 	 15343 	 BRA 
1558 	 18300 	 BRA 
1559 	 18216 	 BRA 
1560 	 18256 	 BRA 
[1] "made it here"
1561 	 18260 	 BRA 
[1] "made it here"
1562 	 18255 	 BRA 
[1] "made it here"
1563 	 20381 	 BRA 
[1] "made it here"
1564 	 14923 	 SVK 
[1] "made it here"
1565 	 20214 	 SVK CZE 
[1] "made it here"
1566 	 19538 	 TKM IRN 
1567 	 15274 	 TKM 
1568 	 15276 	 TKM 
1569 	 19865 	 KAZ 
1570 	 19238 	 SWE 
[1] "made it here"
1571 	 20225 	 HUN 
[1] "made it here"
1572 	 20220 	 HUN 
[1] "made it here"
1573 	 20228 	 HUN 
[1] "made it here"
1574 	 20316 	 HUN 
[1] "made it here"
1575 	 14565 	 SLV GTM 
[1] "made it here"
1576 	 19780 	 URY 
1577 	 18242 	 URY BRA 
[1] "made it here"
1578 	 14561 	 SLV 
[1] "made it here"
1579 	 14560 	 SLV 
1580 	 14562 	 SLV 
[1] "made it here"
1581 	 18901 	 FLK 
[1] "made it here"
1582 	 18900 	 FLK 
[1] "made it here"
1583 	 12880 	 CRI 
[1] "made it here"
1584 	 17757 	 CRI 
[1] "made it here"
1585 	 11613 	 BLZ GTM MEX 
[1] "made it here"
1586 	 11893 	 BLZ 
[1] "made it here"
1587 	 12453 	 KAZ 
1588 	 11864 	 PAN 
[1] "made it here"
1589 	 11144 	 UZB 
1590 	 11869 	 PAN 
[1] "made it here"
1591 	 19779 	 PRY 
[1] "made it here"
1592 	 13047 	 PRY 
[1] "made it here"
1593 	 17715 	 NIC CRI 
[1] "made it here"
1594 	 19656 	 NIC CRI 
[1] "made it here"
1595 	 17716 	 NIC 
[1] "made it here"
1596 	 17717 	 NIC 
[1] "made it here"
1597 	 11240 	 CRI 
[1] "made it here"
1598 	 11728 	 CRI 
[1] "made it here"
1599 	 11254 	 CRI 
[1] "made it here"
1600 	 14554 	 GTM 
[1] "made it here"
1601 	 14555 	 GTM 
[1] "made it here"
1602 	 19658 	 GTM 
[1] "made it here"
1603 	 11861 	 BRA 
[1] "made it here"
1604 	 19991 	 BRA 
[1] "made it here"
1605 	 19725 	 BRA 
[1] "made it here"
1606 	 18222 	 BRA 
[1] "made it here"
1607 	 18235 	 BRA 
[1] "made it here"
1608 	 18218 	 BRA 
[1] "made it here"
1609 	 18243 	 BRA 
[1] "made it here"
1610 	 11849 	 BRA 
1611 	 14504 	 BRA 
[1] "made it here"
1612 	 18266 	 BRA 
[1] "made it here"
1613 	 18261 	 BRA 
1614 	 18262 	 BRA 
[1] "made it here"
1615 	 11855 	 BRA 
[1] "made it here"
1616 	 11852 	 BRA 
[1] "made it here"
1617 	 11490 	 KAZ 
1618 	 15251 	 ARM 
1619 	 17842 	 PRT 
[1] "made it here"
1620 	 11871 	 PAN 
[1] "made it here"
1621 	 11867 	 PAN 
[1] "made it here"
1622 	 11726 	 PAN 
1623 	 19996 	 PAN 
1624 	 14770 	 BGR GRC 
[1] "made it here"
1625 	 12370 	 BGR 
[1] "made it here"
1626 	 20965 	 BGR 
[1] "made it here"
1627 	 12371 	 BGR 
[1] "made it here"
1628 	 12372 	 BGR 
[1] "made it here"
1629 	 15463 	 BGR 
[1] "made it here"
1630 	 14805 	 BGR 
[1] "made it here"
1631 	 12775 	 BGR TUR 
[1] "made it here"
1632 	 11776 	 BGR 
[1] "made it here"
1633 	 15465 	 BGR 
[1] "made it here"
1634 	 19936 	 CZE 
[1] "made it here"
1635 	 15485 	 CZE 
[1] "made it here"
1636 	 15483 	 CZE DEU AUT 
[1] "made it here"
1637 	 20212 	 CZE 
[1] "made it here"
1638 	 20213 	 CZE 
[1] "made it here"
1639 	 12988 	 CZE POL 
[1] "made it here"
1640 	 20983 	 NPL 
[1] "made it here"
1641 	 20984 	 NPL 
1642 	 13911 	 IND BGD 
[1] "made it here"
1643 	 15250 	 IND 
1644 	 19279 	 IND 
[1] "made it here"
1645 	 19500 	 IND 
1646 	 14366 	 IND 
1647 	 14361 	 IND 
1648 	 20845 	 IND 
1649 	 12834 	 IND 
1650 	 19269 	 IND 
1651 	 20340 	 IND 
1652 	 12838 	 IND 
1653 	 15745 	 IND 
[1] "made it here"
1654 	 11630 	 IND 
1655 	 12888 	 IND 
1656 	 19756 	 IND 
[1] "made it here"
1657 	 11441 	 KOR 
[1] "made it here"
1658 	 11529 	 PAK 
1659 	 17804 	 PAK 
[1] "made it here"
1660 	 12945 	 PAK 
[1] "made it here"
1661 	 11396 	 MNG 
[1] "made it here"
1662 	 19509 	 MNG 
1663 	 11421 	 MNG 
[1] "made it here"
1664 	 19958 	 MNG 
[1] "made it here"
1665 	 18558 	 MNG 
[1] "made it here"
1666 	 19162 	 KOR 
1667 	 20729 	 KOR 
[1] "made it here"
1668 	 20872 	 KOR PRK 
[1] "made it here"
1669 	 20731 	 KOR 
[1] "made it here"
1670 	 20728 	 KOR PRK 
[1] "made it here"
1671 	 11382 	 PRK 
[1] "no PAs"
1672 	 11664 	 PRK 
[1] "no PAs"
1673 	 11977 	 BRN MYS 
[1] "made it here"
1674 	 11307 	 MYS 
[1] "made it here"
1675 	 18732 	 MYS IDN 
[1] "made it here"
1676 	 18738 	 MYS 
[1] "made it here"
1677 	 14472 	 MYS 
[1] "made it here"
1678 	 14696 	 MYS 
1679 	 18731 	 MYS 
[1] "made it here"
1680 	 11599 	 IDN 
1681 	 11718 	 IDN 
[1] "made it here"
1682 	 11720 	 IDN 
1683 	 11709 	 IDN 
[1] "made it here"
1684 	 18695 	 IDN 
[1] "made it here"
1685 	 18692 	 IDN 
[1] "made it here"
1686 	 14365 	 BGD 
1687 	 20986 	 NPL 
1688 	 11412 	 TWN 
1689 	 19421 	 TWN 
[1] "made it here"
1690 	 11378 	 TWN 
1691 	 14468 	 TWN 
1692 	 11120 	 TWN 
[1] "made it here"
1693 	 12308 	 TWN 
[1] "made it here"
1694 	 14469 	 TWN 
[1] "made it here"
1695 	 17736 	 MEX 
[1] "made it here"
1696 	 17718 	 MEX 
[1] "made it here"
1697 	 17789 	 MEX 
1698 	 15354 	 MEX 
[1] "made it here"
1699 	 11906 	 MEX 
[1] "made it here"
1700 	 15352 	 MEX 
[1] "made it here"
1701 	 21001 	 MEX 
1702 	 11655 	 TUR 
1703 	 20682 	 TUR 
1704 	 20688 	 TUR 
1705 	 20024 	 DEU 
[1] "made it here"
1706 	 20020 	 DEU 
[1] "made it here"
1707 	 15491 	 DEU 
[1] "made it here"
1708 	 15492 	 DEU 
[1] "made it here"
1709 	 19288 	 DEU AUT 
[1] "made it here"
1710 	 15476 	 DEU CHE 
[1] "made it here"
1711 	 20014 	 DEU 
[1] "made it here"
1712 	 15494 	 DEU 
[1] "made it here"
1713 	 20017 	 DEU 
[1] "made it here"
1714 	 12458 	 DEU 
[1] "made it here"
1715 	 12986 	 DEU 
[1] "made it here"
1716 	 15495 	 DEU 
[1] "made it here"
1717 	 20877 	 DEU 
[1] "made it here"
1718 	 15489 	 DEU 
[1] "made it here"
1719 	 15488 	 DEU 
[1] "made it here"
1720 	 12969 	 DEU 
[1] "made it here"
1721 	 20015 	 DEU 
[1] "made it here"
1722 	 20917 	 YEM 
[1] "made it here"
1723 	 20911 	 YEM 
1724 	 19536 	 YEM 
1725 	 12943 	 YEM 
1726 	 14630 	 SYR 
[1] "no PAs"
1727 	 14497 	 OMN 
1728 	 14500 	 OMN 
[1] "made it here"
1729 	 18469 	 IRN 
[1] "made it here"
1730 	 15323 	 IRN 
[1] "made it here"
1731 	 19550 	 IRN 
[1] "made it here"
1732 	 11450 	 IRN 
[1] "made it here"
1733 	 11551 	 IRN 
[1] "made it here"
1734 	 19549 	 IRN 
[1] "made it here"
1735 	 19741 	 IRN 
[1] "made it here"
1736 	 19548 	 IRN 
1737 	 19742 	 IRN 
1738 	 19743 	 IRN 
1739 	 15285 	 IRN 
1740 	 20685 	 IRN 
1741 	 12002 	 AFG 
1742 	 18498 	 AFG 
1743 	 18345 	 AFG 
1744 	 18348 	 AFG 
1745 	 20676 	 AFG 
1746 	 18143 	 ZMB 
1747 	 18516 	 ZMB 
1748 	 19944 	 ZMB COD 
[1] "made it here"
1749 	 19356 	 ZMB 
[1] "made it here"
1750 	 11647 	 UGA 
[1] "made it here"
1751 	 13004 	 UGA 
[1] "made it here"
1752 	 12150 	 TZA 
[1] "made it here"
1753 	 20861 	 TZA MOZ 
[1] "made it here"
1754 	 11671 	 TZA 
[1] "made it here"
1755 	 13028 	 TZA 
1756 	 14076 	 TZA 
1757 	 19340 	 TZA 
[1] "made it here"
1758 	 19341 	 TZA 
1759 	 11526 	 TZA 
[1] "made it here"
1760 	 11676 	 TZA 
1761 	 12908 	 TZA 
1762 	 13105 	 TGO BEN 
[1] "made it here"
1763 	 14282 	 ATF 
[1] "made it here"
1764 	 20577 	 ATF 
[1] "made it here"
1765 	 14067 	 SOM 
[1] "no PAs"
1766 	 18551 	 SOM 
[1] "no PAs"
1767 	 20621 	 SEN 
[1] "made it here"
1768 	 20619 	 SLE 
[1] "made it here"
1769 	 18519 	 SSD 
[1] "made it here"
1770 	 18544 	 SSD 
1771 	 18517 	 SSD 
1772 	 14356 	 SSD CAF 
[1] "made it here"
1773 	 18204 	 SDN ETH 
[1] "made it here"
1774 	 20855 	 SDN ETH 
[1] "made it here"
1775 	 14073 	 SDN EGY 
[1] "made it here"
1776 	 14354 	 NGA 
[1] "made it here"
1777 	 19367 	 NGA 
[1] "made it here"
1778 	 19752 	 NAM 
[1] "made it here"
1779 	 19363 	 NAM 
[1] "made it here"
1780 	 18131 	 NAM BWA 
[1] "made it here"
1781 	 17806 	 MOZ 
[1] "made it here"
1782 	 19170 	 MRT 
1783 	 18179 	 MLI 
[1] "made it here"
1784 	 18182 	 MLI 
1785 	 18178 	 MLI 
[1] "made it here"
1786 	 18180 	 MLI 
1787 	 13022 	 MAR 
[1] "made it here"
1788 	 12436 	 LBY 
[1] "no PAs"
1789 	 21034 	 KEN 
1790 	 18159 	 KEN 
1791 	 19951 	 GNQ 
[1] "made it here"
1792 	 18149 	 GHA 
[1] "made it here"
1793 	 18371 	 GAB COG COD 
[1] "made it here"
1794 	 19328 	 GAB 
[1] "made it here"
1795 	 19948 	 GAB 
[1] "made it here"
1796 	 15169 	 GAB CMR COG 
[1] "made it here"
1797 	 18205 	 ETH 
[1] "made it here"
1798 	 19335 	 ETH 
[1] "made it here"
1799 	 20623 	 ETH 
1800 	 13073 	 ETH 
1801 	 12955 	 ETH 
1802 	 20859 	 ETH 
1803 	 12116 	 ETH 
1804 	 20858 	 ETH 
1805 	 19086 	 ERI 
1806 	 20056 	 ERI 
1807 	 20038 	 EGY 
[1] "made it here"
1808 	 18553 	 DJI 
1809 	 13007 	 DJI 
1810 	 19949 	 CMR COG 
[1] "made it here"
1811 	 18555 	 CMR 
[1] "made it here"
1812 	 19952 	 CMR 
[1] "made it here"
1813 	 19254 	 CMR 
1814 	 19788 	 CIV 
[1] "made it here"
1815 	 20853 	 COG COD AGO 
[1] "made it here"
1816 	 19947 	 COG CAF 
[1] "made it here"
1817 	 19946 	 CAF 
[1] "made it here"
1818 	 19943 	 CAF 
1819 	 19954 	 COD 
[1] "made it here"
1820 	 19957 	 COD 
[1] "made it here"
1821 	 19787 	 BEN 
[1] "made it here"
1822 	 19942 	 AGO 
[1] "made it here"
1823 	 19959 	 AGO 
1824 	 19362 	 AGO 
[1] "made it here"
1825 	 19941 	 AGO 
[1] "made it here"
1826 	 20018 	 DEU 
[1] "made it here"
1827 	 15475 	 DEU 
[1] "made it here"
1828 	 15474 	 DEU 
[1] "made it here"
1829 	 15480 	 DEU 
[1] "made it here"
1830 	 18675 	 DEU CHE 
[1] "made it here"
1831 	 20940 	 GRL 
[1] "made it here"
1832 	 15394 	 CHE 
[1] "made it here"
1833 	 15396 	 CHE 
[1] "made it here"
1834 	 15397 	 CHE ITA 
[1] "made it here"
1835 	 15436 	 AUT 
[1] "made it here"
1836 	 20328 	 AUT 
[1] "made it here"
1837 	 15482 	 AUT 
[1] "made it here"
1838 	 15434 	 AUT 
[1] "made it here"
1839 	 20329 	 AUT SVK 
[1] "made it here"
1840 	 20226 	 SVK HUN 
[1] "made it here"
1841 	 20227 	 SVK HUN 
[1] "made it here"
1842 	 20305 	 SVK 
[1] "made it here"
1843 	 20314 	 SVK 
[1] "made it here"
1844 	 20318 	 SVK 
[1] "made it here"
1845 	 20320 	 SVK HUN 
[1] "made it here"
1846 	 20321 	 SVK HUN 
[1] "made it here"
1847 	 14926 	 SVK 
[1] "made it here"
1848 	 14484 	 SVK 
[1] "made it here"
1849 	 14485 	 SVK HUN 
[1] "made it here"
1850 	 14487 	 SVK 
[1] "made it here"
1851 	 20322 	 SVK 
[1] "made it here"
1852 	 20195 	 ROU 
[1] "made it here"
1853 	 20198 	 ROU 
[1] "made it here"
1854 	 20216 	 CZE 
[1] "made it here"
1855 	 19141 	 GRL 
[1] "made it here"
1856 	 19661 	 GRL 
[1] "made it here"
1857 	 19151 	 GRL 
1858 	 19663 	 GRL 
1859 	 15389 	 ITA 
[1] "made it here"
1860 	 15451 	 ITA 
[1] "made it here"
1861 	 15454 	 ITA 
[1] "made it here"
1862 	 15450 	 ITA 
[1] "made it here"
1863 	 19209 	 ITA 
[1] "made it here"
1864 	 15443 	 ITA 
[1] "made it here"
1865 	 20896 	 HUN 
[1] "made it here"
1866 	 20897 	 HUN 
[1] "made it here"
1867 	 20878 	 HUN 
[1] "made it here"
1868 	 20531 	 FIN 
[1] "made it here"
1869 	 14806 	 GRC 
[1] "made it here"
1870 	 12987 	 POL 
[1] "made it here"
1871 	 20689 	 TUR 
1872 	 14620 	 TUR 
[1] "made it here"
1873 	 14738 	 TUR 
1874 	 14766 	 TUR 
1875 	 14618 	 TUR 
1876 	 20350 	 TUR 
1877 	 14619 	 TUR 
1878 	 12119 	 TUR 
[1] "made it here"
1879 	 14661 	 TUR 
[1] "made it here"
1880 	 19739 	 TUR 
[1] "made it here"
1881 	 15486 	 BEL 
[1] "made it here"
1882 	 18994 	 IRL 
[1] "made it here"
1883 	 18993 	 IRL 
[1] "made it here"
1884 	 20004 	 IRL 
[1] "made it here"
1885 	 18983 	 IRL 
[1] "made it here"
1886 	 19019 	 IRL 
[1] "made it here"
1887 	 12058 	 IRL 
[1] "made it here"
1888 	 18982 	 IRL 
[1] "made it here"
1889 	 18984 	 IRL 
[1] "made it here"
1890 	 19057 	 IRL 
[1] "made it here"
1891 	 11590 	 IRL 
[1] "made it here"
1892 	 18988 	 IRL 
[1] "made it here"
1893 	 18976 	 IRL 
[1] "made it here"
1894 	 19046 	 IRL 
[1] "made it here"
1895 	 19012 	 IRL 
[1] "made it here"
1896 	 19023 	 IRL 
[1] "made it here"
1897 	 19009 	 IRL 
[1] "made it here"
1898 	 19013 	 IRL 
[1] "made it here"
1899 	 19015 	 IRL 
[1] "made it here"
1900 	 19016 	 IRL 
[1] "made it here"
1901 	 19369 	 ISL 
[1] "made it here"
1902 	 20592 	 ISL 
1903 	 20593 	 ISL 
1904 	 20599 	 ISL 
1905 	 20589 	 ISL 
1906 	 20604 	 ISL 
1907 	 20602 	 ISL 
[1] "made it here"
1908 	 20590 	 ISL 
1909 	 18956 	 ISL 
[1] "made it here"
1910 	 18968 	 ISL 
1911 	 18955 	 ISL 
1912 	 20990 	 ISL 
1913 	 20862 	 ISL 
1914 	 18958 	 ISL 
1915 	 20605 	 ISL 
1916 	 20988 	 ISL 
[1] "made it here"
1917 	 18961 	 ISL 
[1] "made it here"
1918 	 18962 	 ISL 
1919 	 18963 	 ISL 
1920 	 19370 	 ISL 
[1] "made it here"
1921 	 18969 	 ISL 
[1] "made it here"
1922 	 20597 	 ISL 
[1] "made it here"
1923 	 19371 	 ISL 
[1] "made it here"
1924 	 20603 	 ISL 
[1] "made it here"
1925 	 20595 	 ISL 
[1] "made it here"
1926 	 20596 	 ISL 
[1] "made it here"
1927 	 20591 	 ISL 
[1] "made it here"
1928 	 20057 	 ROU 
[1] "made it here"
1929 	 20183 	 ROU 
[1] "made it here"
1930 	 20060 	 ROU 
[1] "made it here"
1931 	 20061 	 ROU 
[1] "made it here"
1932 	 20188 	 ROU 
[1] "made it here"
1933 	 14272 	 FRO 
[1] "made it here"
1934 	 19149 	 GRL 
1935 	 19150 	 GRL 
1936 	 19148 	 GRL 
1937 	 19082 	 GRL 
[1] "made it here"
1938 	 19140 	 GRL 
[1] "made it here"
1939 	 20208 	 CZE 
[1] "made it here"
1940 	 20209 	 CZE 
[1] "made it here"
user.self 
 156.1105 
  SitRecID       kba          ovl year random nPAs DOMAIN range_countries
1    30673 449475077  2323584.751 1957  FALSE    1  11695             JPN
2    30673 449475077  1848707.513 1963  FALSE    1  11695             JPN
3    30673 449475077  4766825.072 1964  FALSE    1  11695             JPN
4    30673 449475077     1379.007 1972  FALSE    1  11695             JPN
5    30673 449475077 32259848.521 1973  FALSE    1  11695             JPN
6    30673 449475077        0.000 1989  FALSE    1  11695             JPN
     RangeName COUNTRY multiple_ranges all_gmba_intersec mountain terrestrial
1 Ou Mountains     JPN            TRUE             11695        0           0
2 Ou Mountains     JPN            TRUE             11695        0           0
3 Ou Mountains     JPN            TRUE             11695        0           0
4 Ou Mountains     JPN            TRUE             11695        0           0
5 Ou Mountains     JPN            TRUE             11695        0           0
6 Ou Mountains     JPN            TRUE             11695        0           0
  marine freshwater original_area kba_note error_note       percPA
1      1          0   28183126245     <NA>            5.169552e-03
2      1          0   28183126245     <NA>            4.113037e-03
3      1          0   28183126245     <NA>            1.060532e-02
4      1          0   28183126245     <NA>            3.068039e-06
5      1          0   28183126245     <NA>            7.177227e-02
6      1          0   28183126245     <NA>            0.000000e+00
'data.frame':	9574 obs. of  20 variables:
 $ SitRecID         : num  30673 30673 30673 30673 30673 ...
 $ kba              : num  4.49e+08 4.49e+08 4.49e+08 4.49e+08 4.49e+08 ...
 $ ovl              : num  2323585 1848708 4766825 1379 32259849 ...
 $ year             : num  1957 1963 1964 1972 1973 ...
 $ random           : logi  FALSE FALSE FALSE FALSE FALSE FALSE ...
 $ nPAs             : num  1 1 1 1 1 1 1 0 0 1 ...
 $ DOMAIN           : chr  "11695" "11695" "11695" "11695" ...
 $ range_countries  : chr  "JPN" "JPN" "JPN" "JPN" ...
 $ RangeName        : chr  "Ou Mountains" "Ou Mountains" "Ou Mountains" "Ou Mountains" ...
 $ COUNTRY          : chr  "JPN" "JPN" "JPN" "JPN" ...
 $ multiple_ranges  : logi  TRUE TRUE TRUE TRUE TRUE TRUE ...
 $ all_gmba_intersec: chr  "11695" "11695" "11695" "11695" ...
 $ mountain         : int  0 0 0 0 0 0 0 0 0 0 ...
 $ terrestrial      : int  0 0 0 0 0 0 0 1 1 1 ...
 $ marine           : int  1 1 1 1 1 1 1 1 0 0 ...
 $ freshwater       : int  0 0 0 0 0 0 0 0 0 0 ...
 $ original_area    : num  2.82e+10 2.82e+10 2.82e+10 2.82e+10 2.82e+10 ...
 $ kba_note         : chr  NA NA NA NA ...
 $ error_note       : chr  "" "" "" "" ...
 $ percPA           : num  5.17e-03 4.11e-03 1.06e-02 3.07e-06 7.18e-02 ...
[1] 0
