Linking to GEOS 3.6.2, GDAL 2.2.1, PROJ 4.9.3; sf_use_s2() is TRUE

Attaching package: ‘dplyr’

The following objects are masked from ‘package:stats’:

    filter, lag

The following objects are masked from ‘package:base’:

    intersect, setdiff, setequal, union

── Attaching packages ─────────────────────────────────────── tidyverse 1.3.0 ──
✔ ggplot2 3.3.2     ✔ purrr   0.3.4
✔ tibble  3.0.3     ✔ stringr 1.4.0
✔ tidyr   1.1.0     ✔ forcats 0.5.0
✔ readr   1.3.1     
── Conflicts ────────────────────────────────────────── tidyverse_conflicts() ──
✖ dplyr::filter() masks stats::filter()
✖ dplyr::lag()    masks stats::lag()
Linking to liblwgeom 3.0.0beta1 r16016, GEOS 3.6.2, PROJ 4.9.3
Spherical geometry (s2) switched off
Loading required package: sp
rgdal: version: 1.4-7, (SVN revision 845)
 Geospatial Data Abstraction Library extensions to R successfully loaded
 Loaded GDAL runtime: GDAL 2.2.1, released 2017/06/23
 Path to GDAL shared files: /share/software/user/open/gdal/2.2.1/share/gdal
 GDAL binary built with GEOS: FALSE 
 Loaded PROJ.4 runtime: Rel. 4.9.3, 15 August 2016, [PJ_VERSION: 493]
 Path to PROJ.4 shared files: (autodetected)
 Linking to sp version: 1.3-2 
although coordinates are longitude/latitude, st_intersects assumes that they are planar
although coordinates are longitude/latitude, st_intersection assumes that they are planar
Error in Ops.units(0.02, (overlap_area/kba$akba)) : 
  both operands of the expression should be "units" objects
Calls: source -> withVisible -> eval -> eval -> Ops.units
In addition: Warning message:
attribute variables are assumed to be spatially constant throughout all geometries 
Execution halted
