[1] "/oak/stanford/groups/omramom/group_members/aminaly/mountain_biodiversity"
Reading layer `WDPA_poly_Nov2020_filtered' from data source 
  `/oak/stanford/groups/omramom/group_members/aminaly/mountain_biodiversity/data/WDPA/WDPA_Nov2020_Public_shp/WDPA_poly_Nov2020_filtered.gdb' 
  using driver `OpenFileGDB'
Simple feature collection with 239004 features and 30 fields
Geometry type: MULTIPOLYGON
Dimension:     XY
Bounding box:  xmin: -180 ymin: -85.41189 xmax: 180 ymax: 86.45372
Geodetic CRS:  WGS 84
Reading layer `GMBA_Inventory_v2.0_broad_basic' from data source 
  `/oak/stanford/groups/omramom/group_members/aminaly/mountain_biodiversity/data/GMBA/GMBA_Inventory_v2.0_broad_basic.shp' 
  using driver `ESRI Shapefile'
Simple feature collection with 6991 features and 40 fields
Geometry type: MULTIPOLYGON
Dimension:     XY
Bounding box:  xmin: -180 ymin: -55.91467 xmax: 180 ymax: 83.62797
Geodetic CRS:  WGS 84
Reading layer `KBAsGlobal_2020_September_02_POL' from data source 
  `/oak/stanford/groups/omramom/group_members/aminaly/mountain_biodiversity/data/KBA/KBA2020/KBAsGlobal_2020_September_02_POL.shp' 
  using driver `ESRI Shapefile'
Simple feature collection with 15903 features and 16 fields
Geometry type: MULTIPOLYGON
Dimension:     XY
Bounding box:  xmin: -180 ymin: -79.21161 xmax: 180 ymax: 81.36814
Geodetic CRS:  WGS 84
Reading layer `world' from data source 
  `/oak/stanford/groups/omramom/group_members/aminaly/mountain_biodiversity/data/World/world_shp/world.shp' 
  using driver `ESRI Shapefile'
Simple feature collection with 251 features and 2 fields
Geometry type: MULTIPOLYGON
Dimension:     XY
Bounding box:  xmin: -180 ymin: -90 xmax: 180 ymax: 83.6236
Geodetic CRS:  WGS 84
[1] "MULTIPOLYGON"
Classes ‘sf’ and 'data.frame':	239004 obs. of  32 variables:
 $ WDPAID      : num  5.56e+08 3.05e+05 3.07e+05 3.05e+05 5.56e+08 ...
 $ WDPA_PID    : Factor w/ 239004 levels "1","10","100",..: 152602 51066 52721 51067 152604 152605 152607 152626 51706 50650 ...
 $ PA_DEF      : Factor w/ 1 level "1": 1 1 1 1 1 1 1 1 1 1 ...
 $ NAME        : Factor w/ 220919 levels " Marais et tourbières des vallées de la Somme et de l’Avre",..: 79694 211437 211242 211453 193850 211523 118754 52205 182811 120699 ...
 $ ORIG_NAME   : Factor w/ 220974 levels " الرشيدية"," নিঝুম দ্বীপ",..: 76454 203386 203192 203402 185861 203471 113484 50911 175219 115354 ...
 $ DESIG       : Factor w/ 1779 levels "§3 Beskyttet Natur (Alle Søer, Moser, Vandløb, Heder, Enge Mv)",..: 1435 1325 1435 1325 1435 1435 1435 1435 1435 1325 ...
 $ DESIG_ENG   : Factor w/ 1447 levels "§3 Protected Habitats (All Lakes, Bogs, Streams, Heaths And Meadows Etc.)",..: 1262 1139 1262 1139 1262 1262 1262 1262 1262 1139 ...
 $ DESIG_TYPE  : Factor w/ 4 levels "International",..: 2 2 2 2 2 2 2 2 2 2 ...
 $ IUCN_CAT    : Factor w/ 10 levels "Ia","Ib","II",..: 4 4 4 4 4 4 4 4 4 4 ...
 $ INT_CRIT    : Factor w/ 222 levels "(i)","(i)(ii)",..: 221 221 221 221 221 221 221 221 221 221 ...
 $ MARINE      : Factor w/ 3 levels "0","1","2": 1 1 1 1 1 1 1 1 1 1 ...
 $ REP_M_AREA  : num  0 0 0 0 0 0 0 0 0 0 ...
 $ GIS_M_AREA  : num  0 0 0 0 0 0 0 0 0 0 ...
 $ REP_AREA    : num  0.0375 1.3146 0.2735 0.9079 0.0267 ...
 $ GIS_AREA    : num  0.0375 1.316 1.136 0.9088 0.0268 ...
 $ NO_TAKE     : Factor w/ 5 levels "All","None","Not Applicable",..: 3 3 3 3 3 3 3 3 3 3 ...
 $ NO_TK_AREA  : num  0 0 0 0 0 0 0 0 0 0 ...
 $ STATUS      : Factor w/ 4 levels "Adopted","Designated",..: 2 2 2 2 2 2 2 2 2 2 ...
 $ STATUS_YR   : int  1988 1936 1981 1908 1987 1987 1987 1987 1987 1971 ...
 $ GOV_TYPE    : Factor w/ 12 levels "Collaborative governance",..: 2 2 2 2 2 2 2 2 2 2 ...
 $ OWN_TYPE    : Factor w/ 9 levels "Communal","Contested",..: 8 8 8 8 8 8 8 8 8 8 ...
 $ MANG_AUTH   : Factor w/ 5294 levels "\nDirección General de Biodiversidad. Consejería de Sostenibilidad y Transición Ecológica. Gobierno de La Rioja.",..: 1485 1485 1485 1485 1485 1485 1485 1485 1485 1485 ...
 $ MANG_PLAN   : Factor w/ 4018 levels "\nhttp://www.caib.es/eboibfront/es/2015/10279?&p_numero=10279",..: 3927 3927 3927 3927 3927 3927 3927 3927 3927 3927 ...
 $ VERIF       : Factor w/ 3 levels "Expert Verified",..: 3 3 3 3 3 3 3 3 3 3 ...
 $ METADATAID  : int  1773 1773 1773 1773 1773 1773 1773 1773 1773 1773 ...
 $ SUB_LOC     : Factor w/ 2528 levels " US-AZ / US-NV",..: 1626 1626 1627 1626 1593 1593 1626 1593 1593 1593 ...
 $ PARENT_ISO3 : Factor w/ 209 levels "ABNJ","AFG","AGO",..: 148 148 148 148 148 148 148 148 148 148 ...
 $ ISO3        : chr  "NZL" "NZL" "NZL" "NZL" ...
 $ Shape_Length: num  0.00911 0.05396 0.10669 0.08185 0.01582 ...
 $ Shape_Area  : num  3.81e-06 1.34e-04 1.16e-04 9.27e-05 2.73e-06 ...
 $ geometry    :sfc_MULTIPOLYGON of length 239004; first list element: List of 1
  ..$ :List of 1
  .. ..$ : num [1:107, 1:2] 176 176 176 176 176 ...
  ..- attr(*, "class")= chr  "XY" "MULTIPOLYGON" "sfg"
 $ PARENT_ISO  : chr  "NZL" "NZL" "NZL" "NZL" ...
 - attr(*, "sf_column")= chr "geometry"
 - attr(*, "agr")= Factor w/ 3 levels "constant","aggregate",..: NA NA NA NA NA NA NA NA NA NA ...
  ..- attr(*, "names")= chr  "WDPAID" "WDPA_PID" "PA_DEF" "NAME" ...
  [1] "AND" "CZE" "GRL" "FRO" "SRB" "MKD" "AZE" "BLR" "LTU" "LIE" "EST" "LVA"
 [13] "PRT" "BGR" "ROU" "ISL" "IRL" "BEL" "TUR" "MDA" "SWE" "POL" "GRC" "FIN"
 [25] "HUN" "UKR" "ITA" "ALB" "SVK" "ARM" "AUT" "CHE" "DEU" "AGO" "BFA" "BDI"
 [37] "BEN" "BWA" "COD" "CAF" "COG" "CIV" "CMR" "DJI" "DZA" "EGY" "ERI" "ETH"
 [49] "GAB" "GHA" "GMB" "GIN" "GNQ" "GNB" "KEN" "LSO" "LBY" "MAR" "MLI" "MRT"
 [61] "MWI" "MOZ" "NAM" "NER" "NGA" "RWA" "SDN" "SSD" "SHN" "SLE" "SEN" "SOM"
 [73] "STP" "SWZ" "TCD" "ATF" "TGO" "TUN" "TZA" "UGA" "ZMB" "ZWE" "AFG" "BHR"
 [85] "IRQ" "IRN" "JOR" "KWT" "OMN" "QAT" "SYR" "YEM" "MEX" "TWN" "NPL" "BTN"
 [97] "BGD" "IDN" "MYS" "BRN" "PRK" "KOR" "MNG" "PAK" "IOT" "IND" "GEO" "PAN"
[109] "KAZ" "BRA" "GTM" "PRY" "CRI" "NIC" "TKM" "UZB" "URY" "BLZ" "FLK" "SLV"
[121] "AUS" "HND" "SUR" "GUF" "HMD" "CCK" "KGZ" "---" "NCL" "UMI" "PLW" "NFK"
[133] "PYF" "LUX" "BIH" "ISR" "LKA" "MDV" "VNM" "THA" "HKG" "LAO" "KHM" "MAC"
[145] "MMR" "CUW" "JAM" "BES" "PRI" "MSR" "CYM" "TCA" "VGB" "CUB" "BHS" "DOM"
[157] "GRD" "VIR" "KNA" "SXM" "MAF" "VCT" "ATG" "BRB" "MTQ" "TTO" "GLP" "ABW"
[169] "DMA" "BLM" "HTI" "AIA" "PNG" "ZAF" "FRA" "NOR" "RUS" "USA" "NLD" "NZL"
[181] "SAU" "DNK" "SVN" "SJM" "CAN" "TLS" "VUT" "SLB" "JPN" "ATA" "GUY" "SGP"
[193] "MDG" "MUS" "REU" "SYC" "MYT" "COM" "VEN" "CHL" "BOL" "ARG" "PER" "COL"
[205] "ECU" "WSM" "PCN" "FJI" "COK" "MHL" "TON" "FSM" "WLF" "NIU" "KIR" "TKL"
[217] "MNP" "GUM" "ASM" "MNE" "NRU" "HRV" "ESP" "CHN" "GIB" "CYP" "MLT" "LBN"
[229] "PSE" "CPV" "ARE" "TJK" "LBR" "PHL" NA    "SGS" "CXR" "BMU" "LCA" "SPM"
[241] "GBR" "BVT"
[1] "High Seas" NA         
[1] NA
[1] "Philippines"
[1] "we are on domain:  17929"
[1] "we are on domain:  19448"
[1] "we are on domain:  99999"
[1] "we are on domain:  19936"
[1] "we are on domain:  20208"
[1] "we are on domain:  19661"
[1] "we are on domain:  19140"
[1] "we are on domain:  19082"
[1] "we are on domain:  19144"
[1] "we are on domain:  20940"
[1] "we are on domain:  19663"
[1] "we are on domain:  19148"
[1] "we are on domain:  19149"
[1] "we are on domain:  19150"
[1] "we are on domain:  14272"
[1] "we are on domain:  14477"
[1] "we are on domain:  20892"
[1] "we are on domain:  12962"
[1] "we are on domain:  20686"
[1] "we are on domain:  10060"
[1] "we are on domain:  17838"
[1] "we are on domain:  14770"
[1] "we are on domain:  12775"
[1] "we are on domain:  12372"
[1] "we are on domain:  20965"
[1] "we are on domain:  14806"
[1] "we are on domain:  12371"
[1] "we are on domain:  20964"
[1] "we are on domain:  12370"
[1] "we are on domain:  11603"
[1] "we are on domain:  20379"
[1] "we are on domain:  15463"
[1] "we are on domain:  19486"
[1] "we are on domain:  20166"
[1] "we are on domain:  20155"
[1] "we are on domain:  20152"
[1] "we are on domain:  20199"
[1] "we are on domain:  20181"
[1] "we are on domain:  21035"
[1] "we are on domain:  20183"
[1] "we are on domain:  20190"
[1] "we are on domain:  20204"
[1] "we are on domain:  20146"
[1] "we are on domain:  20200"
[1] "we are on domain:  20059"
[1] "we are on domain:  20602"
[1] "we are on domain:  19369"
[1] "we are on domain:  20591"
[1] "we are on domain:  20595"
[1] "we are on domain:  20596"
[1] "we are on domain:  18969"
[1] "we are on domain:  19371"
[1] "we are on domain:  20603"
[1] "we are on domain:  18966"
[1] "we are on domain:  18956"
[1] "we are on domain:  18961"
[1] "we are on domain:  20988"
[1] "we are on domain:  20607"
[1] "we are on domain:  18968"
[1] "we are on domain:  20862"
[1] "we are on domain:  20990"
[1] "we are on domain:  20590"
[1] "we are on domain:  20599"
[1] "we are on domain:  20865"
[1] "we are on domain:  18995"
[1] "we are on domain:  18998"
[1] "we are on domain:  18994"
[1] "we are on domain:  19016"
[1] "we are on domain:  19470"
[1] "we are on domain:  19013"
[1] "we are on domain:  19009"
[1] "we are on domain:  19023"
[1] "we are on domain:  19011"
[1] "we are on domain:  19012"
[1] "we are on domain:  19046"
[1] "we are on domain:  19019"
[1] "we are on domain:  18976"
[1] "we are on domain:  18988"
[1] "we are on domain:  18983"
[1] "we are on domain:  19057"
[1] "we are on domain:  18977"
[1] "we are on domain:  18981"
[1] "we are on domain:  12058"
[1] "we are on domain:  20003"
[1] "we are on domain:  18990"
[1] "we are on domain:  18996"
[1] "we are on domain:  18993"
[1] "we are on domain:  18978"
[1] "we are on domain:  20004"
[1] "we are on domain:  15486"
[1] "we are on domain:  11424"
[1] "we are on domain:  19552"
[1] "we are on domain:  12119"
[1] "we are on domain:  14734"
[1] "we are on domain:  19738"
[1] "we are on domain:  11182"
[1] "we are on domain:  11326"
[1] "we are on domain:  14720"
[1] "we are on domain:  19739"
[1] "we are on domain:  11324"
[1] "we are on domain:  20688"
[1] "we are on domain:  14643"
[1] "we are on domain:  11965"
[1] "we are on domain:  11379"
[1] "we are on domain:  14619"
[1] "we are on domain:  14735"
[1] "we are on domain:  20350"
[1] "we are on domain:  11964"
[1] "we are on domain:  14618"
[1] "we are on domain:  14725"
[1] "we are on domain:  14660"
[1] "we are on domain:  14766"
[1] "we are on domain:  14620"
[1] "we are on domain:  19740"
[1] "we are on domain:  20679"
[1] "we are on domain:  11121"
[1] "we are on domain:  20689"
[1] "we are on domain:  11381"
[1] "we are on domain:  20678"
[1] "we are on domain:  20503"
[1] "we are on domain:  20533"
[1] "we are on domain:  20526"
[1] "we are on domain:  20883"
[1] "we are on domain:  12479"
[1] "we are on domain:  19238"
[1] "we are on domain:  20530"
[1] "we are on domain:  12988"
[1] "we are on domain:  12990"
[1] "we are on domain:  20247"
[1] "we are on domain:  20252"
[1] "we are on domain:  20237"
[1] "we are on domain:  12987"
[1] "we are on domain:  19482"
[1] "we are on domain:  19463"
[1] "we are on domain:  19244"
[1] "we are on domain:  19239"
[1] "we are on domain:  19240"
[1] "we are on domain:  19242"
[1] "we are on domain:  20399"
[1] "we are on domain:  20531"
[1] "we are on domain:  20878"
[1] "we are on domain:  14485"
[1] "we are on domain:  20226"
[1] "we are on domain:  14481"
[1] "we are on domain:  20224"
[1] "we are on domain:  20221"
[1] "we are on domain:  20223"
[1] "we are on domain:  20220"
[1] "we are on domain:  20227"
[1] "we are on domain:  20897"
[1] "we are on domain:  20116"
[1] "we are on domain:  20097"
[1] "we are on domain:  20096"
[1] "we are on domain:  15394"
[1] "we are on domain:  10064"
[1] "we are on domain:  15378"
[1] "we are on domain:  10055"
[1] "we are on domain:  15441"
[1] "we are on domain:  15442"
[1] "we are on domain:  15397"
[1] "we are on domain:  15444"
[1] "we are on domain:  15443"
[1] "we are on domain:  15437"
[1] "we are on domain:  15439"
[1] "we are on domain:  15449"
[1] "we are on domain:  15450"
[1] "we are on domain:  15447"
[1] "we are on domain:  15452"
[1] "we are on domain:  15451"
[1] "we are on domain:  19477"
[1] "we are on domain:  19209"
[1] "we are on domain:  15389"
[1] "we are on domain:  15454"
[1] "we are on domain:  15456"
[1] "we are on domain:  15445"
[1] "we are on domain:  10012"
[1] "we are on domain:  20888"
[1] "we are on domain:  19151"
[1] "we are on domain:  19141"
[1] "we are on domain:  12456"
[1] "we are on domain:  20216"
[1] "we are on domain:  20218"
[1] "we are on domain:  20197"
[1] "we are on domain:  20806"
[1] "we are on domain:  14887"
[1] "we are on domain:  14886"
[1] "we are on domain:  20879"
[1] "we are on domain:  20280"
[1] "we are on domain:  12991"
[1] "we are on domain:  20292"
[1] "we are on domain:  20294"
[1] "we are on domain:  20298"
[1] "we are on domain:  20311"
[1] "we are on domain:  20329"
[1] "we are on domain:  20262"
[1] "we are on domain:  20299"
[1] "we are on domain:  21021"
[1] "we are on domain:  20283"
[1] "we are on domain:  20286"
[1] "we are on domain:  20320"
[1] "we are on domain:  20310"
[1] "we are on domain:  20277"
[1] "we are on domain:  20306"
[1] "we are on domain:  12684"
[1] "we are on domain:  20328"
[1] "we are on domain:  15436"
[1] "we are on domain:  15483"
[1] "we are on domain:  15434"
[1] "we are on domain:  15435"
[1] "we are on domain:  15430"
[1] "we are on domain:  19288"
[1] "we are on domain:  15359"
[1] "we are on domain:  15370"
[1] "we are on domain:  15364"
[1] "we are on domain:  15453"
[1] "we are on domain:  15415"
[1] "we are on domain:  15410"
[1] "we are on domain:  10058"
[1] "we are on domain:  15411"
[1] "we are on domain:  15363"
[1] "we are on domain:  18675"
[1] "we are on domain:  11448"
[1] "we are on domain:  15402"
[1] "we are on domain:  15403"
[1] "we are on domain:  15406"
[1] "we are on domain:  15399"
[1] "we are on domain:  15387"
[1] "we are on domain:  15395"
[1] "we are on domain:  10057"
[1] "we are on domain:  15390"
[1] "we are on domain:  15393"
[1] "we are on domain:  15405"
[1] "we are on domain:  15396"
[1] "we are on domain:  15494"
[1] "we are on domain:  20018"
[1] "we are on domain:  15474"
[1] "we are on domain:  15418"
[1] "we are on domain:  15413"
[1] "we are on domain:  15426"
[1] "we are on domain:  15475"
[1] "we are on domain:  12458"
[1] "we are on domain:  15489"
[1] "we are on domain:  15488"
[1] "we are on domain:  20877"
[1] "we are on domain:  12986"
[1] "we are on domain:  15420"
[1] "we are on domain:  20015"
[1] "we are on domain:  20020"
[1] "we are on domain:  15491"
[1] "we are on domain:  12969"
[1] "we are on domain:  20024"
[1] "we are on domain:  20017"
[1] "we are on domain:  15492"
[1] "we are on domain:  15476"
[1] "we are on domain:  11175"
[1] "we are on domain:  19941"
[1] "we are on domain:  19362"
[1] "we are on domain:  15166"
[1] "we are on domain:  19942"
[1] "we are on domain:  19959"
[1] "we are on domain:  20853"
[1] "we are on domain:  18121"
[1] "we are on domain:  11837"
[1] "we are on domain:  18183"
[1] "we are on domain:  20347"
[1] "we are on domain:  20348"
[1] "we are on domain:  13105"
[1] "we are on domain:  19787"
[1] "we are on domain:  18131"
[1] "we are on domain:  19351"
[1] "we are on domain:  18132"
[1] "we are on domain:  18371"
[1] "we are on domain:  13004"
[1] "we are on domain:  19954"
[1] "we are on domain:  19957"
[1] "we are on domain:  13005"
[1] "we are on domain:  18136"
[1] "we are on domain:  19944"
[1] "we are on domain:  14356"
[1] "we are on domain:  19943"
[1] "we are on domain:  19950"
[1] "we are on domain:  19946"
[1] "we are on domain:  19949"
[1] "we are on domain:  15169"
[1] "we are on domain:  19788"
[1] "we are on domain:  19325"
[1] "we are on domain:  19800"
[1] "we are on domain:  19245"
[1] "we are on domain:  19252"
[1] "we are on domain:  19254"
[1] "we are on domain:  19952"
[1] "we are on domain:  19256"
[1] "we are on domain:  18555"
[1] "we are on domain:  19947"
[1] "we are on domain:  18553"
[1] "we are on domain:  13007"
[1] "we are on domain:  20622"
[1] "we are on domain:  18551"
[1] "we are on domain:  12436"
[1] "we are on domain:  19349"
[1] "we are on domain:  14073"
[1] "we are on domain:  20038"
[1] "we are on domain:  12587"
[1] "we are on domain:  20055"
[1] "we are on domain:  20056"
[1] "we are on domain:  19086"
[1] "we are on domain:  20346"
[1] "we are on domain:  20858"
[1] "we are on domain:  18204"
[1] "we are on domain:  20859"
[1] "we are on domain:  20855"
[1] "we are on domain:  18436"
[1] "we are on domain:  12955"
[1] "we are on domain:  19335"
[1] "we are on domain:  20623"
[1] "we are on domain:  13073"
[1] "we are on domain:  19092"
[1] "we are on domain:  19332"
[1] "we are on domain:  20856"
[1] "we are on domain:  19338"
[1] "we are on domain:  18207"
[1] "we are on domain:  12954"
[1] "we are on domain:  18205"
[1] "we are on domain:  14459"
[1] "we are on domain:  19948"
[1] "we are on domain:  18149"
[1] "we are on domain:  19366"
[1] "we are on domain:  19951"
[1] "we are on domain:  13008"
[1] "we are on domain:  13012"
[1] "we are on domain:  21039"
[1] "we are on domain:  19747"
[1] "we are on domain:  13010"
[1] "we are on domain:  19331"
[1] "we are on domain:  21031"
[1] "we are on domain:  13009"
[1] "we are on domain:  18142"
[1] "we are on domain:  18543"
[1] "we are on domain:  18199"
[1] "we are on domain:  13014"
[1] "we are on domain:  19353"
[1] "we are on domain:  18276"
[1] "we are on domain:  13022"
[1] "we are on domain:  18180"
[1] "we are on domain:  18178"
[1] "we are on domain:  18179"
[1] "we are on domain:  19170"
[1] "we are on domain:  18189"
[1] "we are on domain:  13122"
[1] "we are on domain:  18514"
[1] "we are on domain:  17808"
[1] "we are on domain:  20330"
[1] "we are on domain:  19364"
[1] "we are on domain:  18174"
[1] "we are on domain:  18175"
[1] "we are on domain:  18111"
[1] "we are on domain:  18188"
[1] "we are on domain:  13024"
[1] "we are on domain:  12169"
[1] "we are on domain:  18565"
[1] "we are on domain:  20861"
[1] "we are on domain:  19363"
[1] "we are on domain:  19752"
[1] "we are on domain:  15568"
[1] "we are on domain:  20040"
[1] "we are on domain:  19348"
[1] "we are on domain:  19367"
[1] "we are on domain:  19326"
[1] "we are on domain:  14354"
[1] "we are on domain:  18303"
[1] "we are on domain:  12703"
[1] "we are on domain:  19329"
[1] "we are on domain:  12397"
[1] "we are on domain:  19304"
[1] "we are on domain:  18519"
[1] "we are on domain:  18544"
[1] "we are on domain:  18520"
[1] "we are on domain:  18157"
[1] "we are on domain:  14276"
[1] "we are on domain:  20618"
[1] "we are on domain:  20621"
[1] "we are on domain:  14063"
[1] "we are on domain:  14067"
[1] "we are on domain:  18163"
[1] "we are on domain:  15582"
[1] "we are on domain:  19354"
[1] "we are on domain:  11996"
[1] "we are on domain:  14069"
[1] "we are on domain:  14281"
[1] "we are on domain:  14284"
[1] "we are on domain:  20577"
[1] "we are on domain:  14282"
[1] "we are on domain:  13032"
[1] "we are on domain:  12908"
[1] "we are on domain:  19340"
[1] "we are on domain:  11526"
[1] "we are on domain:  18550"
[1] "we are on domain:  12029"
[1] "we are on domain:  21043"
[1] "we are on domain:  14074"
[1] "we are on domain:  11952"
[1] "we are on domain:  12733"
[1] "we are on domain:  12025"
[1] "we are on domain:  11671"
[1] "we are on domain:  21040"
[1] "we are on domain:  12150"
[1] "we are on domain:  11311"
[1] "we are on domain:  11676"
[1] "we are on domain:  13126"
[1] "we are on domain:  14079"
[1] "we are on domain:  14064"
[1] "we are on domain:  14076"
[1] "we are on domain:  18143"
[1] "we are on domain:  11785"
[1] "we are on domain:  20349"
[1] "we are on domain:  11647"
[1] "we are on domain:  19095"
[1] "we are on domain:  19356"
[1] "we are on domain:  19357"
[1] "we are on domain:  18177"
[1] "we are on domain:  13123"
[1] "we are on domain:  18516"
[1] "we are on domain:  19802"
[1] "we are on domain:  12167"
[1] "we are on domain:  12168"
[1] "we are on domain:  19359"
[1] "we are on domain:  18133"
[1] "we are on domain:  19358"
[1] "we are on domain:  18187"
[1] "we are on domain:  19350"
[1] "we are on domain:  18105"
[1] "we are on domain:  18345"
[1] "we are on domain:  18350"
[1] "we are on domain:  19388"
[1] "we are on domain:  19384"
[1] "we are on domain:  19386"
[1] "we are on domain:  18498"
[1] "we are on domain:  14705"
[1] "we are on domain:  12824"
[1] "we are on domain:  12002"
[1] "we are on domain:  11549"
[1] "we are on domain:  20685"
[1] "we are on domain:  19548"
[1] "we are on domain:  14541"
[1] "we are on domain:  19545"
[1] "we are on domain:  19742"
[1] "we are on domain:  19537"
[1] "we are on domain:  19538"
[1] "we are on domain:  15285"
[1] "we are on domain:  19743"
[1] "we are on domain:  15304"
[1] "we are on domain:  15292"
[1] "we are on domain:  19547"
[1] "we are on domain:  19549"
[1] "we are on domain:  19741"
[1] "we are on domain:  14547"
[1] "we are on domain:  14540"
[1] "we are on domain:  19550"
[1] "we are on domain:  11550"
[1] "we are on domain:  18469"
[1] "we are on domain:  11831"
[1] "we are on domain:  11556"
[1] "we are on domain:  11450"
[1] "we are on domain:  15318"
[1] "we are on domain:  11327"
[1] "we are on domain:  18097"
[1] "we are on domain:  14501"
[1] "we are on domain:  14499"
[1] "we are on domain:  14500"
[1] "we are on domain:  14498"
[1] "we are on domain:  14497"
[1] "we are on domain:  14630"
[1] "we are on domain:  14631"
[1] "we are on domain:  18560"
[1] "we are on domain:  20911"
[1] "we are on domain:  12943"
[1] "we are on domain:  19536"
[1] "we are on domain:  12589"
[1] "we are on domain:  20917"
[1] "we are on domain:  11694"
[1] "we are on domain:  18412"
[1] "we are on domain:  15487"
[1] "we are on domain:  15495"
[1] "we are on domain:  15493"
[1] "we are on domain:  20014"
[1] "we are on domain:  15478"
[1] "we are on domain:  15417"
[1] "we are on domain:  15421"
[1] "we are on domain:  15412"
[1] "we are on domain:  20682"
[1] "we are on domain:  14635"
[1] "we are on domain:  14689"
[1] "we are on domain:  20697"
[1] "we are on domain:  14621"
[1] "we are on domain:  14668"
[1] "we are on domain:  20912"
[1] "we are on domain:  14759"
[1] "we are on domain:  11601"
[1] "we are on domain:  14741"
[1] "we are on domain:  11105"
[1] "we are on domain:  18523"
[1] "we are on domain:  11987"
[1] "we are on domain:  17750"
[1] "we are on domain:  17737"
[1] "we are on domain:  17738"
[1] "we are on domain:  17755"
[1] "we are on domain:  17747"
[1] "we are on domain:  17718"
[1] "we are on domain:  21001"
[1] "we are on domain:  18437"
[1] "we are on domain:  17719"
[1] "we are on domain:  17753"
[1] "we are on domain:  21005"
[1] "we are on domain:  17756"
[1] "we are on domain:  19765"
[1] "we are on domain:  20378"
[1] "we are on domain:  17722"
[1] "we are on domain:  21002"
[1] "we are on domain:  17752"
[1] "we are on domain:  21004"
[1] "we are on domain:  20930"
[1] "we are on domain:  15356"
[1] "we are on domain:  17723"
[1] "we are on domain:  17724"
[1] "we are on domain:  17729"
[1] "we are on domain:  17736"
[1] "we are on domain:  17735"
[1] "we are on domain:  17727"
[1] "we are on domain:  11912"
[1] "we are on domain:  15357"
[1] "we are on domain:  15354"
[1] "we are on domain:  15353"
[1] "we are on domain:  11906"
[1] "we are on domain:  11898"
[1] "we are on domain:  17734"
[1] "we are on domain:  17731"
[1] "we are on domain:  17733"
[1] "we are on domain:  17713"
[1] "we are on domain:  15508"
[1] "we are on domain:  19658"
[1] "we are on domain:  14557"
[1] "we are on domain:  11613"
[1] "we are on domain:  13083"
[1] "we are on domain:  14566"
[1] "we are on domain:  20758"
[1] "we are on domain:  14469"
[1] "we are on domain:  11412"
[1] "we are on domain:  11120"
[1] "we are on domain:  19421"
[1] "we are on domain:  12308"
[1] "we are on domain:  14468"
[1] "we are on domain:  11378"
[1] "we are on domain:  19422"
[1] "we are on domain:  14518"
[1] "we are on domain:  13915"
[1] "we are on domain:  20986"
[1] "we are on domain:  20984"
[1] "we are on domain:  12839"
[1] "we are on domain:  20983"
[1] "we are on domain:  14519"
[1] "we are on domain:  13918"
[1] "we are on domain:  12842"
[1] "we are on domain:  14529"
[1] "we are on domain:  12845"
[1] "we are on domain:  20839"
[1] "we are on domain:  20841"
[1] "we are on domain:  14522"
[1] "we are on domain:  14520"
[1] "we are on domain:  12838"
[1] "we are on domain:  14523"
[1] "we are on domain:  14527"
[1] "we are on domain:  20851"
[1] "we are on domain:  14524"
[1] "we are on domain:  18093"
[1] "we are on domain:  20957"
[1] "we are on domain:  14365"
[1] "we are on domain:  18358"
[1] "we are on domain:  13911"
[1] "we are on domain:  13139"
[1] "we are on domain:  18696"
[1] "we are on domain:  18695"
[1] "we are on domain:  18692"
[1] "we are on domain:  18694"
[1] "we are on domain:  11709"
[1] "we are on domain:  14103"
[1] "we are on domain:  19533"
[1] "we are on domain:  12758"
[1] "we are on domain:  14472"
[1] "we are on domain:  18732"
[1] "we are on domain:  11187"
[1] "we are on domain:  11720"
[1] "we are on domain:  11719"
[1] "we are on domain:  11718"
[1] "we are on domain:  14695"
[1] "we are on domain:  11599"
[1] "we are on domain:  11725"
[1] "we are on domain:  19532"
[1] "we are on domain:  18738"
[1] "we are on domain:  15142"
[1] "we are on domain:  12487"
[1] "we are on domain:  18731"
[1] "we are on domain:  14696"
[1] "we are on domain:  19531"
[1] "we are on domain:  12948"
[1] "we are on domain:  18729"
[1] "we are on domain:  18730"
[1] "we are on domain:  18736"
[1] "we are on domain:  14693"
[1] "we are on domain:  18735"
[1] "we are on domain:  11307"
[1] "we are on domain:  11977"
[1] "we are on domain:  20800"
[1] "we are on domain:  11664"
[1] "we are on domain:  11461"
[1] "we are on domain:  20872"
[1] "we are on domain:  11663"
[1] "we are on domain:  11382"
[1] "we are on domain:  20731"
[1] "we are on domain:  11441"
[1] "we are on domain:  19162"
[1] "we are on domain:  20905"
[1] "we are on domain:  12018"
[1] "we are on domain:  19958"
[1] "we are on domain:  20642"
[1] "we are on domain:  19504"
[1] "we are on domain:  11407"
[1] "we are on domain:  19509"
[1] "we are on domain:  20907"
[1] "we are on domain:  11421"
[1] "we are on domain:  15704"
[1] "we are on domain:  15705"
[1] "we are on domain:  18497"
[1] "we are on domain:  11485"
[1] "we are on domain:  15702"
[1] "we are on domain:  15703"
[1] "we are on domain:  11396"
[1] "we are on domain:  20761"
[1] "we are on domain:  20844"
[1] "we are on domain:  20852"
[1] "we are on domain:  11205"
[1] "we are on domain:  14756"
[1] "we are on domain:  12825"
[1] "we are on domain:  20843"
[1] "we are on domain:  12852"
[1] "we are on domain:  20836"
[1] "we are on domain:  20847"
[1] "we are on domain:  20846"
[1] "we are on domain:  12945"
[1] "we are on domain:  17804"
[1] "we are on domain:  11529"
[1] "we are on domain:  14297"
[1] "we are on domain:  19757"
[1] "we are on domain:  19761"
[1] "we are on domain:  11661"
[1] "we are on domain:  19760"
[1] "we are on domain:  19756"
[1] "we are on domain:  12034"
[1] "we are on domain:  18370"
[1] "we are on domain:  18369"
[1] "we are on domain:  11630"
[1] "we are on domain:  15746"
[1] "we are on domain:  15744"
[1] "we are on domain:  15745"
[1] "we are on domain:  12888"
[1] "we are on domain:  20956"
[1] "we are on domain:  11711"
[1] "we are on domain:  19382"
[1] "we are on domain:  19187"
[1] "we are on domain:  13909"
[1] "we are on domain:  14366"
[1] "we are on domain:  14774"
[1] "we are on domain:  12187"
[1] "we are on domain:  20340"
[1] "we are on domain:  19497"
[1] "we are on domain:  14363"
[1] "we are on domain:  19501"
[1] "we are on domain:  13916"
[1] "we are on domain:  18426"
[1] "we are on domain:  20850"
[1] "we are on domain:  12834"
[1] "we are on domain:  18425"
[1] "we are on domain:  20848"
[1] "we are on domain:  11388"
[1] "we are on domain:  19269"
[1] "we are on domain:  20337"
[1] "we are on domain:  20845"
[1] "we are on domain:  13914"
[1] "we are on domain:  12843"
[1] "we are on domain:  20336"
[1] "we are on domain:  14361"
[1] "we are on domain:  18364"
[1] "we are on domain:  19499"
[1] "we are on domain:  19502"
[1] "we are on domain:  11659"
[1] "we are on domain:  14750"
[1] "we are on domain:  19267"
[1] "we are on domain:  19500"
[1] "we are on domain:  11597"
[1] "we are on domain:  11598"
[1] "we are on domain:  19279"
[1] "we are on domain:  19515"
[1] "we are on domain:  18368"
[1] "we are on domain:  14121"
[1] "we are on domain:  19191"
[1] "we are on domain:  11137"
[1] "we are on domain:  19283"
[1] "we are on domain:  15250"
[1] "we are on domain:  20954"
[1] "we are on domain:  14368"
[1] "we are on domain:  12682"
[1] "we are on domain:  12697"
[1] "we are on domain:  15481"
[1] "we are on domain:  20217"
[1] "we are on domain:  20213"
[1] "we are on domain:  15482"
[1] "we are on domain:  11776"
[1] "we are on domain:  11740"
[1] "we are on domain:  14805"
[1] "we are on domain:  15147"
[1] "we are on domain:  15464"
[1] "we are on domain:  12971"
[1] "we are on domain:  20902"
[1] "we are on domain:  11253"
[1] "we are on domain:  11869"
[1] "we are on domain:  19996"
[1] "we are on domain:  11726"
[1] "we are on domain:  11867"
[1] "we are on domain:  11864"
[1] "we are on domain:  11871"
[1] "we are on domain:  17843"
[1] "we are on domain:  15251"
[1] "we are on domain:  11490"
[1] "we are on domain:  11666"
[1] "we are on domain:  19307"
[1] "we are on domain:  11840"
[1] "we are on domain:  19723"
[1] "we are on domain:  18239"
[1] "we are on domain:  13050"
[1] "we are on domain:  11858"
[1] "we are on domain:  18266"
[1] "we are on domain:  11852"
[1] "we are on domain:  14235"
[1] "we are on domain:  11855"
[1] "we are on domain:  11850"
[1] "we are on domain:  18262"
[1] "we are on domain:  18261"
[1] "we are on domain:  19722"
[1] "we are on domain:  18250"
[1] "we are on domain:  18248"
[1] "we are on domain:  14504"
[1] "we are on domain:  11841"
[1] "we are on domain:  14505"
[1] "we are on domain:  13052"
[1] "we are on domain:  19931"
[1] "we are on domain:  11861"
[1] "we are on domain:  19725"
[1] "we are on domain:  18243"
[1] "we are on domain:  19309"
[1] "we are on domain:  11849"
[1] "we are on domain:  11847"
[1] "we are on domain:  18223"
[1] "we are on domain:  15551"
[1] "we are on domain:  18218"
[1] "we are on domain:  18235"
[1] "we are on domain:  19988"
[1] "we are on domain:  14254"
[1] "we are on domain:  19929"
[1] "we are on domain:  18240"
[1] "we are on domain:  18222"
[1] "we are on domain:  11273"
[1] "we are on domain:  18241"
[1] "we are on domain:  18242"
[1] "we are on domain:  19991"
[1] "we are on domain:  13054"
[1] "we are on domain:  14555"
[1] "we are on domain:  14554"
[1] "we are on domain:  11903"
[1] "we are on domain:  14553"
[1] "we are on domain:  11893"
[1] "we are on domain:  11902"
[1] "we are on domain:  14564"
[1] "we are on domain:  14565"
[1] "we are on domain:  19656"
[1] "we are on domain:  11728"
[1] "we are on domain:  11254"
[1] "we are on domain:  12880"
[1] "we are on domain:  17757"
[1] "we are on domain:  17715"
[1] "we are on domain:  15347"
[1] "we are on domain:  17714"
[1] "we are on domain:  17717"
[1] "we are on domain:  11257"
[1] "we are on domain:  11246"
[1] "we are on domain:  11261"
[1] "we are on domain:  11260"
[1] "we are on domain:  17716"
[1] "we are on domain:  14227"
[1] "we are on domain:  13047"
[1] "we are on domain:  19779"
[1] "we are on domain:  11144"
[1] "we are on domain:  12217"
[1] "we are on domain:  12453"
[1] "we are on domain:  15274"
[1] "we are on domain:  18900"
[1] "we are on domain:  18901"
[1] "we are on domain:  14563"
[1] "we are on domain:  14561"
[1] "we are on domain:  14560"
[1] "we are on domain:  14562"
[1] "we are on domain:  14575"
[1] "we are on domain:  13107"
[1] "we are on domain:  19780"
[1] "we are on domain:  18377"
[1] "we are on domain:  20228"
[1] "we are on domain:  20900"
[1] "we are on domain:  20225"
[1] "we are on domain:  20321"
[1] "we are on domain:  19865"
[1] "we are on domain:  18475"
[1] "we are on domain:  19866"
[1] "we are on domain:  19863"
[1] "we are on domain:  20508"
[1] "we are on domain:  20884"
[1] "we are on domain:  14473"
[1] "we are on domain:  15276"
[1] "we are on domain:  20234"
[1] "we are on domain:  20249"
[1] "we are on domain:  20245"
[1] "we are on domain:  20250"
[1] "we are on domain:  20246"
[1] "we are on domain:  20243"
[1] "we are on domain:  15720"
[1] "we are on domain:  19396"
[1] "we are on domain:  12345"
[1] "we are on domain:  20276"
[1] "we are on domain:  14923"
[1] "we are on domain:  20669"
[1] "we are on domain:  20866"
[1] "we are on domain:  19862"
[1] "we are on domain:  14232"
[1] "we are on domain:  20381"
[1] "we are on domain:  18256"
[1] "we are on domain:  18260"
[1] "we are on domain:  20949"
[1] "we are on domain:  19726"
[1] "we are on domain:  18216"
[1] "we are on domain:  18300"
[1] "we are on domain:  14225"
[1] "we are on domain:  18245"
[1] "we are on domain:  20950"
[1] "we are on domain:  19305"
[1] "we are on domain:  18244"
[1] "we are on domain:  18229"
[1] "we are on domain:  14247"
[1] "we are on domain:  19727"
[1] "we are on domain:  18224"
[1] "we are on domain:  19312"
[1] "we are on domain:  19311"
[1] "we are on domain:  11972"
[1] "we are on domain:  12151"
[1] "we are on domain:  12511"
[1] "we are on domain:  19534"
[1] "we are on domain:  20972"
[1] "we are on domain:  19293"
[1] "we are on domain:  11256"
[1] "we are on domain:  15351"
[1] "we are on domain:  11640"
[1] "we are on domain:  11641"
[1] "we are on domain:  15349"
[1] "we are on domain:  11262"
[1] "we are on domain:  19315"
[1] "we are on domain:  14445"
[1] "we are on domain:  14446"
[1] "we are on domain:  15521"
[1] "we are on domain:  15524"
[1] "we are on domain:  14447"
[1] "we are on domain:  20942"
[1] "we are on domain:  11920"
[1] "we are on domain:  14397"
[1] "we are on domain:  15200"
[1] "we are on domain:  19831"
[1] "we are on domain:  14406"
[1] "we are on domain:  12638"
[1] "we are on domain:  14419"
[1] "we are on domain:  19314"
[1] "we are on domain:  14228"
[1] "we are on domain:  19987"
[1] "we are on domain:  14449"
[1] "we are on domain:  14450"
[1] "we are on domain:  19161"
[1] "we are on domain:  19846"
[1] "we are on domain:  15118"
[1] "we are on domain:  19686"
[1] "we are on domain:  19691"
[1] "we are on domain:  15208"
[1] "we are on domain:  19690"
[1] "we are on domain:  14425"
[1] "we are on domain:  14417"
[1] "we are on domain:  20944"
[1] "we are on domain:  19159"
[1] "we are on domain:  14283"
[1] "we are on domain:  20315"
[1] "we are on domain:  20264"
[1] "we are on domain:  20296"
[1] "we are on domain:  14721"
[1] "we are on domain:  14664"
[1] "we are on domain:  20701"
[1] "we are on domain:  14670"
[1] "we are on domain:  15388"
[1] "we are on domain:  20253"
[1] "we are on domain:  15455"
[1] "we are on domain:  13124"
[1] "we are on domain:  17806"
[1] "we are on domain:  15331"
[1] "we are on domain:  15172"
[1] "we are on domain:  13000"
[1] "we are on domain:  20700"
[1] "we are on domain:  20681"
[1] "we are on domain:  14641"
[1] "we are on domain:  14644"
[1] "we are on domain:  19817"
[1] "we are on domain:  18441"
[1] "we are on domain:  19823"
[1] "we are on domain:  12525"
[1] "we are on domain:  19684"
[1] "we are on domain:  20143"
[1] "we are on domain:  20201"
[1] "we are on domain:  20205"
[1] "we are on domain:  20151"
[1] "we are on domain:  20154"
[1] "we are on domain:  20149"
[1] "we are on domain:  20158"
[1] "we are on domain:  20160"
[1] "we are on domain:  20206"
[1] "we are on domain:  20196"
[1] "we are on domain:  20198"
[1] "we are on domain:  21026"
[1] "we are on domain:  20180"
[1] "we are on domain:  20178"
[1] "we are on domain:  20173"
[1] "we are on domain:  20168"
[1] "we are on domain:  20162"
[1] "we are on domain:  20165"
[1] "we are on domain:  15195"
[1] "we are on domain:  20188"
[1] "we are on domain:  20191"
[1] "we are on domain:  20176"
[1] "we are on domain:  20172"
[1] "we are on domain:  20612"
[1] "we are on domain:  21036"
[1] "we are on domain:  12636"
[1] "we are on domain:  20236"
[1] "we are on domain:  14819"
[1] "we are on domain:  18411"
[1] "we are on domain:  20893"
[1] "we are on domain:  15146"
[1] "we are on domain:  19688"
[1] "we are on domain:  19685"
[1] "we are on domain:  20774"
[1] "we are on domain:  19692"
[1] "we are on domain:  14420"
[1] "we are on domain:  19826"
[1] "we are on domain:  20772"
[1] "we are on domain:  19824"
[1] "we are on domain:  14394"
[1] "we are on domain:  20974"
[1] "we are on domain:  15175"
[1] "we are on domain:  20973"
[1] "we are on domain:  15189"
[1] "we are on domain:  11336"
[1] "we are on domain:  14421"
[1] "we are on domain:  15191"
[1] "we are on domain:  19832"
[1] "we are on domain:  12628"
[1] "we are on domain:  15176"
[1] "we are on domain:  15202"
[1] "we are on domain:  11527"
[1] "we are on domain:  19874"
[1] "we are on domain:  19870"
[1] "we are on domain:  20903"
[1] "we are on domain:  20651"
[1] "we are on domain:  20648"
[1] "we are on domain:  20326"
[1] "we are on domain:  18002"
[1] "we are on domain:  14675"
[1] "we are on domain:  12958"
[1] "we are on domain:  19333"
[1] "we are on domain:  13088"
[1] "we are on domain:  12486"
[1] "we are on domain:  18540"
[1] "we are on domain:  12116"
[1] "we are on domain:  20854"
[1] "we are on domain:  18159"
[1] "we are on domain:  18160"
[1] "we are on domain:  19229"
[1] "we are on domain:  19087"
[1] "we are on domain:  18547"
[1] "we are on domain:  19183"
[1] "we are on domain:  20910"
[1] "we are on domain:  19341"
[1] "we are on domain:  13028"
[1] "we are on domain:  19094"
[1] "we are on domain:  12027"
[1] "we are on domain:  19745"
[1] "we are on domain:  12606"
[1] "we are on domain:  19551"
[1] "we are on domain:  20241"
[1] "we are on domain:  20235"
[1] "we are on domain:  20251"
[1] "we are on domain:  20239"
[1] "we are on domain:  14493"
[1] "we are on domain:  14099"
[1] "we are on domain:  12051"
[1] "we are on domain:  12944"
[1] "we are on domain:  20362"
[1] "we are on domain:  12820"
[1] "we are on domain:  20364"
[1] "we are on domain:  20363"
[1] "we are on domain:  12774"
[1] "we are on domain:  19157"
[1] "we are on domain:  19518"
[1] "we are on domain:  19513"
[1] "we are on domain:  18495"
[1] "we are on domain:  13099"
[1] "we are on domain:  19522"
[1] "we are on domain:  12531"
[1] "we are on domain:  19520"
[1] "we are on domain:  11287"
[1] "we are on domain:  15245"
[1] "we are on domain:  11170"
[1] "we are on domain:  12949"
[1] "we are on domain:  18309"
[1] "we are on domain:  11792"
[1] "we are on domain:  13131"
[1] "we are on domain:  19519"
[1] "we are on domain:  11181"
[1] "we are on domain:  19290"
[1] "we are on domain:  19517"
[1] "we are on domain:  12941"
[1] "we are on domain:  12947"
[1] "we are on domain:  18433"
[1] "we are on domain:  13129"
[1] "we are on domain:  12937"
[1] "we are on domain:  12950"
[1] "we are on domain:  12936"
[1] "we are on domain:  11885"
[1] "we are on domain:  19960"
[1] "we are on domain:  12090"
[1] "we are on domain:  12946"
[1] "we are on domain:  19514"
[1] "we are on domain:  18435"
[1] "we are on domain:  19521"
[1] "we are on domain:  11714"
[1] "we are on domain:  11994"
[1] "we are on domain:  11746"
[1] "we are on domain:  11469"
[1] "we are on domain:  14775"
[1] "we are on domain:  15749"
[1] "we are on domain:  19516"
[1] "we are on domain:  11345"
[1] "we are on domain:  11629"
[1] "we are on domain:  11343"
[1] "we are on domain:  11992"
[1] "we are on domain:  14595"
[1] "we are on domain:  14594"
[1] "we are on domain:  19654"
[1] "we are on domain:  14601"
[1] "we are on domain:  14599"
[1] "we are on domain:  19655"
[1] "we are on domain:  18759"
[1] "we are on domain:  14576"
[1] "we are on domain:  11926"
[1] "we are on domain:  14581"
[1] "we are on domain:  14578"
[1] "we are on domain:  19651"
[1] "we are on domain:  11892"
[1] "we are on domain:  11268"
[1] "we are on domain:  14692"
[1] "we are on domain:  19653"
[1] "we are on domain:  18754"
[1] "we are on domain:  14588"
[1] "we are on domain:  13950"
[1] "we are on domain:  18746"
[1] "we are on domain:  18753"
[1] "we are on domain:  18755"
[1] "we are on domain:  18751"
[1] "we are on domain:  14597"
[1] "we are on domain:  18767"
[1] "we are on domain:  20933"
[1] "we are on domain:  14596"
[1] "we are on domain:  14607"
[1] "we are on domain:  11677"
[1] "we are on domain:  14608"
[1] "we are on domain:  20932"
[1] "we are on domain:  14603"
[1] "we are on domain:  18745"
[1] "we are on domain:  14602"
[1] "we are on domain:  19652"
[1] "we are on domain:  11609"
[1] "we are on domain:  14584"
[1] "we are on domain:  14585"
[1] "we are on domain:  20830"
[1] "we are on domain:  11638"
[1] "we are on domain:  14586"
[1] "we are on domain:  14582"
[1] "we are on domain:  18757"
[1] "we are on domain:  18758"
[1] "we are on domain:  14471"
[1] "we are on domain:  18764"
[1] "we are on domain:  15226"
[1] "we are on domain:  15564"
[1] "we are on domain:  11696"
[1] "we are on domain:  19352"
[1] "we are on domain:  15589"
[1] "we are on domain:  11684"
[1] "we are on domain:  15595"
[1] "we are on domain:  15594"
[1] "we are on domain:  12951"
[1] "we are on domain:  13017"
[1] "we are on domain:  15588"
[1] "we are on domain:  18277"
[1] "we are on domain:  19360"
[1] "we are on domain:  14086"
[1] "we are on domain:  11572"
[1] "we are on domain:  11541"
[1] "we are on domain:  13026"
[1] "we are on domain:  18278"
[1] "we are on domain:  19750"
[1] "we are on domain:  18285"
[1] "we are on domain:  15562"
[1] "we are on domain:  18953"
[1] "we are on domain:  12042"
[1] "we are on domain:  15125"
[1] "we are on domain:  15502"
[1] "we are on domain:  15123"
[1] "we are on domain:  15121"
[1] "we are on domain:  20030"
[1] "we are on domain:  15124"
[1] "we are on domain:  15500"
[1] "we are on domain:  15501"
[1] "we are on domain:  19492"
[1] "we are on domain:  17932"
[1] "we are on domain:  17900"
[1] "we are on domain:  17897"
[1] "we are on domain:  17892"
[1] "we are on domain:  17965"
[1] "we are on domain:  15127"
[1] "we are on domain:  20012"
[1] "we are on domain:  20011"
[1] "we are on domain:  15133"
[1] "we are on domain:  20028"
[1] "we are on domain:  17905"
[1] "we are on domain:  17887"
[1] "we are on domain:  17936"
[1] "we are on domain:  17926"
[1] "we are on domain:  17924"
[1] "we are on domain:  15377"
[1] "we are on domain:  15128"
[1] "we are on domain:  15129"
[1] "we are on domain:  15122"
[1] "we are on domain:  10011"
[1] "we are on domain:  10068"
[1] "we are on domain:  10069"
[1] "we are on domain:  10066"
[1] "we are on domain:  20031"
[1] "we are on domain:  20433"
[1] "we are on domain:  20412"
[1] "we are on domain:  20538"
[1] "we are on domain:  20413"
[1] "we are on domain:  20543"
[1] "we are on domain:  20407"
[1] "we are on domain:  15539"
[1] "we are on domain:  20548"
[1] "we are on domain:  20427"
[1] "we are on domain:  20494"
[1] "we are on domain:  20551"
[1] "we are on domain:  20475"
[1] "we are on domain:  20406"
[1] "we are on domain:  20882"
[1] "we are on domain:  20470"
[1] "we are on domain:  20540"
[1] "we are on domain:  20400"
[1] "we are on domain:  12483"
[1] "we are on domain:  20429"
[1] "we are on domain:  12980"
[1] "we are on domain:  20473"
[1] "we are on domain:  20572"
[1] "we are on domain:  20386"
[1] "we are on domain:  20881"
[1] "we are on domain:  20885"
[1] "we are on domain:  20567"
[1] "we are on domain:  20432"
[1] "we are on domain:  20477"
[1] "we are on domain:  20408"
[1] "we are on domain:  20462"
[1] "we are on domain:  12344"
[1] "we are on domain:  12356"
[1] "we are on domain:  12000"
[1] "we are on domain:  12348"
[1] "we are on domain:  18477"
[1] "we are on domain:  11156"
[1] "we are on domain:  11226"
[1] "we are on domain:  12354"
[1] "we are on domain:  18470"
[1] "we are on domain:  11886"
[1] "we are on domain:  18471"
[1] "we are on domain:  12353"
[1] "we are on domain:  20967"
[1] "we are on domain:  12451"
[1] "we are on domain:  12450"
[1] "we are on domain:  12452"
[1] "we are on domain:  12449"
[1] "we are on domain:  11679"
[1] "we are on domain:  19214"
[1] "we are on domain:  19213"
[1] "we are on domain:  20042"
[1] "we are on domain:  17686"
[1] "we are on domain:  19629"
[1] "we are on domain:  17159"
[1] "we are on domain:  17172"
[1] "we are on domain:  11806"
[1] "we are on domain:  19576"
[1] "we are on domain:  17173"
[1] "we are on domain:  17046"
[1] "we are on domain:  17175"
[1] "we are on domain:  17051"
[1] "we are on domain:  17228"
[1] "we are on domain:  17220"
[1] "we are on domain:  16556"
[1] "we are on domain:  11795"
[1] "we are on domain:  11804"
[1] "we are on domain:  17053"
[1] "we are on domain:  19587"
[1] "we are on domain:  17064"
[1] "we are on domain:  11569"
[1] "we are on domain:  17054"
[1] "we are on domain:  17251"
[1] "we are on domain:  17206"
[1] "we are on domain:  17254"
[1] "we are on domain:  11808"
[1] "we are on domain:  16328"
[1] "we are on domain:  16334"
[1] "we are on domain:  16335"
[1] "we are on domain:  17185"
[1] "we are on domain:  15997"
[1] "we are on domain:  16002"
[1] "we are on domain:  16220"
[1] "we are on domain:  15988"
[1] "we are on domain:  17641"
[1] "we are on domain:  16871"
[1] "we are on domain:  17605"
[1] "we are on domain:  11200"
[1] "we are on domain:  17693"
[1] "we are on domain:  16369"
[1] "we are on domain:  17684"
[1] "we are on domain:  16042"
[1] "we are on domain:  16424"
[1] "we are on domain:  16564"
[1] "we are on domain:  16427"
[1] "we are on domain:  16419"
[1] "we are on domain:  12494"
[1] "we are on domain:  15790"
[1] "we are on domain:  15792"
[1] "we are on domain:  15806"
[1] "we are on domain:  11472"
[1] "we are on domain:  19556"
[1] "we are on domain:  15788"
[1] "we are on domain:  12911"
[1] "we are on domain:  15794"
[1] "we are on domain:  19555"
[1] "we are on domain:  21055"
[1] "we are on domain:  15505"
[1] "we are on domain:  15801"
[1] "we are on domain:  16310"
[1] "we are on domain:  17701"
[1] "we are on domain:  16914"
[1] "we are on domain:  15987"
[1] "we are on domain:  16024"
[1] "we are on domain:  17688"
[1] "we are on domain:  16303"
[1] "we are on domain:  17697"
[1] "we are on domain:  19637"
[1] "we are on domain:  16062"
[1] "we are on domain:  12928"
[1] "we are on domain:  16417"
[1] "we are on domain:  16430"
[1] "we are on domain:  19586"
[1] "we are on domain:  12927"
[1] "we are on domain:  19616"
[1] "we are on domain:  19614"
[1] "we are on domain:  17517"
[1] "we are on domain:  19591"
[1] "we are on domain:  16361"
[1] "we are on domain:  17556"
[1] "we are on domain:  15930"
[1] "we are on domain:  15924"
[1] "we are on domain:  15931"
[1] "we are on domain:  15994"
[1] "we are on domain:  17071"
[1] "we are on domain:  11532"
[1] "we are on domain:  16881"
[1] "we are on domain:  19600"
[1] "we are on domain:  15785"
[1] "we are on domain:  15974"
[1] "we are on domain:  16892"
[1] "we are on domain:  16921"
[1] "we are on domain:  19677"
[1] "we are on domain:  17058"
[1] "we are on domain:  16219"
[1] "we are on domain:  15842"
[1] "we are on domain:  17458"
[1] "we are on domain:  17513"
[1] "we are on domain:  11446"
[1] "we are on domain:  16866"
[1] "we are on domain:  17001"
[1] "we are on domain:  17196"
[1] "we are on domain:  17194"
[1] "we are on domain:  11607"
[1] "we are on domain:  15958"
[1] "we are on domain:  15891"
[1] "we are on domain:  15798"
[1] "we are on domain:  15799"
[1] "we are on domain:  15796"
[1] "we are on domain:  15797"
[1] "we are on domain:  15832"
[1] "we are on domain:  15800"
[1] "we are on domain:  21046"
[1] "we are on domain:  15784"
[1] "we are on domain:  15838"
[1] "we are on domain:  21045"
[1] "we are on domain:  15840"
[1] "we are on domain:  11811"
[1] "we are on domain:  12930"
[1] "we are on domain:  16975"
[1] "we are on domain:  12103"
[1] "we are on domain:  15953"
[1] "we are on domain:  16036"
[1] "we are on domain:  17199"
[1] "we are on domain:  20928"
[1] "we are on domain:  19571"
[1] "we are on domain:  11649"
[1] "we are on domain:  16729"
[1] "we are on domain:  16707"
[1] "we are on domain:  16706"
[1] "we are on domain:  16608"
[1] "we are on domain:  16126"
[1] "we are on domain:  11221"
[1] "we are on domain:  16709"
[1] "we are on domain:  19736"
[1] "we are on domain:  16671"
[1] "we are on domain:  16135"
[1] "we are on domain:  16622"
[1] "we are on domain:  15916"
[1] "we are on domain:  15908"
[1] "we are on domain:  15416"
[1] "we are on domain:  13539"
[1] "we are on domain:  11708"
[1] "we are on domain:  13860"
[1] "we are on domain:  13850"
[1] "we are on domain:  13749"
[1] "we are on domain:  19695"
[1] "we are on domain:  11774"
[1] "we are on domain:  13826"
[1] "we are on domain:  13574"
[1] "we are on domain:  19696"
[1] "we are on domain:  13632"
[1] "we are on domain:  13663"
[1] "we are on domain:  13651"
[1] "we are on domain:  13639"
[1] "we are on domain:  13565"
[1] "we are on domain:  13578"
[1] "we are on domain:  13140"
[1] "we are on domain:  13150"
[1] "we are on domain:  13537"
[1] "we are on domain:  13167"
[1] "we are on domain:  13540"
[1] "we are on domain:  12872"
[1] "we are on domain:  13685"
[1] "we are on domain:  13879"
[1] "we are on domain:  13890"
[1] "we are on domain:  13876"
[1] "we are on domain:  11582"
[1] "we are on domain:  11330"
[1] "we are on domain:  13552"
[1] "we are on domain:  13858"
[1] "we are on domain:  13165"
[1] "we are on domain:  13545"
[1] "we are on domain:  13630"
[1] "we are on domain:  13615"
[1] "we are on domain:  13610"
[1] "we are on domain:  13901"
[1] "we are on domain:  14430"
[1] "we are on domain:  13852"
[1] "we are on domain:  11982"
[1] "we are on domain:  13833"
[1] "we are on domain:  13818"
[1] "we are on domain:  13881"
[1] "we are on domain:  13799"
[1] "we are on domain:  11453"
[1] "we are on domain:  13793"
[1] "we are on domain:  11827"
[1] "we are on domain:  13774"
[1] "we are on domain:  13753"
[1] "we are on domain:  11752"
[1] "we are on domain:  13738"
[1] "we are on domain:  13682"
[1] "we are on domain:  13601"
[1] "we are on domain:  13668"
[1] "we are on domain:  13648"
[1] "we are on domain:  13641"
[1] "we are on domain:  11162"
[1] "we are on domain:  13604"
[1] "we are on domain:  13627"
[1] "we are on domain:  13579"
[1] "we are on domain:  13554"
[1] "we are on domain:  13628"
[1] "we are on domain:  13602"
[1] "we are on domain:  13599"
[1] "we are on domain:  11390"
[1] "we are on domain:  11974"
[1] "we are on domain:  13590"
[1] "we are on domain:  14431"
[1] "we are on domain:  13899"
[1] "we are on domain:  11196"
[1] "we are on domain:  12868"
[1] "we are on domain:  20909"
[1] "we are on domain:  19767"
[1] "we are on domain:  19771"
[1] "we are on domain:  11431"
[1] "we are on domain:  11391"
[1] "we are on domain:  14123"
[1] "we are on domain:  15459"
[1] "we are on domain:  14842"
[1] "we are on domain:  14841"
[1] "we are on domain:  14877"
[1] "we are on domain:  15461"
[1] "we are on domain:  20834"
[1] "we are on domain:  15460"
[1] "we are on domain:  15458"
[1] "we are on domain:  14878"
[1] "we are on domain:  15457"
[1] "we are on domain:  19106"
[1] "we are on domain:  19103"
[1] "we are on domain:  20426"
[1] "we are on domain:  19108"
[1] "we are on domain:  19107"
[1] "we are on domain:  20544"
[1] "we are on domain:  19104"
[1] "we are on domain:  20418"
[1] "we are on domain:  20428"
[1] "we are on domain:  20424"
[1] "we are on domain:  20430"
[1] "we are on domain:  12033"
[1] "we are on domain:  17152"
[1] "we are on domain:  19674"
[1] "we are on domain:  19672"
[1] "we are on domain:  11766"
[1] "we are on domain:  17154"
[1] "we are on domain:  17153"
[1] "we are on domain:  17129"
[1] "we are on domain:  17133"
[1] "we are on domain:  17115"
[1] "we are on domain:  17128"
[1] "we are on domain:  17157"
[1] "we are on domain:  19580"
[1] "we are on domain:  19563"
[1] "we are on domain:  16176"
[1] "we are on domain:  19561"
[1] "we are on domain:  11883"
[1] "we are on domain:  16006"
[1] "we are on domain:  16007"
[1] "we are on domain:  16010"
[1] "we are on domain:  16016"
[1] "we are on domain:  16018"
[1] "we are on domain:  16805"
[1] "we are on domain:  15811"
[1] "we are on domain:  19997"
[1] "we are on domain:  20939"
[1] "we are on domain:  20936"
[1] "we are on domain:  16807"
[1] "we are on domain:  16795"
[1] "we are on domain:  19659"
[1] "we are on domain:  20934"
[1] "we are on domain:  12367"
[1] "we are on domain:  12365"
[1] "we are on domain:  19670"
[1] "we are on domain:  16012"
[1] "we are on domain:  16014"
[1] "we are on domain:  18703"
[1] "we are on domain:  16850"
[1] "we are on domain:  15812"
[1] "we are on domain:  15808"
[1] "we are on domain:  15867"
[1] "we are on domain:  19577"
[1] "we are on domain:  15863"
[1] "we are on domain:  14275"
[1] "we are on domain:  14274"
[1] "we are on domain:  18894"
[1] "we are on domain:  20768"
[1] "we are on domain:  18920"
[1] "we are on domain:  12747"
[1] "we are on domain:  15233"
[1] "we are on domain:  15234"
[1] "we are on domain:  18925"
[1] "we are on domain:  20585"
[1] "we are on domain:  20586"
[1] "we are on domain:  12745"
[1] "we are on domain:  15235"
[1] "we are on domain:  15232"
[1] "we are on domain:  18892"
[1] "we are on domain:  20769"
[1] "we are on domain:  12746"
[1] "we are on domain:  18919"
[1] "we are on domain:  18893"
[1] "we are on domain:  18922"
[1] "we are on domain:  20584"
[1] "we are on domain:  12765"
[1] "we are on domain:  19291"
[1] "we are on domain:  12763"
[1] "we are on domain:  12764"
[1] "we are on domain:  12760"
[1] "we are on domain:  18854"
[1] "we are on domain:  18850"
[1] "we are on domain:  20908"
[1] "we are on domain:  18848"
[1] "we are on domain:  12762"
[1] "we are on domain:  18849"
[1] "we are on domain:  18851"
[1] "we are on domain:  18888"
[1] "we are on domain:  18883"
[1] "we are on domain:  18939"
[1] "we are on domain:  18895"
[1] "we are on domain:  18897"
[1] "we are on domain:  18852"
[1] "we are on domain:  12772"
[1] "we are on domain:  12773"
[1] "we are on domain:  12769"
[1] "we are on domain:  12770"
[1] "we are on domain:  12771"
[1] "we are on domain:  11384"
[1] "we are on domain:  15224"
[1] "we are on domain:  12614"
[1] "we are on domain:  18826"
[1] "we are on domain:  11322"
[1] "we are on domain:  18824"
[1] "we are on domain:  18821"
[1] "we are on domain:  19286"
[1] "we are on domain:  18822"
[1] "we are on domain:  18810"
[1] "we are on domain:  15496"
[1] "we are on domain:  12647"
[1] "we are on domain:  18820"
[1] "we are on domain:  12648"
[1] "we are on domain:  12057"
[1] "we are on domain:  12221"
[1] "we are on domain:  18847"
[1] "we are on domain:  11822"
[1] "we are on domain:  12037"
[1] "we are on domain:  18846"
[1] "we are on domain:  19693"
[1] "we are on domain:  20050"
[1] "we are on domain:  18823"
[1] "we are on domain:  18827"
[1] "we are on domain:  18843"
[1] "we are on domain:  18805"
[1] "we are on domain:  18809"
[1] "we are on domain:  18806"
[1] "we are on domain:  12615"
[1] "we are on domain:  12610"
[1] "we are on domain:  12609"
[1] "we are on domain:  19694"
[1] "we are on domain:  15497"
[1] "we are on domain:  12608"
[1] "we are on domain:  18808"
[1] "we are on domain:  18807"
[1] "we are on domain:  18804"
[1] "we are on domain:  19168"
[1] "we are on domain:  15712"
[1] "we are on domain:  11224"
[1] "we are on domain:  11884"
[1] "we are on domain:  11564"
[1] "we are on domain:  20811"
[1] "we are on domain:  18942"
[1] "we are on domain:  18944"
[1] "we are on domain:  19415"
[1] "we are on domain:  11139"
[1] "we are on domain:  20822"
[1] "we are on domain:  11398"
[1] "we are on domain:  20824"
[1] "we are on domain:  20818"
[1] "we are on domain:  11695"
[1] "we are on domain:  20810"
[1] "we are on domain:  11626"
[1] "we are on domain:  18941"
[1] "we are on domain:  20813"
[1] "we are on domain:  11786"
[1] "we are on domain:  11524"
[1] "we are on domain:  20816"
[1] "we are on domain:  20815"
[1] "we are on domain:  20979"
[1] "we are on domain:  20975"
[1] "we are on domain:  19164"
[1] "we are on domain:  19165"
[1] "we are on domain:  19204"
[1] "we are on domain:  19202"
[1] "we are on domain:  20814"
[1] "we are on domain:  20812"
[1] "we are on domain:  20825"
[1] "we are on domain:  20978"
[1] "we are on domain:  20817"
[1] "we are on domain:  12117"
[1] "we are on domain:  18548"
[1] "we are on domain:  11673"
[1] "we are on domain:  14367"
[1] "we are on domain:  19195"
[1] "we are on domain:  12942"
[1] "we are on domain:  14360"
[1] "we are on domain:  12281"
[1] "we are on domain:  21044"
[1] "we are on domain:  15335"
[1] "we are on domain:  14261"
[1] "we are on domain:  14263"
[1] "we are on domain:  13018"
[1] "we are on domain:  14082"
[1] "we are on domain:  14083"
[1] "we are on domain:  18718"
[1] "we are on domain:  14290"
[1] "we are on domain:  19344"
[1] "we are on domain:  12678"
[1] "we are on domain:  20860"
[1] "we are on domain:  12225"
[1] "we are on domain:  15340"
[1] "we are on domain:  14288"
[1] "we are on domain:  14289"
[1] "we are on domain:  14287"
[1] "we are on domain:  19342"
[1] "we are on domain:  18144"
[1] "we are on domain:  15336"
[1] "we are on domain:  15333"
[1] "we are on domain:  15332"
[1] "we are on domain:  12289"
[1] "we are on domain:  12288"
[1] "we are on domain:  15473"
[1] "we are on domain:  12226"
[1] "we are on domain:  12223"
[1] "we are on domain:  15338"
[1] "we are on domain:  15334"
[1] "we are on domain:  12286"
[1] "we are on domain:  14357"
[1] "we are on domain:  19343"
[1] "we are on domain:  12285"
[1] "we are on domain:  11743"
[1] "we are on domain:  11129"
[1] "we are on domain:  12282"
[1] "we are on domain:  21018"
[1] "we are on domain:  14292"
[1] "we are on domain:  18719"
[1] "we are on domain:  14293"
[1] "we are on domain:  15180"
[1] "we are on domain:  14612"
[1] "we are on domain:  14251"
[1] "we are on domain:  11915"
[1] "we are on domain:  11899"
[1] "we are on domain:  13100"
[1] "we are on domain:  11919"
[1] "we are on domain:  11951"
[1] "we are on domain:  18768"
[1] "we are on domain:  15605"
[1] "we are on domain:  21006"
[1] "we are on domain:  15604"
[1] "we are on domain:  21007"
[1] "we are on domain:  11872"
[1] "we are on domain:  14615"
[1] "we are on domain:  20947"
[1] "we are on domain:  12136"
[1] "we are on domain:  12137"
[1] "we are on domain:  11704"
[1] "we are on domain:  19714"
[1] "we are on domain:  19316"
[1] "we are on domain:  19976"
[1] "we are on domain:  13061"
[1] "we are on domain:  19718"
[1] "we are on domain:  12571"
[1] "we are on domain:  14436"
[1] "we are on domain:  18912"
[1] "we are on domain:  12566"
[1] "we are on domain:  19720"
[1] "we are on domain:  19318"
[1] "we are on domain:  12569"
[1] "we are on domain:  20952"
[1] "we are on domain:  12573"
[1] "we are on domain:  12568"
[1] "we are on domain:  19317"
[1] "we are on domain:  18527"
[1] "we are on domain:  18528"
[1] "we are on domain:  19715"
[1] "we are on domain:  18702"
[1] "we are on domain:  18535"
[1] "we are on domain:  15343"
[1] "we are on domain:  15345"
[1] "we are on domain:  11249"
[1] "we are on domain:  18526"
[1] "we are on domain:  19706"
[1] "we are on domain:  19698"
[1] "we are on domain:  13041"
[1] "we are on domain:  11868"
[1] "we are on domain:  19703"
[1] "we are on domain:  20945"
[1] "we are on domain:  11247"
[1] "we are on domain:  12585"
[1] "we are on domain:  11890"
[1] "we are on domain:  14210"
[1] "we are on domain:  19713"
[1] "we are on domain:  19321"
[1] "we are on domain:  20790"
[1] "we are on domain:  18438"
[1] "we are on domain:  14208"
[1] "we are on domain:  15631"
[1] "we are on domain:  15635"
[1] "we are on domain:  13109"
[1] "we are on domain:  20743"
[1] "we are on domain:  20638"
[1] "we are on domain:  20753"
[1] "we are on domain:  11911"
[1] "we are on domain:  11901"
[1] "we are on domain:  13117"
[1] "we are on domain:  15627"
[1] "we are on domain:  19783"
[1] "we are on domain:  11918"
[1] "we are on domain:  20574"
[1] "we are on domain:  19319"
[1] "we are on domain:  19280"
[1] "we are on domain:  20948"
[1] "we are on domain:  15629"
[1] "we are on domain:  11934"
[1] "we are on domain:  13037"
[1] "we are on domain:  15630"
[1] "we are on domain:  19717"
[1] "we are on domain:  12581"
[1] "we are on domain:  18902"
[1] "we are on domain:  15638"
[1] "we are on domain:  13110"
[1] "we are on domain:  19705"
[1] "we are on domain:  19702"
[1] "we are on domain:  12720"
[1] "we are on domain:  13921"
[1] "we are on domain:  19704"
[1] "we are on domain:  19701"
[1] "we are on domain:  12575"
[1] "we are on domain:  19700"
[1] "we are on domain:  12731"
[1] "we are on domain:  15529"
[1] "we are on domain:  13932"
[1] "we are on domain:  14142"
[1] "we are on domain:  13111"
[1] "we are on domain:  12730"
[1] "we are on domain:  19711"
[1] "we are on domain:  12727"
[1] "we are on domain:  15530"
[1] "we are on domain:  13927"
[1] "we are on domain:  14145"
[1] "we are on domain:  19699"
[1] "we are on domain:  11237"
[1] "we are on domain:  13929"
[1] "we are on domain:  12728"
[1] "we are on domain:  11929"
[1] "we are on domain:  11870"
[1] "we are on domain:  14154"
[1] "we are on domain:  13080"
[1] "we are on domain:  11863"
[1] "we are on domain:  19708"
[1] "we are on domain:  19709"
[1] "we are on domain:  20946"
[1] "we are on domain:  14173"
[1] "we are on domain:  19707"
[1] "we are on domain:  14440"
[1] "we are on domain:  14438"
[1] "we are on domain:  11909"
[1] "we are on domain:  14167"
[1] "we are on domain:  15625"
[1] "we are on domain:  15626"
[1] "we are on domain:  12386"
[1] "we are on domain:  18773"
[1] "we are on domain:  18776"
[1] "we are on domain:  11255"
[1] "we are on domain:  18800"
[1] "we are on domain:  11468"
[1] "we are on domain:  18882"
[1] "we are on domain:  11611"
[1] "we are on domain:  11755"
[1] "we are on domain:  18881"
[1] "we are on domain:  18878"
[1] "we are on domain:  11610"
[1] "we are on domain:  12595"
[1] "we are on domain:  21064"
[1] "we are on domain:  18793"
[1] "we are on domain:  20578"
[1] "we are on domain:  12596"
[1] "we are on domain:  18828"
[1] "we are on domain:  18840"
[1] "we are on domain:  18791"
[1] "we are on domain:  18787"
[1] "we are on domain:  12599"
[1] "we are on domain:  18788"
[1] "we are on domain:  18784"
[1] "we are on domain:  18785"
[1] "we are on domain:  18786"
[1] "we are on domain:  18783"
[1] "we are on domain:  12598"
[1] "we are on domain:  21063"
[1] "we are on domain:  18832"
[1] "we are on domain:  18837"
[1] "we are on domain:  18835"
[1] "we are on domain:  18801"
[1] "we are on domain:  18802"
[1] "we are on domain:  18794"
[1] "we are on domain:  18792"
[1] "we are on domain:  12013"
[1] "we are on domain:  11530"
[1] "we are on domain:  13106"
[1] "we are on domain:  11978"
[1] "we are on domain:  12061"
[1] "we are on domain:  11369"
[1] "we are on domain:  19355"
[1] "we are on domain:  15583"
[1] "we are on domain:  19373"
[1] "we are on domain:  14867"
[1] "we are on domain:  14856"
[1] "we are on domain:  14492"
[1] "we are on domain:  15470"
[1] "we are on domain:  14846"
[1] "we are on domain:  20832"
[1] "we are on domain:  12964"
[1] "we are on domain:  19491"
[1] "we are on domain:  18667"
[1] "we are on domain:  17835"
[1] "we are on domain:  17816"
[1] "we are on domain:  17820"
[1] "we are on domain:  17871"
[1] "we are on domain:  17873"
[1] "we are on domain:  17875"
[1] "we are on domain:  14956"
[1] "we are on domain:  14953"
[1] "we are on domain:  14948"
[1] "we are on domain:  17880"
[1] "we are on domain:  17957"
[1] "we are on domain:  14933"
[1] "we are on domain:  14932"
[1] "we are on domain:  17959"
[1] "we are on domain:  19490"
[1] "we are on domain:  14936"
[1] "we are on domain:  14938"
[1] "we are on domain:  19493"
[1] "we are on domain:  17944"
[1] "we are on domain:  17931"
[1] "we are on domain:  17886"
[1] "we are on domain:  17911"
[1] "we are on domain:  17935"
[1] "we are on domain:  17943"
[1] "we are on domain:  17917"
[1] "we are on domain:  17969"
[1] "we are on domain:  14935"
[1] "we are on domain:  17956"
[1] "we are on domain:  17881"
[1] "we are on domain:  17829"
[1] "we are on domain:  15698"
[1] "we are on domain:  18454"
[1] "we are on domain:  18450"
[1] "we are on domain:  11101"
[1] "we are on domain:  11488"
[1] "we are on domain:  19506"
[1] "we are on domain:  15709"
[1] "we are on domain:  18459"
[1] "we are on domain:  18444"
[1] "we are on domain:  19505"
[1] "we are on domain:  19508"
[1] "we are on domain:  11493"
[1] "we are on domain:  12035"
[1] "we are on domain:  11518"
[1] "we are on domain:  11153"
[1] "we are on domain:  15697"
[1] "we are on domain:  13907"
[1] "we are on domain:  18062"
[1] "we are on domain:  11956"
[1] "we are on domain:  15597"
[1] "we are on domain:  19437"
[1] "we are on domain:  19436"
[1] "we are on domain:  18064"
[1] "we are on domain:  18017"
[1] "we are on domain:  11730"
[1] "we are on domain:  11489"
[1] "we are on domain:  19200"
[1] "we are on domain:  18033"
[1] "we are on domain:  18065"
[1] "we are on domain:  13958"
[1] "we are on domain:  18025"
[1] "we are on domain:  18024"
[1] "we are on domain:  18056"
[1] "we are on domain:  11317"
[1] "we are on domain:  19428"
[1] "we are on domain:  19429"
[1] "we are on domain:  13994"
[1] "we are on domain:  15681"
[1] "we are on domain:  18059"
[1] "we are on domain:  19430"
[1] "we are on domain:  18704"
[1] "we are on domain:  11484"
[1] "we are on domain:  19510"
[1] "we are on domain:  18406"
[1] "we are on domain:  11500"
[1] "we are on domain:  20725"
[1] "we are on domain:  11478"
[1] "we are on domain:  18053"
[1] "we are on domain:  19098"
[1] "we are on domain:  20724"
[1] "we are on domain:  19435"
[1] "we are on domain:  18445"
[1] "we are on domain:  13954"
[1] "we are on domain:  12043"
[1] "we are on domain:  12096"
[1] "we are on domain:  19507"
[1] "we are on domain:  11422"
[1] "we are on domain:  20733"
[1] "we are on domain:  19511"
[1] "we are on domain:  20726"
[1] "we are on domain:  18314"
[1] "we are on domain:  12074"
[1] "we are on domain:  15715"
[1] "we are on domain:  12239"
[1] "we are on domain:  18313"
[1] "we are on domain:  19417"
[1] "we are on domain:  18312"
[1] "we are on domain:  11584"
[1] "we are on domain:  19405"
[1] "we are on domain:  15716"
[1] "we are on domain:  19416"
[1] "we are on domain:  19156"
[1] "we are on domain:  20874"
[1] "we are on domain:  19414"
[1] "we are on domain:  20325"
[1] "we are on domain:  11761"
[1] "we are on domain:  19873"
[1] "we are on domain:  11392"
[1] "we are on domain:  19928"
[1] "we are on domain:  14678"
[1] "we are on domain:  11561"
[1] "we are on domain:  18379"
[1] "we are on domain:  19868"
[1] "we are on domain:  15685"
[1] "we are on domain:  18505"
[1] "we are on domain:  19391"
[1] "we are on domain:  19393"
[1] "we are on domain:  20870"
[1] "we are on domain:  11670"
[1] "we are on domain:  19402"
[1] "we are on domain:  19404"
[1] "we are on domain:  19182"
[1] "we are on domain:  21022"
[1] "we are on domain:  20958"
[1] "we are on domain:  11581"
[1] "we are on domain:  19872"
[1] "we are on domain:  11575"
[1] "we are on domain:  19406"
[1] "we are on domain:  19375"
[1] "we are on domain:  11624"
[1] "we are on domain:  19407"
[1] "we are on domain:  13070"
[1] "we are on domain:  11414"
[1] "we are on domain:  19426"
[1] "we are on domain:  11286"
[1] "we are on domain:  11106"
[1] "we are on domain:  13133"
[1] "we are on domain:  13132"
[1] "we are on domain:  12068"
[1] "we are on domain:  20717"
[1] "we are on domain:  15742"
[1] "we are on domain:  11393"
[1] "we are on domain:  11283"
[1] "we are on domain:  19413"
[1] "we are on domain:  19412"
[1] "we are on domain:  19410"
[1] "we are on domain:  18742"
[1] "we are on domain:  12670"
[1] "we are on domain:  12070"
[1] "we are on domain:  19411"
[1] "we are on domain:  12101"
[1] "we are on domain:  11338"
[1] "we are on domain:  12006"
[1] "we are on domain:  19408"
[1] "we are on domain:  20876"
[1] "we are on domain:  19811"
[1] "we are on domain:  19423"
[1] "we are on domain:  11443"
[1] "we are on domain:  12073"
[1] "we are on domain:  12244"
[1] "we are on domain:  11442"
[1] "we are on domain:  12064"
[1] "we are on domain:  12245"
[1] "we are on domain:  11653"
[1] "we are on domain:  12079"
[1] "we are on domain:  20720"
[1] "we are on domain:  20875"
[1] "we are on domain:  15727"
[1] "we are on domain:  11309"
[1] "we are on domain:  15730"
[1] "we are on domain:  19419"
[1] "we are on domain:  18431"
[1] "we are on domain:  18311"
[1] "we are on domain:  18320"
[1] "we are on domain:  18310"
[1] "we are on domain:  12538"
[1] "we are on domain:  20982"
[1] "we are on domain:  19420"
[1] "we are on domain:  15741"
[1] "we are on domain:  15729"
[1] "we are on domain:  20714"
[1] "we are on domain:  20721"
[1] "we are on domain:  19424"
[1] "we are on domain:  11290"
[1] "we are on domain:  20715"
[1] "we are on domain:  20719"
[1] "we are on domain:  14496"
[1] "we are on domain:  12067"
[1] "we are on domain:  18713"
[1] "we are on domain:  12069"
[1] "we are on domain:  11578"
[1] "we are on domain:  19812"
[1] "we are on domain:  15691"
[1] "we are on domain:  11325"
[1] "we are on domain:  11375"
[1] "we are on domain:  11291"
[1] "we are on domain:  20966"
[1] "we are on domain:  12248"
[1] "we are on domain:  15739"
[1] "we are on domain:  19224"
[1] "we are on domain:  18539"
[1] "we are on domain:  13618"
[1] "we are on domain:  13600"
[1] "we are on domain:  13027"
[1] "we are on domain:  11592"
[1] "we are on domain:  15061"
[1] "we are on domain:  17839"
[1] "we are on domain:  17841"
[1] "we are on domain:  17844"
[1] "we are on domain:  20033"
[1] "we are on domain:  17851"
[1] "we are on domain:  19496"
[1] "we are on domain:  17848"
[1] "we are on domain:  17849"
[1] "we are on domain:  15090"
[1] "we are on domain:  17846"
[1] "we are on domain:  17858"
[1] "we are on domain:  14616"
[1] "we are on domain:  19893"
[1] "we are on domain:  19892"
[1] "we are on domain:  11160"
[1] "we are on domain:  11707"
[1] "we are on domain:  15149"
[1] "we are on domain:  14815"
[1] "we are on domain:  19887"
[1] "we are on domain:  14807"
[1] "we are on domain:  14810"
[1] "we are on domain:  14811"
[1] "we are on domain:  20781"
[1] "we are on domain:  14792"
[1] "we are on domain:  14812"
[1] "we are on domain:  14793"
[1] "we are on domain:  14794"
[1] "we are on domain:  11685"
[1] "we are on domain:  19485"
[1] "we are on domain:  18413"
[1] "we are on domain:  14789"
[1] "we are on domain:  19883"
[1] "we are on domain:  18098"
[1] "we are on domain:  19888"
[1] "we are on domain:  19890"
[1] "we are on domain:  20355"
[1] "we are on domain:  20891"
[1] "we are on domain:  18416"
[1] "we are on domain:  14787"
[1] "we are on domain:  19899"
[1] "we are on domain:  19886"
[1] "we are on domain:  19894"
[1] "we are on domain:  19895"
[1] "we are on domain:  19896"
[1] "we are on domain:  11693"
[1] "we are on domain:  19891"
[1] "we are on domain:  14796"
[1] "we are on domain:  20895"
[1] "we are on domain:  19963"
[1] "we are on domain:  19964"
[1] "we are on domain:  11973"
[1] "we are on domain:  11535"
[1] "we are on domain:  11710"
[1] "we are on domain:  19905"
[1] "we are on domain:  12705"
[1] "we are on domain:  19456"
[1] "we are on domain:  14790"
[1] "we are on domain:  18946"
[1] "we are on domain:  19455"
[1] "we are on domain:  19454"
[1] "we are on domain:  18684"
[1] "we are on domain:  18689"
[1] "we are on domain:  18691"
[1] "we are on domain:  18680"
[1] "we are on domain:  18681"
[1] "we are on domain:  14803"
[1] "we are on domain:  18682"
[1] "we are on domain:  18687"
[1] "we are on domain:  14800"
[1] "we are on domain:  20880"
[1] "we are on domain:  19889"
[1] "we are on domain:  19289"
[1] "we are on domain:  19908"
[1] "we are on domain:  20779"
[1] "we are on domain:  19967"
[1] "we are on domain:  19965"
[1] "we are on domain:  19962"
[1] "we are on domain:  12960"
[1] "we are on domain:  18686"
[1] "we are on domain:  14716"
[1] "we are on domain:  14767"
[1] "we are on domain:  19458"
[1] "we are on domain:  18683"
[1] "we are on domain:  19452"
[1] "we are on domain:  19476"
[1] "we are on domain:  19451"
[1] "we are on domain:  12314"
[1] "we are on domain:  18169"
[1] "we are on domain:  19207"
[1] "we are on domain:  19472"
[1] "we are on domain:  18591"
[1] "we are on domain:  18590"
[1] "we are on domain:  18597"
[1] "we are on domain:  18166"
[1] "we are on domain:  17712"
[1] "we are on domain:  18584"
[1] "we are on domain:  18586"
[1] "we are on domain:  20887"
[1] "we are on domain:  18581"
[1] "we are on domain:  15780"
[1] "we are on domain:  18168"
[1] "we are on domain:  15779"
[1] "we are on domain:  19471"
[1] "we are on domain:  18579"
[1] "we are on domain:  15777"
[1] "we are on domain:  15774"
[1] "we are on domain:  14781"
[1] "we are on domain:  14785"
[1] "we are on domain:  14783"
[1] "we are on domain:  14782"
[1] "we are on domain:  19461"
[1] "we are on domain:  12430"
[1] "we are on domain:  12434"
[1] "we are on domain:  18594"
[1] "we are on domain:  17710"
[1] "we are on domain:  18598"
[1] "we are on domain:  18576"
[1] "we are on domain:  18580"
[1] "we are on domain:  15392"
[1] "we are on domain:  18588"
[1] "we are on domain:  17842"
[1] "we are on domain:  17845"
[1] "we are on domain:  11848"
[1] "we are on domain:  19077"
[1] "we are on domain:  19078"
[1] "we are on domain:  19074"
[1] "we are on domain:  19076"
[1] "we are on domain:  19073"
[1] "we are on domain:  19075"
[1] "we are on domain:  19071"
[1] "we are on domain:  19072"
[1] "we are on domain:  19070"
[1] "we are on domain:  19474"
[1] "we are on domain:  19478"
[1] "we are on domain:  18690"
[1] "we are on domain:  11651"
[1] "we are on domain:  18709"
[1] "we are on domain:  19457"
[1] "we are on domain:  12466"
[1] "we are on domain:  12463"
[1] "we are on domain:  12464"
[1] "we are on domain:  12469"
[1] "we are on domain:  12467"
[1] "we are on domain:  12465"
[1] "we are on domain:  17918"
[1] "we are on domain:  18678"
[1] "we are on domain:  15484"
[1] "we are on domain:  15058"
[1] "we are on domain:  17920"
[1] "we are on domain:  17988"
[1] "we are on domain:  15120"
[1] "we are on domain:  15503"
[1] "we are on domain:  15376"
[1] "we are on domain:  15374"
[1] "we are on domain:  15383"
[1] "we are on domain:  10018"
[1] "we are on domain:  15368"
[1] "we are on domain:  15375"
[1] "we are on domain:  10075"
[1] "we are on domain:  10016"
[1] "we are on domain:  15132"
[1] "we are on domain:  10014"
[1] "we are on domain:  15131"
[1] "we are on domain:  19481"
[1] "we are on domain:  14828"
[1] "we are on domain:  19060"
[1] "we are on domain:  19206"
[1] "we are on domain:  18167"
[1] "we are on domain:  19460"
[1] "we are on domain:  12429"
[1] "we are on domain:  19459"
[1] "we are on domain:  12432"
[1] "we are on domain:  14786"
[1] "we are on domain:  14784"
[1] "we are on domain:  14778"
[1] "we are on domain:  12462"
[1] "we are on domain:  12461"
[1] "we are on domain:  19205"
[1] "we are on domain:  14776"
[1] "we are on domain:  17711"
[1] "we are on domain:  14829"
[1] "we are on domain:  12965"
[1] "we are on domain:  14834"
[1] "we are on domain:  14833"
[1] "we are on domain:  14894"
[1] "we are on domain:  14895"
[1] "we are on domain:  19480"
[1] "we are on domain:  14839"
[1] "we are on domain:  12972"
[1] "we are on domain:  14849"
[1] "we are on domain:  14844"
[1] "we are on domain:  17831"
[1] "we are on domain:  17821"
[1] "we are on domain:  17833"
[1] "we are on domain:  17822"
[1] "we are on domain:  17837"
[1] "we are on domain:  20036"
[1] "we are on domain:  14951"
[1] "we are on domain:  17879"
[1] "we are on domain:  20054"
[1] "we are on domain:  17960"
[1] "we are on domain:  17832"
[1] "we are on domain:  12796"
[1] "we are on domain:  14980"
[1] "we are on domain:  14984"
[1] "we are on domain:  14986"
[1] "we are on domain:  14989"
[1] "we are on domain:  14981"
[1] "we are on domain:  14982"
[1] "we are on domain:  20032"
[1] "we are on domain:  15025"
[1] "we are on domain:  15017"
[1] "we are on domain:  12726"
[1] "we are on domain:  15023"
[1] "we are on domain:  12799"
[1] "we are on domain:  15028"
[1] "we are on domain:  20997"
[1] "we are on domain:  19925"
[1] "we are on domain:  17973"
[1] "we are on domain:  17939"
[1] "we are on domain:  17949"
[1] "we are on domain:  14974"
[1] "we are on domain:  14973"
[1] "we are on domain:  14972"
[1] "we are on domain:  15002"
[1] "we are on domain:  15035"
[1] "we are on domain:  15033"
[1] "we are on domain:  14991"
[1] "we are on domain:  15041"
[1] "we are on domain:  15005"
[1] "we are on domain:  15006"
[1] "we are on domain:  15010"
[1] "we are on domain:  15009"
[1] "we are on domain:  14970"
[1] "we are on domain:  14945"
[1] "we are on domain:  14942"
[1] "we are on domain:  14966"
[1] "we are on domain:  17972"
[1] "we are on domain:  14971"
[1] "we are on domain:  17934"
[1] "we are on domain:  17915"
[1] "we are on domain:  14960"
[1] "we are on domain:  15059"
[1] "we are on domain:  15049"
[1] "we are on domain:  15048"
[1] "we are on domain:  15047"
[1] "we are on domain:  19924"
[1] "we are on domain:  14959"
[1] "we are on domain:  15046"
[1] "we are on domain:  15043"
[1] "we are on domain:  15011"
[1] "we are on domain:  15001"
[1] "we are on domain:  20996"
[1] "we are on domain:  14994"
[1] "we are on domain:  18708"
[1] "we are on domain:  14996"
[1] "we are on domain:  19922"
[1] "we are on domain:  15186"
[1] "we are on domain:  17989"
[1] "we are on domain:  17991"
[1] "we are on domain:  17990"
[1] "we are on domain:  17993"
[1] "we are on domain:  17852"
[1] "we are on domain:  17854"
[1] "we are on domain:  17853"
[1] "we are on domain:  15083"
[1] "we are on domain:  12819"
[1] "we are on domain:  15109"
[1] "we are on domain:  15110"
[1] "we are on domain:  15111"
[1] "we are on domain:  15108"
[1] "we are on domain:  19488"
[1] "we are on domain:  15106"
[1] "we are on domain:  19495"
[1] "we are on domain:  15034"
[1] "we are on domain:  20998"
[1] "we are on domain:  15030"
[1] "we are on domain:  18657"
[1] "we are on domain:  18656"
[1] "we are on domain:  15095"
[1] "we are on domain:  15097"
[1] "we are on domain:  12812"
[1] "we are on domain:  15101"
[1] "we are on domain:  12809"
[1] "we are on domain:  15082"
[1] "we are on domain:  19921"
[1] "we are on domain:  17856"
[1] "we are on domain:  17855"
[1] "we are on domain:  12816"
[1] "we are on domain:  12817"
[1] "we are on domain:  11775"
[1] "we are on domain:  12229"
[1] "we are on domain:  15070"
[1] "we are on domain:  18698"
[1] "we are on domain:  15069"
[1] "we are on domain:  15076"
[1] "we are on domain:  15080"
[1] "we are on domain:  15079"
[1] "we are on domain:  19926"
[1] "we are on domain:  15088"
[1] "we are on domain:  19494"
[1] "we are on domain:  15068"
[1] "we are on domain:  15067"
[1] "we are on domain:  19916"
[1] "we are on domain:  12813"
[1] "we are on domain:  15062"
[1] "we are on domain:  15060"
[1] "we are on domain:  18697"
[1] "we are on domain:  15063"
[1] "we are on domain:  15091"
[1] "we are on domain:  15089"
[1] "we are on domain:  20037"
[1] "we are on domain:  18660"
[1] "we are on domain:  18662"
[1] "we are on domain:  12803"
[1] "we are on domain:  15161"
[1] "we are on domain:  12801"
[1] "we are on domain:  19040"
[1] "we are on domain:  15136"
[1] "we are on domain:  15137"
[1] "we are on domain:  15138"
[1] "we are on domain:  15141"
[1] "we are on domain:  15066"
[1] "we are on domain:  18707"
[1] "we are on domain:  17872"
[1] "we are on domain:  20051"
[1] "we are on domain:  20047"
[1] "we are on domain:  15037"
[1] "we are on domain:  15000"
[1] "we are on domain:  15039"
[1] "we are on domain:  14997"
[1] "we are on domain:  14990"
[1] "we are on domain:  14983"
[1] "we are on domain:  14987"
[1] "we are on domain:  12815"
[1] "we are on domain:  15077"
[1] "we are on domain:  17994"
[1] "we are on domain:  19067"
[1] "we are on domain:  19066"
[1] "we are on domain:  11361"
[1] "we are on domain:  12528"
[1] "we are on domain:  12527"
[1] "we are on domain:  12529"
[1] "we are on domain:  19068"
[1] "we are on domain:  11566"
[1] "we are on domain:  19069"
[1] "we are on domain:  14763"
[1] "we are on domain:  11164"
[1] "we are on domain:  14686"
[1] "we are on domain:  14651"
[1] "we are on domain:  14672"
[1] "we are on domain:  14671"
[1] "we are on domain:  12028"
[1] "we are on domain:  12778"
[1] "we are on domain:  14711"
[1] "we are on domain:  11108"
[1] "we are on domain:  14714"
[1] "we are on domain:  14658"
[1] "we are on domain:  10089"
[1] "we are on domain:  20614"
[1] "we are on domain:  15765"
[1] "we are on domain:  19347"
[1] "we are on domain:  15751"
[1] "we are on domain:  15752"
[1] "we are on domain:  11437"
[1] "we are on domain:  14633"
[1] "we are on domain:  11430"
[1] "we are on domain:  14728"
[1] "we are on domain:  11594"
[1] "we are on domain:  18710"
[1] "we are on domain:  11348"
[1] "we are on domain:  14893"
[1] "we are on domain:  14719"
[1] "we are on domain:  11112"
[1] "we are on domain:  11292"
[1] "we are on domain:  11165"
[1] "we are on domain:  11128"
[1] "we are on domain:  14688"
[1] "we are on domain:  14715"
[1] "we are on domain:  14654"
[1] "we are on domain:  14656"
[1] "we are on domain:  14657"
[1] "we are on domain:  11354"
[1] "we are on domain:  20916"
[1] "we are on domain:  14717"
[1] "we are on domain:  14634"
[1] "we are on domain:  14769"
[1] "we are on domain:  19535"
[1] "we are on domain:  14687"
[1] "we are on domain:  14772"
[1] "we are on domain:  12993"
[1] "we are on domain:  14652"
[1] "we are on domain:  11606"
[1] "we are on domain:  14617"
[1] "we are on domain:  11654"
[1] "we are on domain:  12081"
[1] "we are on domain:  14732"
[1] "we are on domain:  14632"
[1] "we are on domain:  14761"
[1] "we are on domain:  19345"
[1] "we are on domain:  14733"
[1] "we are on domain:  12996"
[1] "we are on domain:  10095"
[1] "we are on domain:  12995"
[1] "we are on domain:  11625"
[1] "we are on domain:  15767"
[1] "we are on domain:  14718"
[1] "we are on domain:  11171"
[1] "we are on domain:  14681"
[1] "we are on domain:  10084"
[1] "we are on domain:  14874"
[1] "we are on domain:  12999"
[1] "we are on domain:  14306"
[1] "we are on domain:  10092"
[1] "we are on domain:  15750"
[1] "we are on domain:  15766"
[1] "we are on domain:  11438"
[1] "we are on domain:  14649"
[1] "we are on domain:  11155"
[1] "we are on domain:  11163"
[1] "we are on domain:  11970"
[1] "we are on domain:  12083"
[1] "we are on domain:  10091"
[1] "we are on domain:  12997"
[1] "we are on domain:  14968"
[1] "we are on domain:  14683"
[1] "we are on domain:  14892"
[1] "we are on domain:  14865"
[1] "we are on domain:  11432"
[1] "we are on domain:  14816"
[1] "we are on domain:  14818"
[1] "we are on domain:  14817"
[1] "we are on domain:  11537"
[1] "we are on domain:  15770"
[1] "we are on domain:  10093"
[1] "we are on domain:  15756"
[1] "we are on domain:  10088"
[1] "we are on domain:  10087"
[1] "we are on domain:  19768"
[1] "we are on domain:  10086"
[1] "we are on domain:  14866"
[1] "we are on domain:  14855"
[1] "we are on domain:  19483"
[1] "we are on domain:  13015"
[1] "we are on domain:  10094"
[1] "we are on domain:  19346"
[1] "we are on domain:  19368"
[1] "we are on domain:  18554"
[1] "we are on domain:  12959"
[1] "we are on domain:  11667"
[1] "we are on domain:  15158"
[1] "we are on domain:  15157"
[1] "we are on domain:  15154"
[1] "we are on domain:  15155"
[1] "we are on domain:  11368"
[1] "we are on domain:  14857"
[1] "we are on domain:  14463"
[1] "we are on domain:  19379"
[1] "we are on domain:  19376"
[1] "we are on domain:  19425"
[1] "we are on domain:  19377"
[1] "we are on domain:  19374"
[1] "we are on domain:  11623"
[1] "we are on domain:  19226"
[1] "we are on domain:  15693"
[1] "we are on domain:  19390"
[1] "we are on domain:  13069"
[1] "we are on domain:  13067"
[1] "we are on domain:  12078"
[1] "we are on domain:  19381"
[1] "we are on domain:  19378"
[1] "we are on domain:  11152"
[1] "we are on domain:  11674"
[1] "we are on domain:  18712"
[1] "we are on domain:  18714"
[1] "we are on domain:  12255"
[1] "we are on domain:  11222"
[1] "we are on domain:  18259"
[1] "we are on domain:  15668"
[1] "we are on domain:  12963"
[1] "we are on domain:  15669"
[1] "we are on domain:  17767"
[1] "we are on domain:  19541"
[1] "we are on domain:  20913"
[1] "we are on domain:  12691"
[1] "we are on domain:  20687"
[1] "we are on domain:  12080"
[1] "we are on domain:  19540"
[1] "we are on domain:  18374"
[1] "we are on domain:  19542"
[1] "we are on domain:  19543"
[1] "we are on domain:  17765"
[1] "we are on domain:  14625"
[1] "we are on domain:  20914"
[1] "we are on domain:  11544"
[1] "we are on domain:  11426"
[1] "we are on domain:  11758"
[1] "we are on domain:  15662"
[1] "we are on domain:  18376"
[1] "we are on domain:  15670"
[1] "we are on domain:  15666"
[1] "we are on domain:  15657"
[1] "we are on domain:  12687"
[1] "we are on domain:  15660"
[1] "we are on domain:  14626"
[1] "we are on domain:  15659"
[1] "we are on domain:  15661"
[1] "we are on domain:  12695"
[1] "we are on domain:  19544"
[1] "we are on domain:  12694"
[1] "we are on domain:  15677"
[1] "we are on domain:  12683"
[1] "we are on domain:  15658"
[1] "we are on domain:  12491"
[1] "we are on domain:  12961"
[1] "we are on domain:  12693"
[1] "we are on domain:  18375"
[1] "we are on domain:  17764"
[1] "we are on domain:  15673"
[1] "we are on domain:  20611"
[1] "we are on domain:  11216"
[1] "we are on domain:  11522"
[1] "we are on domain:  11502"
[1] "we are on domain:  11543"
[1] "we are on domain:  19399"
[1] "we are on domain:  15614"
[1] "we are on domain:  15721"
[1] "we are on domain:  18349"
[1] "we are on domain:  11559"
[1] "we are on domain:  18347"
[1] "we are on domain:  18329"
[1] "we are on domain:  14709"
[1] "we are on domain:  11513"
[1] "we are on domain:  15722"
[1] "we are on domain:  11492"
[1] "we are on domain:  12828"
[1] "we are on domain:  18382"
[1] "we are on domain:  14706"
[1] "we are on domain:  11487"
[1] "we are on domain:  12183"
[1] "we are on domain:  12019"
[1] "we are on domain:  19395"
[1] "we are on domain:  11665"
[1] "we are on domain:  11998"
[1] "we are on domain:  11179"
[1] "we are on domain:  11495"
[1] "we are on domain:  14533"
[1] "we are on domain:  18343"
[1] "we are on domain:  11498"
[1] "we are on domain:  12099"
[1] "we are on domain:  18348"
[1] "we are on domain:  15328"
[1] "we are on domain:  12175"
[1] "we are on domain:  19398"
[1] "we are on domain:  14526"
[1] "we are on domain:  15613"
[1] "we are on domain:  20819"
[1] "we are on domain:  14538"
[1] "we are on domain:  14535"
[1] "we are on domain:  20672"
[1] "we are on domain:  15171"
[1] "we are on domain:  18150"
[1] "we are on domain:  14342"
[1] "we are on domain:  12106"
[1] "we are on domain:  18212"
[1] "we are on domain:  12279"
[1] "we are on domain:  19222"
[1] "we are on domain:  14345"
[1] "we are on domain:  19248"
[1] "we are on domain:  14344"
[1] "we are on domain:  19255"
[1] "we are on domain:  13023"
[1] "we are on domain:  19264"
[1] "we are on domain:  12709"
[1] "we are on domain:  18152"
[1] "we are on domain:  18151"
[1] "we are on domain:  18153"
[1] "we are on domain:  13001"
[1] "we are on domain:  14355"
[1] "we are on domain:  18195"
[1] "we are on domain:  18210"
[1] "we are on domain:  12274"
[1] "we are on domain:  18213"
[1] "we are on domain:  19327"
[1] "we are on domain:  14509"
[1] "we are on domain:  19953"
[1] "we are on domain:  19249"
[1] "we are on domain:  12276"
[1] "we are on domain:  13939"
[1] "we are on domain:  14503"
[1] "we are on domain:  14511"
[1] "we are on domain:  20620"
[1] "we are on domain:  18208"
[1] "we are on domain:  20617"
[1] "we are on domain:  12277"
[1] "we are on domain:  18211"
[1] "we are on domain:  18184"
[1] "we are on domain:  15173"
[1] "we are on domain:  18196"
[1] "we are on domain:  18947"
[1] "we are on domain:  20782"
[1] "we are on domain:  20796"
[1] "we are on domain:  20608"
[1] "we are on domain:  18536"
[1] "we are on domain:  11648"
[1] "we are on domain:  20352"
[1] "we are on domain:  11238"
[1] "we are on domain:  12095"
[1] "we are on domain:  11921"
[1] "we are on domain:  19528"
[1] "we are on domain:  15241"
[1] "we are on domain:  18865"
[1] "we are on domain:  15237"
[1] "we are on domain:  18855"
[1] "we are on domain:  15258"
[1] "we are on domain:  15252"
[1] "we are on domain:  18860"
[1] "we are on domain:  18862"
[1] "we are on domain:  11267"
[1] "we are on domain:  15255"
[1] "we are on domain:  18861"
[1] "we are on domain:  15254"
[1] "we are on domain:  18857"
[1] "we are on domain:  15256"
[1] "we are on domain:  19527"
[1] "we are on domain:  15260"
[1] "we are on domain:  11301"
[1] "we are on domain:  12702"
[1] "we are on domain:  11628"
[1] "we are on domain:  12753"
[1] "we are on domain:  12750"
[1] "we are on domain:  19529"
[1] "we are on domain:  15238"
[1] "we are on domain:  15242"
[1] "we are on domain:  15243"
[1] "we are on domain:  12754"
[1] "we are on domain:  18724"
[1] "we are on domain:  12751"
[1] "we are on domain:  19530"
[1] "we are on domain:  15239"
[1] "we are on domain:  18863"
[1] "we are on domain:  15262"
[1] "we are on domain:  15259"
[1] "we are on domain:  15244"
[1] "we are on domain:  18866"
[1] "we are on domain:  18725"
[1] "we are on domain:  15565"
[1] "we are on domain:  15596"
[1] "we are on domain:  14273"
[1] "we are on domain:  15559"
[1] "we are on domain:  15050"
[1] "we are on domain:  20041"
[1] "we are on domain:  17728"
[1] "we are on domain:  20377"
[1] "we are on domain:  19687"
