[1] "/oak/stanford/groups/omramom/group_members/aminaly/mountain_biodiversity"
Reading layer `WDPA_poly_Nov2020_filtered' from data source `/oak/stanford/groups/omramom/group_members/aminaly/mountain_biodiversity/data/WDPA/WDPA_poly_Nov2020_filtered.gdb' using driver `OpenFileGDB'
Simple feature collection with 239004 features and 30 fields
geometry type:  MULTIPOLYGON
dimension:      XY
bbox:           xmin: -180 ymin: -85.41189 xmax: 180 ymax: 86.45372
CRS:            4326
Reading layer `clipped_Gmba_Inventory_GME_210420_Sel_292_attr' from data source `/oak/stanford/groups/omramom/group_members/aminaly/mountain_biodiversity/data/GMBA/Gmba_Inventory_GME_210420_Sel_292_attr/clipped_Gmba_Inventory_GME_210420_Sel_292_attr.shp' using driver `ESRI Shapefile'
Simple feature collection with 13 features and 18 fields
geometry type:  MULTIPOLYGON
dimension:      XY
bbox:           xmin: -6.197911 ymin: -53.23763 xmax: 130.9792 ymax: 52.38945
CRS:            EPSG:4326
Reading layer `clipped_full_kba_gmba_kba' from data source `/oak/stanford/groups/omramom/group_members/aminaly/mountain_biodiversity/data/combined/clipped_full_kba_gmba_kba.shp' using driver `ESRI Shapefile'
Simple feature collection with 464 features and 19 fields
geometry type:  MULTIPOLYGON
dimension:      XY
bbox:           xmin: -3.199789 ymin: -46.97893 xmax: 128.9939 ymax: 52.35793
CRS:            4326
Reading layer `world' from data source `/oak/stanford/groups/omramom/group_members/aminaly/mountain_biodiversity/data/World/world_shp/world.shp' using driver `ESRI Shapefile'
Simple feature collection with 251 features and 2 fields
geometry type:  MULTIPOLYGON
dimension:      XY
bbox:           xmin: -180 ymin: -90 xmax: 180 ymax: 83.6236
CRS:            4326
[1] "MULTIPOLYGON"
Classes ‘sf’ and 'data.frame':	239004 obs. of  32 variables:
 $ WDPAID      : num  5.56e+08 3.05e+05 3.07e+05 3.05e+05 5.56e+08 ...
 $ WDPA_PID    : Factor w/ 239004 levels "1","10","100",..: 152602 51066 52721 51067 152604 152605 152607 152626 51706 50650 ...
 $ PA_DEF      : Factor w/ 1 level "1": 1 1 1 1 1 1 1 1 1 1 ...
 $ NAME        : Factor w/ 220919 levels " Marais et tourbières des vallées de la Somme et de l’Avre",..: 79694 211437 211242 211453 193850 211523 118754 52205 182811 120699 ...
 $ ORIG_NAME   : Factor w/ 220974 levels " الرشيدية"," নিঝুম দ্বীপ",..: 76454 203386 203192 203402 185861 203471 113484 50911 175219 115354 ...
 $ DESIG       : Factor w/ 1779 levels "§3 Beskyttet Natur (Alle Søer, Moser, Vandløb, Heder, Enge Mv)",..: 1435 1325 1435 1325 1435 1435 1435 1435 1435 1325 ...
 $ DESIG_ENG   : Factor w/ 1447 levels "§3 Protected Habitats (All Lakes, Bogs, Streams, Heaths And Meadows Etc.)",..: 1262 1139 1262 1139 1262 1262 1262 1262 1262 1139 ...
 $ DESIG_TYPE  : Factor w/ 4 levels "International",..: 2 2 2 2 2 2 2 2 2 2 ...
 $ IUCN_CAT    : Factor w/ 10 levels "Ia","Ib","II",..: 4 4 4 4 4 4 4 4 4 4 ...
 $ INT_CRIT    : Factor w/ 222 levels "(i)","(i)(ii)",..: 221 221 221 221 221 221 221 221 221 221 ...
 $ MARINE      : Factor w/ 3 levels "0","1","2": 1 1 1 1 1 1 1 1 1 1 ...
 $ REP_M_AREA  : num  0 0 0 0 0 0 0 0 0 0 ...
 $ GIS_M_AREA  : num  0 0 0 0 0 0 0 0 0 0 ...
 $ REP_AREA    : num  0.0375 1.3146 0.2735 0.9079 0.0267 ...
 $ GIS_AREA    : num  0.0375 1.316 1.136 0.9088 0.0268 ...
 $ NO_TAKE     : Factor w/ 5 levels "All","None","Not Applicable",..: 3 3 3 3 3 3 3 3 3 3 ...
 $ NO_TK_AREA  : num  0 0 0 0 0 0 0 0 0 0 ...
 $ STATUS      : Factor w/ 4 levels "Adopted","Designated",..: 2 2 2 2 2 2 2 2 2 2 ...
 $ STATUS_YR   : int  1988 1936 1981 1908 1987 1987 1987 1987 1987 1971 ...
 $ GOV_TYPE    : Factor w/ 12 levels "Collaborative governance",..: 2 2 2 2 2 2 2 2 2 2 ...
 $ OWN_TYPE    : Factor w/ 9 levels "Communal","Contested",..: 8 8 8 8 8 8 8 8 8 8 ...
 $ MANG_AUTH   : Factor w/ 5294 levels "\nDirección General de Biodiversidad. Consejería de Sostenibilidad y Transición Ecológica. Gobierno de La Rioja.",..: 1485 1485 1485 1485 1485 1485 1485 1485 1485 1485 ...
 $ MANG_PLAN   : Factor w/ 4018 levels "\nhttp://www.caib.es/eboibfront/es/2015/10279?&p_numero=10279",..: 3927 3927 3927 3927 3927 3927 3927 3927 3927 3927 ...
 $ VERIF       : Factor w/ 3 levels "Expert Verified",..: 3 3 3 3 3 3 3 3 3 3 ...
 $ METADATAID  : int  1773 1773 1773 1773 1773 1773 1773 1773 1773 1773 ...
 $ SUB_LOC     : Factor w/ 2528 levels " US-AZ / US-NV",..: 1626 1626 1627 1626 1593 1593 1626 1593 1593 1593 ...
 $ PARENT_ISO3 : Factor w/ 209 levels "ABNJ","AFG","AGO",..: 148 148 148 148 148 148 148 148 148 148 ...
 $ ISO3        : chr  "NZL" "NZL" "NZL" "NZL" ...
 $ Shape_Length: num  0.00911 0.05396 0.10669 0.08185 0.01582 ...
 $ Shape_Area  : num  3.81e-06 1.34e-04 1.16e-04 9.27e-05 2.73e-06 ...
 $ Shape       :sfc_MULTIPOLYGON of length 239004; first list element: List of 1
  ..$ :List of 1
  .. ..$ : num [1:107, 1:2] 176 176 176 176 176 ...
  ..- attr(*, "class")= chr  "XY" "MULTIPOLYGON" "sfg"
 $ PARENT_ISO  : chr  "NZL" "NZL" "NZL" "NZL" ...
 - attr(*, "sf_column")= chr "Shape"
 - attr(*, "agr")= Factor w/ 3 levels "constant","aggregate",..: NA NA NA NA NA NA NA NA NA NA ...
  ..- attr(*, "names")= chr  "WDPAID" "WDPA_PID" "PA_DEF" "NAME" ...
[1] "DEU" "CHE" "ZAF" "GHA" "KOR"
character(0)
character(0)
character(0)
                                               ISO3 nchart
21                                  BLM;GLP;MAF;MTQ     15
23                                          BLR;POL      7
32                                          CAN;USA      7
34                                          CHE;ITA      7
36                                          CIV;GIN      7
40                                          CRI;PAN      7
56                                          FIN;SWE      7
61                                          FRA;ESP      7
62                                      FRA;ITA;MCO     11
106                                         MNG;RUS      7
117                                     NLD;DEU;DNK     11
139                                         SVK;HUN      7
154                                     UZB;KGZ;KAZ     11
163                                         ZMB;ZWE      7
175 DEU;SVK;ALB;AUT;BEL;BGR;ESP;HRV;ITA;ROU;SVN;UKR     47
205                                     COG;CMR;CAF     11
213                                         MKD;ALB      7
218                                     BFA;NER;BEN     11
236                                         LSO;ZAF      7
