[1] "/oak/stanford/groups/omramom/group_members/aminaly/mountain_biodiversity"
Reading layer `WDPA_poly_Nov2020_filtered' from data source `/oak/stanford/groups/omramom/group_members/aminaly/mountain_biodiversity/data/WDPA/WDPA_poly_Nov2020_filtered.gdb' using driver `OpenFileGDB'
Simple feature collection with 239004 features and 30 fields
geometry type:  MULTIPOLYGON
dimension:      XY
bbox:           xmin: -180 ymin: -85.41189 xmax: 180 ymax: 86.45372
CRS:            4326
Reading layer `clipped_KBAsGlobal_2020_September_02_POL' from data source `/oak/stanford/groups/omramom/group_members/aminaly/mountain_biodiversity/data/KBA/KBA2020/clipped_KBAsGlobal_2020_September_02_POL.shp' using driver `ESRI Shapefile'
Simple feature collection with 824 features and 16 fields
geometry type:  MULTIPOLYGON
dimension:      XY
bbox:           xmin: -3.199789 ymin: -46.97893 xmax: 128.9939 ymax: 55.27193
CRS:            EPSG:4326
Reading layer `clipped_GMBA_Inventory_V2_210420_GME' from data source `/oak/stanford/groups/omramom/group_members/aminaly/mountain_biodiversity/data/GMBA/GMBA_Inventory_V2_210420_GME/clipped_GMBA_Inventory_V2_210420_GME.shp' using driver `ESRI Shapefile'
Simple feature collection with 701 features and 20 fields
geometry type:  MULTIPOLYGON
dimension:      XY
bbox:           xmin: -87.68983 ymin: -4.447134 xmax: 129.5869 ymax: 52.38945
CRS:            EPSG:4326
[1] "MULTIPOLYGON"
Classes ‘sf’ and 'data.frame':	38826 obs. of  32 variables:
 $ WDPAID      : num  68233 68236 68238 68239 68240 ...
 $ WDPA_PID    : Factor w/ 239004 levels "1","10","100",..: 234098 234101 234103 234104 234106 237475 237476 234099 234102 237474 ...
 $ PA_DEF      : Factor w/ 1 level "1": 1 1 1 1 1 1 1 1 1 1 ...
 $ NAME        : Factor w/ 220919 levels " Marais et tourbières des vallées de la Somme et de l’Avre",..: 61061 161101 93887 129921 88775 159069 195039 35628 103449 102827 ...
 $ ORIG_NAME   : Factor w/ 220974 levels " الرشيدية"," নিঝুম দ্বীপ",..: 59585 154584 89125 123968 84495 152558 186993 35159 98359 97740 ...
 $ DESIG       : Factor w/ 1779 levels "§3 Beskyttet Natur (Alle Søer, Moser, Vandløb, Heder, Enge Mv)",..: 1023 1023 1023 1023 1023 1023 1023 1023 1023 1023 ...
 $ DESIG_ENG   : Factor w/ 1447 levels "§3 Protected Habitats (All Lakes, Bogs, Streams, Heaths And Meadows Etc.)",..: 1026 1026 1026 1026 1026 1026 1026 1026 1026 1026 ...
 $ DESIG_TYPE  : Factor w/ 4 levels "International",..: 1 1 1 1 1 1 1 1 1 1 ...
 $ IUCN_CAT    : Factor w/ 10 levels "Ia","Ib","II",..: 8 8 8 8 8 8 8 8 8 8 ...
 $ INT_CRIT    : Factor w/ 222 levels "(i)","(i)(ii)",..: 72 72 170 180 166 2 2 4 69 2 ...
 $ MARINE      : Factor w/ 3 levels "0","1","2": 1 1 1 1 1 1 1 1 1 1 ...
 $ REP_M_AREA  : num  0 0 0 0 0 0 0 0 0 0 ...
 $ GIS_M_AREA  : num  0 0 0 0 0 0 0 0 0 0 ...
 $ REP_AREA    : num  11.55 17.05 3.64 2.97 1.57 ...
 $ GIS_AREA    : num  11.72 17.05 3.63 2.97 1.56 ...
 $ NO_TAKE     : Factor w/ 5 levels "All","None","Not Applicable",..: 3 3 3 3 3 3 3 3 3 3 ...
 $ NO_TK_AREA  : num  0 0 0 0 0 0 0 0 0 0 ...
 $ STATUS      : Factor w/ 4 levels "Adopted","Designated",..: 2 2 2 2 2 2 2 2 2 2 ...
 $ STATUS_YR   : int  1976 1990 1990 1990 1990 2005 2005 1982 2005 2005 ...
 $ GOV_TYPE    : Factor w/ 12 levels "Collaborative governance",..: 10 10 10 10 10 10 10 10 10 10 ...
 $ OWN_TYPE    : Factor w/ 9 levels "Communal","Contested",..: 8 8 8 8 8 8 8 8 8 8 ...
 $ MANG_AUTH   : Factor w/ 5294 levels "\nDirección General de Biodiversidad. Consejería de Sostenibilidad y Transición Ecológica. Gobierno de La Rioja.",..: 3369 3369 3369 3369 3369 3369 3369 3369 3369 3369 ...
 $ MANG_PLAN   : Factor w/ 4018 levels "\nhttp://www.caib.es/eboibfront/es/2015/10279?&p_numero=10279",..: 3902 3902 3902 3902 3908 3902 3902 3902 3927 3927 ...
 $ VERIF       : Factor w/ 3 levels "Expert Verified",..: 3 3 3 3 3 3 3 3 3 3 ...
 $ METADATAID  : int  1856 1856 1856 1856 1856 1856 1856 1856 1856 1856 ...
 $ SUB_LOC     : Factor w/ 2528 levels " US-AZ / US-NV",..: 339 332 330 331 336 340 334 337 333 335 ...
 $ PARENT_ISO3 : Factor w/ 209 levels "ABNJ","AFG","AGO",..: 34 34 34 34 34 34 34 34 34 34 ...
 $ ISO3        : chr  "CHE" "CHE" "CHE" "CHE" ...
 $ Shape_Length: num  0.1862 0.8237 0.1428 0.1195 0.0591 ...
 $ Shape_Area  : num  0.001387 0.002012 0.000435 0.000351 0.000186 ...
 $ geometry    :sfc_MULTIPOLYGON of length 38826; first list element: List of 1
  ..$ :List of 1
  .. ..$ : num [1:364, 1:2] 7.04 7.04 7.04 7.04 7.04 ...
  ..- attr(*, "class")= chr  "XY" "MULTIPOLYGON" "sfg"
 $ PARENT_ISO  : chr  "CHE" "CHE" "CHE" "CHE" ...
 - attr(*, "sf_column")= chr "geometry"
 - attr(*, "agr")= Factor w/ 3 levels "constant","aggregate",..: NA NA NA NA NA NA NA NA NA NA ...
  ..- attr(*, "names")= chr  "WDPAID" "WDPA_PID" "PA_DEF" "NAME" ...
[1] "CHE" "DEU" "GHA" "KOR" "ZAF"
character(0)
character(0)
character(0)
[1] ISO3   nchart
<0 rows> (or 0-length row.names)
[1] 5
1 	 CHE 	 Switzerland 
[1] "/oak/stanford/groups/omramom/group_members/aminaly/mountain_biodiversity/results/files_country_2020/Switzerland.csv"
2 	 DEU 	 Germany 
[1] "/oak/stanford/groups/omramom/group_members/aminaly/mountain_biodiversity/results/files_country_2020/Germany.csv"
3 	 GHA 	 Ghana 
[1] "/oak/stanford/groups/omramom/group_members/aminaly/mountain_biodiversity/results/files_country_2020/Ghana.csv"
4 	 KOR 	 South Korea 
[1] "/oak/stanford/groups/omramom/group_members/aminaly/mountain_biodiversity/results/files_country_2020/South Korea.csv"
5 	 ZAF 	 South Africa 
[1] "/oak/stanford/groups/omramom/group_members/aminaly/mountain_biodiversity/results/files_country_2020/South Africa.csv"
user.self 
 100.7464 
  SitRecID     kba        ovl year random nPAs     percPA ISO     COUNTRY
1     3260 1909131   24734.34 2001  FALSE    1 0.01295581 CHE Switzerland
2     3261 4583806 3010502.76 1991  FALSE    1 0.65676920 CHE Switzerland
3     3261 4583806  104876.70 1996  FALSE    2 0.02287983 CHE Switzerland
4     3261 4583806  157277.95 2007  FALSE    2 0.03431165 CHE Switzerland
5     3262 3678740 2588942.21 1991  FALSE    1 0.70375793 CHE Switzerland
6     3262 3678740   46665.93 1996  FALSE    1 0.01268530 CHE Switzerland
'data.frame':	4323 obs. of  9 variables:
 $ SitRecID: num  3260 3261 3261 3261 3262 ...
 $ kba     : num  1909131 4583806 4583806 4583806 3678740 ...
 $ ovl     : num  24734 3010503 104877 157278 2588942 ...
 $ year    : num  2001 1991 1996 2007 1991 ...
 $ random  : logi  FALSE FALSE FALSE FALSE FALSE FALSE ...
 $ nPAs    : num  1 1 2 2 1 1 1 2 2 1 ...
 $ percPA  : num  0.013 0.6568 0.0229 0.0343 0.7038 ...
 $ ISO     : chr  "CHE" "CHE" "CHE" "CHE" ...
 $ COUNTRY : chr  "Switzerland" "Switzerland" "Switzerland" "Switzerland" ...
[1] 0
